so|baf.so|210|Domain name [01;31mis av[00mailable
so|bah.so|210|Domain name [01;31mis av[00mailable
so|baj.so|210|Domain name [01;31mis av[00mailable
so|bal.so|210|Domain name [01;31mis av[00mailable
so|baq.so|210|Domain name [01;31mis av[00mailable
so|bax.so|210|Domain name [01;31mis av[00mailable
so|bef.so|210|Domain name [01;31mis av[00mailable
so|beg.so|210|Domain name [01;31mis av[00mailable
cc|beh.cc|210|Domain name [01;31mis av[00mailable
so|beh.so|210|Domain name [01;31mis av[00mailable
so|bej.so|210|Domain name [01;31mis av[00mailable
so|bek.so|210|Domain name [01;31mis av[00mailable
so|bem.so|210|Domain name [01;31mis av[00mailable
so|bep.so|210|Domain name [01;31mis av[00mailable
so|beq.so|210|Domain name [01;31mis av[00mailable
so|ber.so|210|Domain name [01;31mis av[00mailable
so|bev.so|210|Domain name [01;31mis av[00mailable
so|bew.so|210|Domain name [01;31mis av[00mailable
so|bex.so|210|Domain name [01;31mis av[00mailable
so|bey.so|210|Domain name [01;31mis av[00mailable
so|bez.so|210|Domain name [01;31mis av[00mailable
so|bic.so|210|Domain name [01;31mis av[00mailable
so|bif.so|210|Domain name [01;31mis av[00mailable
so|bih.so|210|Domain name [01;31mis av[00mailable
cc|bij.cc|210|Domain name [01;31mis av[00mailable
so|bij.so|210|Domain name [01;31mis av[00mailable
so|bik.so|210|Domain name [01;31mis av[00mailable
so|bil.so|210|Domain name [01;31mis av[00mailable
so|biq.so|210|Domain name [01;31mis av[00mailable
so|bir.so|210|Domain name [01;31mis av[00mailable
so|bis.so|210|Domain name [01;31mis av[00mailable
so|biv.so|210|Domain name [01;31mis av[00mailable
so|biw.so|210|Domain name [01;31mis av[00mailable
so|bix.so|210|Domain name [01;31mis av[00mailable
so|biy.so|210|Domain name [01;31mis av[00mailable
so|bod.so|210|Domain name [01;31mis av[00mailable
so|bof.so|210|Domain name [01;31mis av[00mailable
so|bog.so|210|Domain name [01;31mis av[00mailable
cc|boh.cc|210|Domain name [01;31mis av[00mailable
so|boj.so|210|Domain name [01;31mis av[00mailable
so|bom.so|210|Domain name [01;31mis av[00mailable
cc|bor.cc|210|Domain name [01;31mis av[00mailable
so|bor.so|210|Domain name [01;31mis av[00mailable
so|bov.so|210|Domain name [01;31mis av[00mailable
so|boz.so|210|Domain name [01;31mis av[00mailable
so|bub.so|210|Domain name [01;31mis av[00mailable
so|buc.so|210|Domain name [01;31mis av[00mailable
so|buf.so|210|Domain name [01;31mis av[00mailable
cc|buh.cc|210|Domain name [01;31mis av[00mailable
so|buh.so|210|Domain name [01;31mis av[00mailable
cc|buj.cc|210|Domain name [01;31mis av[00mailable
so|buj.so|210|Domain name [01;31mis av[00mailable
so|bul.so|210|Domain name [01;31mis av[00mailable
so|bup.so|210|Domain name [01;31mis av[00mailable
cc|buq.cc|210|Domain name [01;31mis av[00mailable
so|buq.so|210|Domain name [01;31mis av[00mailable
so|bur.so|210|Domain name [01;31mis av[00mailable
cc|buv.cc|210|Domain name [01;31mis av[00mailable
so|buv.so|210|Domain name [01;31mis av[00mailable
so|buw.so|210|Domain name [01;31mis av[00mailable
so|caf.so|210|Domain name [01;31mis av[00mailable
so|cag.so|210|Domain name [01;31mis av[00mailable
cc|cah.cc|210|Domain name [01;31mis av[00mailable
so|cah.so|210|Domain name [01;31mis av[00mailable
so|caj.so|210|Domain name [01;31mis av[00mailable
so|cak.so|210|Domain name [01;31mis av[00mailable
so|cap.so|210|Domain name [01;31mis av[00mailable
so|caq.so|210|Domain name [01;31mis av[00mailable
so|cav.so|210|Domain name [01;31mis av[00mailable
so|caw.so|210|Domain name [01;31mis av[00mailable
so|cax.so|210|Domain name [01;31mis av[00mailable
so|cay.so|210|Domain name [01;31mis av[00mailable
so|ceb.so|210|Domain name [01;31mis av[00mailable
so|cef.so|210|Domain name [01;31mis av[00mailable
so|ceh.so|210|Domain name [01;31mis av[00mailable
so|cej.so|210|Domain name [01;31mis av[00mailable
so|cek.so|210|Domain name [01;31mis av[00mailable
cc|cel.cc|210|Domain name [01;31mis av[00mailable
so|cem.so|210|Domain name [01;31mis av[00mailable
so|cep.so|210|Domain name [01;31mis av[00mailable
so|ceq.so|210|Domain name [01;31mis av[00mailable
so|cer.so|210|Domain name [01;31mis av[00mailable
so|ces.so|210|Domain name [01;31mis av[00mailable
so|cev.so|210|Domain name [01;31mis av[00mailable
so|cew.so|210|Domain name [01;31mis av[00mailable
so|cex.so|210|Domain name [01;31mis av[00mailable
cc|cey.cc|210|Domain name [01;31mis av[00mailable
so|cey.so|210|Domain name [01;31mis av[00mailable
me|cey.me|210|Domain name [01;31mis av[00mailable
so|cez.so|210|Domain name [01;31mis av[00mailable
so|cih.so|210|Domain name [01;31mis av[00mailable
cc|cij.cc|210|Domain name [01;31mis av[00mailable
so|cij.so|210|Domain name [01;31mis av[00mailable
so|cik.so|210|Domain name [01;31mis av[00mailable
so|cim.so|210|Domain name [01;31mis av[00mailable
so|ciq.so|210|Domain name [01;31mis av[00mailable
so|cir.so|210|Domain name [01;31mis av[00mailable
so|ciw.so|210|Domain name [01;31mis av[00mailable
so|cix.so|210|Domain name [01;31mis av[00mailable
so|ciy.so|210|Domain name [01;31mis av[00mailable
cc|ciz.cc|210|Domain name [01;31mis av[00mailable
so|ciz.so|210|Domain name [01;31mis av[00mailable
so|cof.so|210|Domain name [01;31mis av[00mailable
cc|coh.cc|210|Domain name [01;31mis av[00mailable
so|coh.so|210|Domain name [01;31mis av[00mailable
cc|coj.cc|210|Domain name [01;31mis av[00mailable
so|coj.so|210|Domain name [01;31mis av[00mailable
so|cok.so|210|Domain name [01;31mis av[00mailable
so|col.so|210|Domain name [01;31mis av[00mailable
so|coq.so|210|Domain name [01;31mis av[00mailable
so|cov.so|210|Domain name [01;31mis av[00mailable
so|cox.so|210|Domain name [01;31mis av[00mailable
so|coy.so|210|Domain name [01;31mis av[00mailable
so|cuc.so|210|Domain name [01;31mis av[00mailable
so|cud.so|210|Domain name [01;31mis av[00mailable
cc|cuf.cc|210|Domain name [01;31mis av[00mailable
so|cuf.so|210|Domain name [01;31mis av[00mailable
so|cuh.so|210|Domain name [01;31mis av[00mailable
me|cuh.me|210|Domain name [01;31mis av[00mailable
cc|cuj.cc|210|Domain name [01;31mis av[00mailable
so|cuj.so|210|Domain name [01;31mis av[00mailable
so|cul.so|210|Domain name [01;31mis av[00mailable
cc|cuq.cc|210|Domain name [01;31mis av[00mailable
so|cuq.so|210|Domain name [01;31mis av[00mailable
me|cuq.me|210|Domain name [01;31mis av[00mailable
so|cuv.so|210|Domain name [01;31mis av[00mailable
so|cuw.so|210|Domain name [01;31mis av[00mailable
so|cux.so|210|Domain name [01;31mis av[00mailable
so|cuy.so|210|Domain name [01;31mis av[00mailable
so|dac.so|210|Domain name [01;31mis av[00mailable
so|daf.so|210|Domain name [01;31mis av[00mailable
so|dag.so|210|Domain name [01;31mis av[00mailable
cc|dah.cc|210|Domain name [01;31mis av[00mailable
so|dah.so|210|Domain name [01;31mis av[00mailable
so|daj.so|210|Domain name [01;31mis av[00mailable
so|dak.so|210|Domain name [01;31mis av[00mailable
so|dap.so|210|Domain name [01;31mis av[00mailable
so|daq.so|210|Domain name [01;31mis av[00mailable
me|daq.me|210|Domain name [01;31mis av[00mailable
so|daz.so|210|Domain name [01;31mis av[00mailable
so|deb.so|210|Domain name [01;31mis av[00mailable
so|ded.so|210|Domain name [01;31mis av[00mailable
so|def.so|210|Domain name [01;31mis av[00mailable
so|deh.so|210|Domain name [01;31mis av[00mailable
cc|dej.cc|210|Domain name [01;31mis av[00mailable
so|dej.so|210|Domain name [01;31mis av[00mailable
so|dek.so|210|Domain name [01;31mis av[00mailable
so|dep.so|210|Domain name [01;31mis av[00mailable
cc|deq.cc|210|Domain name [01;31mis av[00mailable
so|deq.so|210|Domain name [01;31mis av[00mailable
so|der.so|210|Domain name [01;31mis av[00mailable
so|des.so|210|Domain name [01;31mis av[00mailable
so|det.so|210|Domain name [01;31mis av[00mailable
so|dew.so|210|Domain name [01;31mis av[00mailable
so|dex.so|210|Domain name [01;31mis av[00mailable
so|dey.so|210|Domain name [01;31mis av[00mailable
so|dez.so|210|Domain name [01;31mis av[00mailable
so|dic.so|210|Domain name [01;31mis av[00mailable
so|dih.so|210|Domain name [01;31mis av[00mailable
so|dij.so|210|Domain name [01;31mis av[00mailable
so|dik.so|210|Domain name [01;31mis av[00mailable
so|dim.so|210|Domain name [01;31mis av[00mailable
cc|diq.cc|210|Domain name [01;31mis av[00mailable
so|diq.so|210|Domain name [01;31mis av[00mailable
so|diw.so|210|Domain name [01;31mis av[00mailable
so|dix.so|210|Domain name [01;31mis av[00mailable
cc|diz.cc|210|Domain name [01;31mis av[00mailable
so|dod.so|210|Domain name [01;31mis av[00mailable
cc|doh.cc|210|Domain name [01;31mis av[00mailable
so|doj.so|210|Domain name [01;31mis av[00mailable
so|dok.so|210|Domain name [01;31mis av[00mailable
so|dol.so|210|Domain name [01;31mis av[00mailable
so|doq.so|210|Domain name [01;31mis av[00mailable
so|dor.so|210|Domain name [01;31mis av[00mailable
so|dov.so|210|Domain name [01;31mis av[00mailable
so|dow.so|210|Domain name [01;31mis av[00mailable
so|dox.so|210|Domain name [01;31mis av[00mailable
so|doy.so|210|Domain name [01;31mis av[00mailable
so|doz.so|210|Domain name [01;31mis av[00mailable
so|dud.so|210|Domain name [01;31mis av[00mailable
so|duf.so|210|Domain name [01;31mis av[00mailable
so|dug.so|210|Domain name [01;31mis av[00mailable
so|duh.so|210|Domain name [01;31mis av[00mailable
cc|duj.cc|210|Domain name [01;31mis av[00mailable
so|duj.so|210|Domain name [01;31mis av[00mailable
me|duj.me|210|Domain name [01;31mis av[00mailable
so|duk.so|210|Domain name [01;31mis av[00mailable
so|dul.so|210|Domain name [01;31mis av[00mailable
so|dup.so|210|Domain name [01;31mis av[00mailable
cc|duq.cc|210|Domain name [01;31mis av[00mailable
so|duq.so|210|Domain name [01;31mis av[00mailable
me|duq.me|210|Domain name [01;31mis av[00mailable
so|dus.so|210|Domain name [01;31mis av[00mailable
so|dut.so|210|Domain name [01;31mis av[00mailable
so|duv.so|210|Domain name [01;31mis av[00mailable
so|duw.so|210|Domain name [01;31mis av[00mailable
so|duy.so|210|Domain name [01;31mis av[00mailable
so|duz.so|210|Domain name [01;31mis av[00mailable
so|fac.so|210|Domain name [01;31mis av[00mailable
so|fah.so|210|Domain name [01;31mis av[00mailable
so|faj.so|210|Domain name [01;31mis av[00mailable
me|faj.me|210|Domain name [01;31mis av[00mailable
so|fak.so|210|Domain name [01;31mis av[00mailable
so|fay.so|210|Domain name [01;31mis av[00mailable
so|faz.so|210|Domain name [01;31mis av[00mailable
so|feb.so|210|Domain name [01;31mis av[00mailable
so|fec.so|210|Domain name [01;31mis av[00mailable
so|fef.so|210|Domain name [01;31mis av[00mailable
so|feg.so|210|Domain name [01;31mis av[00mailable
so|feh.so|210|Domain name [01;31mis av[00mailable
cc|fej.cc|210|Domain name [01;31mis av[00mailable
so|fej.so|210|Domain name [01;31mis av[00mailable
cc|fek.cc|210|Domain name [01;31mis av[00mailable
so|fek.so|210|Domain name [01;31mis av[00mailable
so|fel.so|210|Domain name [01;31mis av[00mailable
so|fem.so|210|Domain name [01;31mis av[00mailable
so|fep.so|210|Domain name [01;31mis av[00mailable
cc|feq.cc|210|Domain name [01;31mis av[00mailable
so|feq.so|210|Domain name [01;31mis av[00mailable
so|fes.so|210|Domain name [01;31mis av[00mailable
so|fet.so|210|Domain name [01;31mis av[00mailable
cc|fev.cc|210|Domain name [01;31mis av[00mailable
so|fev.so|210|Domain name [01;31mis av[00mailable
so|fex.so|210|Domain name [01;31mis av[00mailable
so|fey.so|210|Domain name [01;31mis av[00mailable
so|fez.so|210|Domain name [01;31mis av[00mailable
so|fib.so|210|Domain name [01;31mis av[00mailable
so|fic.so|210|Domain name [01;31mis av[00mailable
so|fid.so|210|Domain name [01;31mis av[00mailable
so|fif.so|210|Domain name [01;31mis av[00mailable
cc|fih.cc|210|Domain name [01;31mis av[00mailable
so|fih.so|210|Domain name [01;31mis av[00mailable
me|fih.me|210|Domain name [01;31mis av[00mailable
so|fij.so|210|Domain name [01;31mis av[00mailable
me|fij.me|210|Domain name [01;31mis av[00mailable
so|fik.so|210|Domain name [01;31mis av[00mailable
so|fim.so|210|Domain name [01;31mis av[00mailable
cc|fip.cc|210|Domain name [01;31mis av[00mailable
so|fip.so|210|Domain name [01;31mis av[00mailable
cc|fiq.cc|210|Domain name [01;31mis av[00mailable
so|fiq.so|210|Domain name [01;31mis av[00mailable
so|fir.so|210|Domain name [01;31mis av[00mailable
cc|fiv.cc|210|Domain name [01;31mis av[00mailable
so|fiv.so|210|Domain name [01;31mis av[00mailable
cc|fiw.cc|210|Domain name [01;31mis av[00mailable
so|fiw.so|210|Domain name [01;31mis av[00mailable
me|fiw.me|210|Domain name [01;31mis av[00mailable
so|fiy.so|210|Domain name [01;31mis av[00mailable
so|fiz.so|210|Domain name [01;31mis av[00mailable
so|foc.so|210|Domain name [01;31mis av[00mailable
so|fod.so|210|Domain name [01;31mis av[00mailable
so|fof.so|210|Domain name [01;31mis av[00mailable
so|foh.so|210|Domain name [01;31mis av[00mailable
so|foj.so|210|Domain name [01;31mis av[00mailable
me|foj.me|210|Domain name [01;31mis av[00mailable
so|fol.so|210|Domain name [01;31mis av[00mailable
so|fom.so|210|Domain name [01;31mis av[00mailable
so|fop.so|210|Domain name [01;31mis av[00mailable
cc|foq.cc|210|Domain name [01;31mis av[00mailable
so|foq.so|210|Domain name [01;31mis av[00mailable
so|fot.so|210|Domain name [01;31mis av[00mailable
so|fov.so|210|Domain name [01;31mis av[00mailable
so|fow.so|210|Domain name [01;31mis av[00mailable
cc|foy.cc|210|Domain name [01;31mis av[00mailable
so|foy.so|210|Domain name [01;31mis av[00mailable
so|foz.so|210|Domain name [01;31mis av[00mailable
so|fub.so|210|Domain name [01;31mis av[00mailable
so|fuc.so|210|Domain name [01;31mis av[00mailable
so|fud.so|210|Domain name [01;31mis av[00mailable
so|fuf.so|210|Domain name [01;31mis av[00mailable
cc|fug.cc|210|Domain name [01;31mis av[00mailable
so|fuh.so|210|Domain name [01;31mis av[00mailable
so|fuj.so|210|Domain name [01;31mis av[00mailable
so|fuk.so|210|Domain name [01;31mis av[00mailable
so|ful.so|210|Domain name [01;31mis av[00mailable
cc|fum.cc|210|Domain name [01;31mis av[00mailable
so|fum.so|210|Domain name [01;31mis av[00mailable
so|fup.so|210|Domain name [01;31mis av[00mailable
so|fus.so|210|Domain name [01;31mis av[00mailable
so|fut.so|210|Domain name [01;31mis av[00mailable
so|fuv.so|210|Domain name [01;31mis av[00mailable
so|fuw.so|210|Domain name [01;31mis av[00mailable
me|fuw.me|210|Domain name [01;31mis av[00mailable
so|fux.so|210|Domain name [01;31mis av[00mailable
cc|fuy.cc|210|Domain name [01;31mis av[00mailable
so|fuy.so|210|Domain name [01;31mis av[00mailable
me|fuy.me|210|Domain name [01;31mis av[00mailable
so|fuz.so|210|Domain name [01;31mis av[00mailable
so|gab.so|210|Domain name [01;31mis av[00mailable
so|gaf.so|210|Domain name [01;31mis av[00mailable
cc|gah.cc|210|Domain name [01;31mis av[00mailable
so|gah.so|210|Domain name [01;31mis av[00mailable
so|gaj.so|210|Domain name [01;31mis av[00mailable
so|gak.so|210|Domain name [01;31mis av[00mailable
so|gam.so|210|Domain name [01;31mis av[00mailable
cc|gaq.cc|210|Domain name [01;31mis av[00mailable
so|gaq.so|210|Domain name [01;31mis av[00mailable
me|gaq.me|210|Domain name [01;31mis av[00mailable
so|gar.so|210|Domain name [01;31mis av[00mailable
so|gav.so|210|Domain name [01;31mis av[00mailable
so|gax.so|210|Domain name [01;31mis av[00mailable
so|gaz.so|210|Domain name [01;31mis av[00mailable
so|geb.so|210|Domain name [01;31mis av[00mailable
so|gec.so|210|Domain name [01;31mis av[00mailable
so|ged.so|210|Domain name [01;31mis av[00mailable
so|gef.so|210|Domain name [01;31mis av[00mailable
so|gej.so|210|Domain name [01;31mis av[00mailable
so|gek.so|210|Domain name [01;31mis av[00mailable
so|gep.so|210|Domain name [01;31mis av[00mailable
cc|geq.cc|210|Domain name [01;31mis av[00mailable
so|geq.so|210|Domain name [01;31mis av[00mailable
me|geq.me|210|Domain name [01;31mis av[00mailable
so|ger.so|210|Domain name [01;31mis av[00mailable
cc|gev.cc|210|Domain name [01;31mis av[00mailable
cc|gew.cc|210|Domain name [01;31mis av[00mailable
so|gew.so|210|Domain name [01;31mis av[00mailable
so|gex.so|210|Domain name [01;31mis av[00mailable
so|gey.so|210|Domain name [01;31mis av[00mailable
so|gez.so|210|Domain name [01;31mis av[00mailable
so|gic.so|210|Domain name [01;31mis av[00mailable
so|gid.so|210|Domain name [01;31mis av[00mailable
so|gih.so|210|Domain name [01;31mis av[00mailable
cc|gij.cc|210|Domain name [01;31mis av[00mailable
so|gij.so|210|Domain name [01;31mis av[00mailable
me|gij.me|210|Domain name [01;31mis av[00mailable
cc|gik.cc|210|Domain name [01;31mis av[00mailable
so|gik.so|210|Domain name [01;31mis av[00mailable
so|gil.so|210|Domain name [01;31mis av[00mailable
cc|giq.cc|210|Domain name [01;31mis av[00mailable
so|giq.so|210|Domain name [01;31mis av[00mailable
me|giq.me|210|Domain name [01;31mis av[00mailable
so|gir.so|210|Domain name [01;31mis av[00mailable
so|giv.so|210|Domain name [01;31mis av[00mailable
cc|giw.cc|210|Domain name [01;31mis av[00mailable
so|giw.so|210|Domain name [01;31mis av[00mailable
so|gix.so|210|Domain name [01;31mis av[00mailable
cc|giy.cc|210|Domain name [01;31mis av[00mailable
so|giy.so|210|Domain name [01;31mis av[00mailable
so|giz.so|210|Domain name [01;31mis av[00mailable
so|goc.so|210|Domain name [01;31mis av[00mailable
so|gof.so|210|Domain name [01;31mis av[00mailable
so|goh.so|210|Domain name [01;31mis av[00mailable
cc|goj.cc|210|Domain name [01;31mis av[00mailable
so|goj.so|210|Domain name [01;31mis av[00mailable
me|goj.me|210|Domain name [01;31mis av[00mailable
so|gop.so|210|Domain name [01;31mis av[00mailable
cc|goq.cc|210|Domain name [01;31mis av[00mailable
so|goq.so|210|Domain name [01;31mis av[00mailable
so|gor.so|210|Domain name [01;31mis av[00mailable
cc|gos.cc|210|Domain name [01;31mis av[00mailable
so|gox.so|210|Domain name [01;31mis av[00mailable
so|goz.so|210|Domain name [01;31mis av[00mailable
so|gub.so|210|Domain name [01;31mis av[00mailable
so|guc.so|210|Domain name [01;31mis av[00mailable
cc|guf.cc|210|Domain name [01;31mis av[00mailable
so|guf.so|210|Domain name [01;31mis av[00mailable
so|guh.so|210|Domain name [01;31mis av[00mailable
so|guj.so|210|Domain name [01;31mis av[00mailable
so|guk.so|210|Domain name [01;31mis av[00mailable
cc|gul.cc|210|Domain name [01;31mis av[00mailable
so|gul.so|210|Domain name [01;31mis av[00mailable
so|gum.so|210|Domain name [01;31mis av[00mailable
so|gup.so|210|Domain name [01;31mis av[00mailable
cc|guq.cc|210|Domain name [01;31mis av[00mailable
so|guq.so|210|Domain name [01;31mis av[00mailable
me|guq.me|210|Domain name [01;31mis av[00mailable
so|gur.so|210|Domain name [01;31mis av[00mailable
cc|guv.cc|210|Domain name [01;31mis av[00mailable
so|guv.so|210|Domain name [01;31mis av[00mailable
so|guw.so|210|Domain name [01;31mis av[00mailable
me|guw.me|210|Domain name [01;31mis av[00mailable
cc|gux.cc|210|Domain name [01;31mis av[00mailable
so|gux.so|210|Domain name [01;31mis av[00mailable
so|guz.so|210|Domain name [01;31mis av[00mailable
so|hab.so|210|Domain name [01;31mis av[00mailable
so|hac.so|210|Domain name [01;31mis av[00mailable
so|haf.so|210|Domain name [01;31mis av[00mailable
so|hag.so|210|Domain name [01;31mis av[00mailable
so|hah.so|210|Domain name [01;31mis av[00mailable
so|hak.so|210|Domain name [01;31mis av[00mailable
so|ham.so|210|Domain name [01;31mis av[00mailable
so|hap.so|210|Domain name [01;31mis av[00mailable
so|haq.so|210|Domain name [01;31mis av[00mailable
so|har.so|210|Domain name [01;31mis av[00mailable
so|hav.so|210|Domain name [01;31mis av[00mailable
so|haw.so|210|Domain name [01;31mis av[00mailable
so|haz.so|210|Domain name [01;31mis av[00mailable
so|hed.so|210|Domain name [01;31mis av[00mailable
so|hef.so|210|Domain name [01;31mis av[00mailable
so|heg.so|210|Domain name [01;31mis av[00mailable
so|hej.so|210|Domain name [01;31mis av[00mailable
so|hek.so|210|Domain name [01;31mis av[00mailable
so|hep.so|210|Domain name [01;31mis av[00mailable
cc|heq.cc|210|Domain name [01;31mis av[00mailable
so|heq.so|210|Domain name [01;31mis av[00mailable
cc|hev.cc|210|Domain name [01;31mis av[00mailable
so|hev.so|210|Domain name [01;31mis av[00mailable
so|hew.so|210|Domain name [01;31mis av[00mailable
so|hez.so|210|Domain name [01;31mis av[00mailable
so|hib.so|210|Domain name [01;31mis av[00mailable
cc|hif.cc|210|Domain name [01;31mis av[00mailable
so|hif.so|210|Domain name [01;31mis av[00mailable
so|hig.so|210|Domain name [01;31mis av[00mailable
so|hij.so|210|Domain name [01;31mis av[00mailable
so|hil.so|210|Domain name [01;31mis av[00mailable
so|him.so|210|Domain name [01;31mis av[00mailable
so|hiq.so|210|Domain name [01;31mis av[00mailable
so|hir.so|210|Domain name [01;31mis av[00mailable
so|hiw.so|210|Domain name [01;31mis av[00mailable
so|hix.so|210|Domain name [01;31mis av[00mailable
so|hiy.so|210|Domain name [01;31mis av[00mailable
me|hiy.me|210|Domain name [01;31mis av[00mailable
so|hiz.so|210|Domain name [01;31mis av[00mailable
so|hoc.so|210|Domain name [01;31mis av[00mailable
so|hod.so|210|Domain name [01;31mis av[00mailable
so|hof.so|210|Domain name [01;31mis av[00mailable
so|hog.so|210|Domain name [01;31mis av[00mailable
so|hoj.so|210|Domain name [01;31mis av[00mailable
so|hok.so|210|Domain name [01;31mis av[00mailable
so|hol.so|210|Domain name [01;31mis av[00mailable
so|hop.so|210|Domain name [01;31mis av[00mailable
cc|hoq.cc|210|Domain name [01;31mis av[00mailable
so|hoq.so|210|Domain name [01;31mis av[00mailable
me|hoq.me|210|Domain name [01;31mis av[00mailable
so|hor.so|210|Domain name [01;31mis av[00mailable
so|hov.so|210|Domain name [01;31mis av[00mailable
so|hoz.so|210|Domain name [01;31mis av[00mailable
so|huc.so|210|Domain name [01;31mis av[00mailable
so|hud.so|210|Domain name [01;31mis av[00mailable
so|huf.so|210|Domain name [01;31mis av[00mailable
so|huh.so|210|Domain name [01;31mis av[00mailable
cc|huj.cc|210|Domain name [01;31mis av[00mailable
so|huk.so|210|Domain name [01;31mis av[00mailable
cc|hul.cc|210|Domain name [01;31mis av[00mailable
so|hul.so|210|Domain name [01;31mis av[00mailable
so|hup.so|210|Domain name [01;31mis av[00mailable
cc|huq.cc|210|Domain name [01;31mis av[00mailable
so|huq.so|210|Domain name [01;31mis av[00mailable
so|huv.so|210|Domain name [01;31mis av[00mailable
so|huw.so|210|Domain name [01;31mis av[00mailable
so|hux.so|210|Domain name [01;31mis av[00mailable
so|huy.so|210|Domain name [01;31mis av[00mailable
so|huz.so|210|Domain name [01;31mis av[00mailable
so|jab.so|210|Domain name [01;31mis av[00mailable
so|jag.so|210|Domain name [01;31mis av[00mailable
so|jah.so|210|Domain name [01;31mis av[00mailable
so|jaj.so|210|Domain name [01;31mis av[00mailable
so|jak.so|210|Domain name [01;31mis av[00mailable
so|jal.so|210|Domain name [01;31mis av[00mailable
so|jap.so|210|Domain name [01;31mis av[00mailable
so|jaq.so|210|Domain name [01;31mis av[00mailable
so|jat.so|210|Domain name [01;31mis av[00mailable
so|jaw.so|210|Domain name [01;31mis av[00mailable
so|jax.so|210|Domain name [01;31mis av[00mailable
so|jay.so|210|Domain name [01;31mis av[00mailable
so|jaz.so|210|Domain name [01;31mis av[00mailable
so|jeb.so|210|Domain name [01;31mis av[00mailable
so|jed.so|210|Domain name [01;31mis av[00mailable
so|jef.so|210|Domain name [01;31mis av[00mailable
cc|jeg.cc|210|Domain name [01;31mis av[00mailable
so|jeg.so|210|Domain name [01;31mis av[00mailable
cc|jeh.cc|210|Domain name [01;31mis av[00mailable
so|jeh.so|210|Domain name [01;31mis av[00mailable
so|jej.so|210|Domain name [01;31mis av[00mailable
so|jek.so|210|Domain name [01;31mis av[00mailable
so|jel.so|210|Domain name [01;31mis av[00mailable
so|jep.so|210|Domain name [01;31mis av[00mailable
cc|jeq.cc|210|Domain name [01;31mis av[00mailable
so|jeq.so|210|Domain name [01;31mis av[00mailable
me|jeq.me|210|Domain name [01;31mis av[00mailable
so|jes.so|210|Domain name [01;31mis av[00mailable
so|jev.so|210|Domain name [01;31mis av[00mailable
so|jew.so|210|Domain name [01;31mis av[00mailable
so|jex.so|210|Domain name [01;31mis av[00mailable
so|jey.so|210|Domain name [01;31mis av[00mailable
so|jez.so|210|Domain name [01;31mis av[00mailable
so|jic.so|210|Domain name [01;31mis av[00mailable
so|jid.so|210|Domain name [01;31mis av[00mailable
so|jif.so|210|Domain name [01;31mis av[00mailable
cc|jih.cc|210|Domain name [01;31mis av[00mailable
so|jih.so|210|Domain name [01;31mis av[00mailable
me|jih.me|210|Domain name [01;31mis av[00mailable
so|jij.so|210|Domain name [01;31mis av[00mailable
so|jik.so|210|Domain name [01;31mis av[00mailable
so|jiq.so|210|Domain name [01;31mis av[00mailable
so|jir.so|210|Domain name [01;31mis av[00mailable
me|jir.me|210|Domain name [01;31mis av[00mailable
so|jit.so|210|Domain name [01;31mis av[00mailable
so|jiv.so|210|Domain name [01;31mis av[00mailable
cc|jiw.cc|210|Domain name [01;31mis av[00mailable
so|jiw.so|210|Domain name [01;31mis av[00mailable
me|jiw.me|210|Domain name [01;31mis av[00mailable
so|jix.so|210|Domain name [01;31mis av[00mailable
so|jiy.so|210|Domain name [01;31mis av[00mailable
me|jiy.me|210|Domain name [01;31mis av[00mailable
so|jiz.so|210|Domain name [01;31mis av[00mailable
so|joc.so|210|Domain name [01;31mis av[00mailable
so|jod.so|210|Domain name [01;31mis av[00mailable
so|jof.so|210|Domain name [01;31mis av[00mailable
so|jog.so|210|Domain name [01;31mis av[00mailable
so|joh.so|210|Domain name [01;31mis av[00mailable
so|joj.so|210|Domain name [01;31mis av[00mailable
so|jol.so|210|Domain name [01;31mis av[00mailable
cc|jom.cc|210|Domain name [01;31mis av[00mailable
so|joq.so|210|Domain name [01;31mis av[00mailable
so|jor.so|210|Domain name [01;31mis av[00mailable
so|jos.so|210|Domain name [01;31mis av[00mailable
so|jov.so|210|Domain name [01;31mis av[00mailable
so|jox.so|210|Domain name [01;31mis av[00mailable
so|joz.so|210|Domain name [01;31mis av[00mailable
so|jub.so|210|Domain name [01;31mis av[00mailable
cc|juc.cc|210|Domain name [01;31mis av[00mailable
so|juc.so|210|Domain name [01;31mis av[00mailable
me|juc.me|210|Domain name [01;31mis av[00mailable
cc|jud.cc|210|Domain name [01;31mis av[00mailable
so|juf.so|210|Domain name [01;31mis av[00mailable
so|jug.so|210|Domain name [01;31mis av[00mailable
cc|juh.cc|210|Domain name [01;31mis av[00mailable
so|juh.so|210|Domain name [01;31mis av[00mailable
cc|juj.cc|210|Domain name [01;31mis av[00mailable
so|juj.so|210|Domain name [01;31mis av[00mailable
cc|juk.cc|210|Domain name [01;31mis av[00mailable
so|juk.so|210|Domain name [01;31mis av[00mailable
so|jul.so|210|Domain name [01;31mis av[00mailable
so|jup.so|210|Domain name [01;31mis av[00mailable
so|juq.so|210|Domain name [01;31mis av[00mailable
me|juq.me|210|Domain name [01;31mis av[00mailable
so|jur.so|210|Domain name [01;31mis av[00mailable
so|juv.so|210|Domain name [01;31mis av[00mailable
cc|juw.cc|210|Domain name [01;31mis av[00mailable
so|juw.so|210|Domain name [01;31mis av[00mailable
so|jux.so|210|Domain name [01;31mis av[00mailable
so|juy.so|210|Domain name [01;31mis av[00mailable
me|juy.me|210|Domain name [01;31mis av[00mailable
so|juz.so|210|Domain name [01;31mis av[00mailable
so|kab.so|210|Domain name [01;31mis av[00mailable
cc|kac.cc|210|Domain name [01;31mis av[00mailable
so|kac.so|210|Domain name [01;31mis av[00mailable
so|kaf.so|210|Domain name [01;31mis av[00mailable
so|kag.so|210|Domain name [01;31mis av[00mailable
cc|kah.cc|210|Domain name [01;31mis av[00mailable
so|kah.so|210|Domain name [01;31mis av[00mailable
cc|kaj.cc|210|Domain name [01;31mis av[00mailable
so|kaj.so|210|Domain name [01;31mis av[00mailable
so|kak.so|210|Domain name [01;31mis av[00mailable
so|kam.so|210|Domain name [01;31mis av[00mailable
so|kap.so|210|Domain name [01;31mis av[00mailable
cc|kaq.cc|210|Domain name [01;31mis av[00mailable
so|kaq.so|210|Domain name [01;31mis av[00mailable
me|kaq.me|210|Domain name [01;31mis av[00mailable
so|kar.so|210|Domain name [01;31mis av[00mailable
so|kav.so|210|Domain name [01;31mis av[00mailable
so|kaw.so|210|Domain name [01;31mis av[00mailable
so|kax.so|210|Domain name [01;31mis av[00mailable
so|kec.so|210|Domain name [01;31mis av[00mailable
cc|ked.cc|210|Domain name [01;31mis av[00mailable
so|ked.so|210|Domain name [01;31mis av[00mailable
so|kef.so|210|Domain name [01;31mis av[00mailable
so|keg.so|210|Domain name [01;31mis av[00mailable
so|keh.so|210|Domain name [01;31mis av[00mailable
cc|kej.cc|210|Domain name [01;31mis av[00mailable
so|kej.so|210|Domain name [01;31mis av[00mailable
so|kek.so|210|Domain name [01;31mis av[00mailable
cc|keq.cc|210|Domain name [01;31mis av[00mailable
so|keq.so|210|Domain name [01;31mis av[00mailable
me|keq.me|210|Domain name [01;31mis av[00mailable
so|ker.so|210|Domain name [01;31mis av[00mailable
so|kes.so|210|Domain name [01;31mis av[00mailable
so|kex.so|210|Domain name [01;31mis av[00mailable
so|kez.so|210|Domain name [01;31mis av[00mailable
cc|kib.cc|210|Domain name [01;31mis av[00mailable
so|kib.so|210|Domain name [01;31mis av[00mailable
so|kic.so|210|Domain name [01;31mis av[00mailable
so|kif.so|210|Domain name [01;31mis av[00mailable
so|kig.so|210|Domain name [01;31mis av[00mailable
so|kih.so|210|Domain name [01;31mis av[00mailable
cc|kij.cc|210|Domain name [01;31mis av[00mailable
so|kij.so|210|Domain name [01;31mis av[00mailable
so|kil.so|210|Domain name [01;31mis av[00mailable
so|kiq.so|210|Domain name [01;31mis av[00mailable
so|kiv.so|210|Domain name [01;31mis av[00mailable
so|kiw.so|210|Domain name [01;31mis av[00mailable
so|kix.so|210|Domain name [01;31mis av[00mailable
cc|kiy.cc|210|Domain name [01;31mis av[00mailable
so|kiy.so|210|Domain name [01;31mis av[00mailable
so|kiz.so|210|Domain name [01;31mis av[00mailable
so|kob.so|210|Domain name [01;31mis av[00mailable
so|koc.so|210|Domain name [01;31mis av[00mailable
so|kof.so|210|Domain name [01;31mis av[00mailable
so|kog.so|210|Domain name [01;31mis av[00mailable
so|koh.so|210|Domain name [01;31mis av[00mailable
cc|koj.cc|210|Domain name [01;31mis av[00mailable
so|koj.so|210|Domain name [01;31mis av[00mailable
so|kom.so|210|Domain name [01;31mis av[00mailable
so|kop.so|210|Domain name [01;31mis av[00mailable
so|koq.so|210|Domain name [01;31mis av[00mailable
me|koq.me|210|Domain name [01;31mis av[00mailable
so|kos.so|210|Domain name [01;31mis av[00mailable
so|kov.so|210|Domain name [01;31mis av[00mailable
so|kow.so|210|Domain name [01;31mis av[00mailable
me|kow.me|210|Domain name [01;31mis av[00mailable
so|kox.so|210|Domain name [01;31mis av[00mailable
so|koy.so|210|Domain name [01;31mis av[00mailable
so|koz.so|210|Domain name [01;31mis av[00mailable
so|kub.so|210|Domain name [01;31mis av[00mailable
so|kuc.so|210|Domain name [01;31mis av[00mailable
so|kuf.so|210|Domain name [01;31mis av[00mailable
so|kuh.so|210|Domain name [01;31mis av[00mailable
so|kuj.so|210|Domain name [01;31mis av[00mailable
me|kuj.me|210|Domain name [01;31mis av[00mailable
so|kuk.so|210|Domain name [01;31mis av[00mailable
so|kul.so|210|Domain name [01;31mis av[00mailable
so|kup.so|210|Domain name [01;31mis av[00mailable
so|kuq.so|210|Domain name [01;31mis av[00mailable
so|kur.so|210|Domain name [01;31mis av[00mailable
so|kut.so|210|Domain name [01;31mis av[00mailable
so|kuv.so|210|Domain name [01;31mis av[00mailable
so|kuw.so|210|Domain name [01;31mis av[00mailable
so|kux.so|210|Domain name [01;31mis av[00mailable
me|kux.me|210|Domain name [01;31mis av[00mailable
so|kuz.so|210|Domain name [01;31mis av[00mailable
so|lac.so|210|Domain name [01;31mis av[00mailable
so|lad.so|210|Domain name [01;31mis av[00mailable
so|lag.so|210|Domain name [01;31mis av[00mailable
so|laj.so|210|Domain name [01;31mis av[00mailable
so|lak.so|210|Domain name [01;31mis av[00mailable
me|laq.me|210|Domain name [01;31mis av[00mailable
cc|lar.cc|210|Domain name [01;31mis av[00mailable
so|lar.so|210|Domain name [01;31mis av[00mailable
so|lat.so|210|Domain name [01;31mis av[00mailable
so|lax.so|210|Domain name [01;31mis av[00mailable
so|lay.so|210|Domain name [01;31mis av[00mailable
so|laz.so|210|Domain name [01;31mis av[00mailable
so|lec.so|210|Domain name [01;31mis av[00mailable
so|lef.so|210|Domain name [01;31mis av[00mailable
so|leh.so|210|Domain name [01;31mis av[00mailable
cc|lej.cc|210|Domain name [01;31mis av[00mailable
so|lej.so|210|Domain name [01;31mis av[00mailable
so|lek.so|210|Domain name [01;31mis av[00mailable
so|lel.so|210|Domain name [01;31mis av[00mailable
so|lem.so|210|Domain name [01;31mis av[00mailable
so|lep.so|210|Domain name [01;31mis av[00mailable
so|leq.so|210|Domain name [01;31mis av[00mailable
so|les.so|210|Domain name [01;31mis av[00mailable
so|lev.so|210|Domain name [01;31mis av[00mailable
so|lew.so|210|Domain name [01;31mis av[00mailable
so|ley.so|210|Domain name [01;31mis av[00mailable
so|lez.so|210|Domain name [01;31mis av[00mailable
so|lic.so|210|Domain name [01;31mis av[00mailable
so|lid.so|210|Domain name [01;31mis av[00mailable
cc|lig.cc|210|Domain name [01;31mis av[00mailable
so|lig.so|210|Domain name [01;31mis av[00mailable
cc|lih.cc|210|Domain name [01;31mis av[00mailable
so|lih.so|210|Domain name [01;31mis av[00mailable
cc|lij.cc|210|Domain name [01;31mis av[00mailable
so|lij.so|210|Domain name [01;31mis av[00mailable
so|lim.so|210|Domain name [01;31mis av[00mailable
so|liq.so|210|Domain name [01;31mis av[00mailable
so|lis.so|210|Domain name [01;31mis av[00mailable
so|liw.so|210|Domain name [01;31mis av[00mailable
so|lix.so|210|Domain name [01;31mis av[00mailable
so|liy.so|210|Domain name [01;31mis av[00mailable
so|lob.so|210|Domain name [01;31mis av[00mailable
so|lod.so|210|Domain name [01;31mis av[00mailable
so|lof.so|210|Domain name [01;31mis av[00mailable
so|loh.so|210|Domain name [01;31mis av[00mailable
so|loj.so|210|Domain name [01;31mis av[00mailable
so|lom.so|210|Domain name [01;31mis av[00mailable
cc|loq.cc|210|Domain name [01;31mis av[00mailable
so|loq.so|210|Domain name [01;31mis av[00mailable
so|lor.so|210|Domain name [01;31mis av[00mailable
so|lox.so|210|Domain name [01;31mis av[00mailable
so|loy.so|210|Domain name [01;31mis av[00mailable
so|loz.so|210|Domain name [01;31mis av[00mailable
so|luc.so|210|Domain name [01;31mis av[00mailable
so|lud.so|210|Domain name [01;31mis av[00mailable
me|lud.me|210|Domain name [01;31mis av[00mailable
so|luf.so|210|Domain name [01;31mis av[00mailable
so|lug.so|210|Domain name [01;31mis av[00mailable
so|luh.so|210|Domain name [01;31mis av[00mailable
me|luh.me|210|Domain name [01;31mis av[00mailable
so|luj.so|210|Domain name [01;31mis av[00mailable
me|luj.me|210|Domain name [01;31mis av[00mailable
so|luk.so|210|Domain name [01;31mis av[00mailable
so|lul.so|210|Domain name [01;31mis av[00mailable
so|lum.so|210|Domain name [01;31mis av[00mailable
so|lup.so|210|Domain name [01;31mis av[00mailable
so|lur.so|210|Domain name [01;31mis av[00mailable
so|lut.so|210|Domain name [01;31mis av[00mailable
cc|luw.cc|210|Domain name [01;31mis av[00mailable
so|luw.so|210|Domain name [01;31mis av[00mailable
so|luy.so|210|Domain name [01;31mis av[00mailable
so|luz.so|210|Domain name [01;31mis av[00mailable
so|mah.so|210|Domain name [01;31mis av[00mailable
so|maj.so|210|Domain name [01;31mis av[00mailable
so|maq.so|210|Domain name [01;31mis av[00mailable
so|mat.so|210|Domain name [01;31mis av[00mailable
cc|mav.cc|210|Domain name [01;31mis av[00mailable
so|mav.so|210|Domain name [01;31mis av[00mailable
cc|meb.cc|210|Domain name [01;31mis av[00mailable
so|meb.so|210|Domain name [01;31mis av[00mailable
so|mec.so|210|Domain name [01;31mis av[00mailable
so|mef.so|210|Domain name [01;31mis av[00mailable
so|meg.so|210|Domain name [01;31mis av[00mailable
so|mej.so|210|Domain name [01;31mis av[00mailable
so|mek.so|210|Domain name [01;31mis av[00mailable
so|mep.so|210|Domain name [01;31mis av[00mailable
so|meq.so|210|Domain name [01;31mis av[00mailable
so|mer.so|210|Domain name [01;31mis av[00mailable
cc|mev.cc|210|Domain name [01;31mis av[00mailable
so|mev.so|210|Domain name [01;31mis av[00mailable
so|mex.so|210|Domain name [01;31mis av[00mailable
so|mez.so|210|Domain name [01;31mis av[00mailable
so|mib.so|210|Domain name [01;31mis av[00mailable
cc|mif.cc|210|Domain name [01;31mis av[00mailable
so|mig.so|210|Domain name [01;31mis av[00mailable
so|mih.so|210|Domain name [01;31mis av[00mailable
cc|mij.cc|210|Domain name [01;31mis av[00mailable
so|mij.so|210|Domain name [01;31mis av[00mailable
so|mik.so|210|Domain name [01;31mis av[00mailable
so|miq.so|210|Domain name [01;31mis av[00mailable
so|miv.so|210|Domain name [01;31mis av[00mailable
so|miw.so|210|Domain name [01;31mis av[00mailable
so|moh.so|210|Domain name [01;31mis av[00mailable
so|mok.so|210|Domain name [01;31mis av[00mailable
so|mol.so|210|Domain name [01;31mis av[00mailable
so|moq.so|210|Domain name [01;31mis av[00mailable
so|mot.so|210|Domain name [01;31mis av[00mailable
so|mov.so|210|Domain name [01;31mis av[00mailable
so|moy.so|210|Domain name [01;31mis av[00mailable
so|mub.so|210|Domain name [01;31mis av[00mailable
so|muc.so|210|Domain name [01;31mis av[00mailable
cc|muf.cc|210|Domain name [01;31mis av[00mailable
so|mug.so|210|Domain name [01;31mis av[00mailable
so|muh.so|210|Domain name [01;31mis av[00mailable
cc|muj.cc|210|Domain name [01;31mis av[00mailable
so|muj.so|210|Domain name [01;31mis av[00mailable
so|mur.so|210|Domain name [01;31mis av[00mailable
so|muv.so|210|Domain name [01;31mis av[00mailable
so|muw.so|210|Domain name [01;31mis av[00mailable
so|mux.so|210|Domain name [01;31mis av[00mailable
so|muy.so|210|Domain name [01;31mis av[00mailable
me|muy.me|210|Domain name [01;31mis av[00mailable
so|muz.so|210|Domain name [01;31mis av[00mailable
so|pab.so|210|Domain name [01;31mis av[00mailable
so|paf.so|210|Domain name [01;31mis av[00mailable
so|pah.so|210|Domain name [01;31mis av[00mailable
cc|paj.cc|210|Domain name [01;31mis av[00mailable
so|pak.so|210|Domain name [01;31mis av[00mailable
so|pam.so|210|Domain name [01;31mis av[00mailable
so|pap.so|210|Domain name [01;31mis av[00mailable
so|paq.so|210|Domain name [01;31mis av[00mailable
so|par.so|210|Domain name [01;31mis av[00mailable
so|pav.so|210|Domain name [01;31mis av[00mailable
so|paw.so|210|Domain name [01;31mis av[00mailable
so|pax.so|210|Domain name [01;31mis av[00mailable
cc|paz.cc|210|Domain name [01;31mis av[00mailable
so|ped.so|210|Domain name [01;31mis av[00mailable
so|pef.so|210|Domain name [01;31mis av[00mailable
so|peh.so|210|Domain name [01;31mis av[00mailable
cc|pej.cc|210|Domain name [01;31mis av[00mailable
so|pej.so|210|Domain name [01;31mis av[00mailable
so|pek.so|210|Domain name [01;31mis av[00mailable
so|pel.so|210|Domain name [01;31mis av[00mailable
so|pem.so|210|Domain name [01;31mis av[00mailable
so|pep.so|210|Domain name [01;31mis av[00mailable
cc|peq.cc|210|Domain name [01;31mis av[00mailable
so|peq.so|210|Domain name [01;31mis av[00mailable
cc|pev.cc|210|Domain name [01;31mis av[00mailable
so|pev.so|210|Domain name [01;31mis av[00mailable
so|pew.so|210|Domain name [01;31mis av[00mailable
so|pex.so|210|Domain name [01;31mis av[00mailable
so|pey.so|210|Domain name [01;31mis av[00mailable
so|pez.so|210|Domain name [01;31mis av[00mailable
so|pib.so|210|Domain name [01;31mis av[00mailable
so|pif.so|210|Domain name [01;31mis av[00mailable
so|pih.so|210|Domain name [01;31mis av[00mailable
cc|pij.cc|210|Domain name [01;31mis av[00mailable
so|pij.so|210|Domain name [01;31mis av[00mailable
so|pik.so|210|Domain name [01;31mis av[00mailable
so|pim.so|210|Domain name [01;31mis av[00mailable
so|pip.so|210|Domain name [01;31mis av[00mailable
so|piq.so|210|Domain name [01;31mis av[00mailable
so|pir.so|210|Domain name [01;31mis av[00mailable
so|piv.so|210|Domain name [01;31mis av[00mailable
cc|piw.cc|210|Domain name [01;31mis av[00mailable
so|piw.so|210|Domain name [01;31mis av[00mailable
cc|piy.cc|210|Domain name [01;31mis av[00mailable
so|piy.so|210|Domain name [01;31mis av[00mailable
so|piz.so|210|Domain name [01;31mis av[00mailable
so|pob.so|210|Domain name [01;31mis av[00mailable
so|poh.so|210|Domain name [01;31mis av[00mailable
me|poj.me|210|Domain name [01;31mis av[00mailable
so|por.so|210|Domain name [01;31mis av[00mailable
so|pov.so|210|Domain name [01;31mis av[00mailable
so|pow.so|210|Domain name [01;31mis av[00mailable
so|pox.so|210|Domain name [01;31mis av[00mailable
so|poy.so|210|Domain name [01;31mis av[00mailable
so|poz.so|210|Domain name [01;31mis av[00mailable
so|puc.so|210|Domain name [01;31mis av[00mailable
so|pud.so|210|Domain name [01;31mis av[00mailable
so|puf.so|210|Domain name [01;31mis av[00mailable
so|puh.so|210|Domain name [01;31mis av[00mailable
so|puj.so|210|Domain name [01;31mis av[00mailable
so|puk.so|210|Domain name [01;31mis av[00mailable
cc|puq.cc|210|Domain name [01;31mis av[00mailable
so|puq.so|210|Domain name [01;31mis av[00mailable
so|pur.so|210|Domain name [01;31mis av[00mailable
cc|puv.cc|210|Domain name [01;31mis av[00mailable
so|puv.so|210|Domain name [01;31mis av[00mailable
so|puw.so|210|Domain name [01;31mis av[00mailable
me|puw.me|210|Domain name [01;31mis av[00mailable
so|pux.so|210|Domain name [01;31mis av[00mailable
cc|puy.cc|210|Domain name [01;31mis av[00mailable
so|puy.so|210|Domain name [01;31mis av[00mailable
so|puz.so|210|Domain name [01;31mis av[00mailable
cc|qab.cc|210|Domain name [01;31mis av[00mailable
so|qab.so|210|Domain name [01;31mis av[00mailable
cc|qac.cc|210|Domain name [01;31mis av[00mailable
so|qac.so|210|Domain name [01;31mis av[00mailable
so|qad.so|210|Domain name [01;31mis av[00mailable
so|qaf.so|210|Domain name [01;31mis av[00mailable
so|qag.so|210|Domain name [01;31mis av[00mailable
cc|qah.cc|210|Domain name [01;31mis av[00mailable
so|qah.so|210|Domain name [01;31mis av[00mailable
me|qah.me|210|Domain name [01;31mis av[00mailable
cc|qaj.cc|210|Domain name [01;31mis av[00mailable
so|qaj.so|210|Domain name [01;31mis av[00mailable
me|qaj.me|210|Domain name [01;31mis av[00mailable
cc|qak.cc|210|Domain name [01;31mis av[00mailable
so|qak.so|210|Domain name [01;31mis av[00mailable
cc|qal.cc|210|Domain name [01;31mis av[00mailable
so|qal.so|210|Domain name [01;31mis av[00mailable
so|qam.so|210|Domain name [01;31mis av[00mailable
me|qam.me|210|Domain name [01;31mis av[00mailable
cc|qap.cc|210|Domain name [01;31mis av[00mailable
so|qap.so|210|Domain name [01;31mis av[00mailable
so|qaq.so|210|Domain name [01;31mis av[00mailable
so|qar.so|210|Domain name [01;31mis av[00mailable
cc|qas.cc|210|Domain name [01;31mis av[00mailable
so|qat.so|210|Domain name [01;31mis av[00mailable
so|qav.so|210|Domain name [01;31mis av[00mailable
so|qaw.so|210|Domain name [01;31mis av[00mailable
so|qax.so|210|Domain name [01;31mis av[00mailable
cc|qay.cc|210|Domain name [01;31mis av[00mailable
so|qay.so|210|Domain name [01;31mis av[00mailable
me|qay.me|210|Domain name [01;31mis av[00mailable
cc|qeb.cc|210|Domain name [01;31mis av[00mailable
so|qeb.so|210|Domain name [01;31mis av[00mailable
cc|qec.cc|210|Domain name [01;31mis av[00mailable
so|qec.so|210|Domain name [01;31mis av[00mailable
me|qec.me|210|Domain name [01;31mis av[00mailable
so|qed.so|210|Domain name [01;31mis av[00mailable
cc|qef.cc|210|Domain name [01;31mis av[00mailable
so|qef.so|210|Domain name [01;31mis av[00mailable
me|qef.me|210|Domain name [01;31mis av[00mailable
cc|qeg.cc|210|Domain name [01;31mis av[00mailable
so|qeg.so|210|Domain name [01;31mis av[00mailable
me|qeg.me|210|Domain name [01;31mis av[00mailable
cc|qeh.cc|210|Domain name [01;31mis av[00mailable
so|qeh.so|210|Domain name [01;31mis av[00mailable
me|qeh.me|210|Domain name [01;31mis av[00mailable
cc|qej.cc|210|Domain name [01;31mis av[00mailable
so|qej.so|210|Domain name [01;31mis av[00mailable
me|qej.me|210|Domain name [01;31mis av[00mailable
cc|qek.cc|210|Domain name [01;31mis av[00mailable
so|qek.so|210|Domain name [01;31mis av[00mailable
me|qek.me|210|Domain name [01;31mis av[00mailable
cc|qel.cc|210|Domain name [01;31mis av[00mailable
so|qel.so|210|Domain name [01;31mis av[00mailable
me|qel.me|210|Domain name [01;31mis av[00mailable
so|qem.so|210|Domain name [01;31mis av[00mailable
cc|qep.cc|210|Domain name [01;31mis av[00mailable
so|qep.so|210|Domain name [01;31mis av[00mailable
cc|qeq.cc|210|Domain name [01;31mis av[00mailable
cc|qer.cc|210|Domain name [01;31mis av[00mailable
so|qer.so|210|Domain name [01;31mis av[00mailable
so|qes.so|210|Domain name [01;31mis av[00mailable
cc|qet.cc|210|Domain name [01;31mis av[00mailable
so|qet.so|210|Domain name [01;31mis av[00mailable
cc|qev.cc|210|Domain name [01;31mis av[00mailable
so|qev.so|210|Domain name [01;31mis av[00mailable
me|qev.me|210|Domain name [01;31mis av[00mailable
cc|qex.cc|210|Domain name [01;31mis av[00mailable
so|qex.so|210|Domain name [01;31mis av[00mailable
cc|qey.cc|210|Domain name [01;31mis av[00mailable
so|qey.so|210|Domain name [01;31mis av[00mailable
cc|qez.cc|210|Domain name [01;31mis av[00mailable
so|qez.so|210|Domain name [01;31mis av[00mailable
me|qez.me|210|Domain name [01;31mis av[00mailable
so|qib.so|210|Domain name [01;31mis av[00mailable
so|qic.so|210|Domain name [01;31mis av[00mailable
so|qid.so|210|Domain name [01;31mis av[00mailable
cc|qif.cc|210|Domain name [01;31mis av[00mailable
so|qif.so|210|Domain name [01;31mis av[00mailable
me|qif.me|210|Domain name [01;31mis av[00mailable
cc|qig.cc|210|Domain name [01;31mis av[00mailable
so|qig.so|210|Domain name [01;31mis av[00mailable
so|qih.so|210|Domain name [01;31mis av[00mailable
cc|qij.cc|210|Domain name [01;31mis av[00mailable
so|qij.so|210|Domain name [01;31mis av[00mailable
me|qij.me|210|Domain name [01;31mis av[00mailable
cc|qil.cc|210|Domain name [01;31mis av[00mailable
so|qil.so|210|Domain name [01;31mis av[00mailable
so|qim.so|210|Domain name [01;31mis av[00mailable
so|qiq.so|210|Domain name [01;31mis av[00mailable
so|qir.so|210|Domain name [01;31mis av[00mailable
so|qis.so|210|Domain name [01;31mis av[00mailable
cc|qit.cc|210|Domain name [01;31mis av[00mailable
so|qit.so|210|Domain name [01;31mis av[00mailable
so|qiv.so|210|Domain name [01;31mis av[00mailable
so|qiw.so|210|Domain name [01;31mis av[00mailable
so|qix.so|210|Domain name [01;31mis av[00mailable
so|qiy.so|210|Domain name [01;31mis av[00mailable
so|qiz.so|210|Domain name [01;31mis av[00mailable
so|qob.so|210|Domain name [01;31mis av[00mailable
cc|qoc.cc|210|Domain name [01;31mis av[00mailable
so|qoc.so|210|Domain name [01;31mis av[00mailable
so|qod.so|210|Domain name [01;31mis av[00mailable
so|qof.so|210|Domain name [01;31mis av[00mailable
me|qof.me|210|Domain name [01;31mis av[00mailable
cc|qog.cc|210|Domain name [01;31mis av[00mailable
so|qog.so|210|Domain name [01;31mis av[00mailable
me|qog.me|210|Domain name [01;31mis av[00mailable
cc|qoh.cc|210|Domain name [01;31mis av[00mailable
so|qoh.so|210|Domain name [01;31mis av[00mailable
me|qoh.me|210|Domain name [01;31mis av[00mailable
cc|qoj.cc|210|Domain name [01;31mis av[00mailable
so|qoj.so|210|Domain name [01;31mis av[00mailable
so|qok.so|210|Domain name [01;31mis av[00mailable
so|qol.so|210|Domain name [01;31mis av[00mailable
so|qom.so|210|Domain name [01;31mis av[00mailable
so|qop.so|210|Domain name [01;31mis av[00mailable
so|qoq.so|210|Domain name [01;31mis av[00mailable
cc|qor.cc|210|Domain name [01;31mis av[00mailable
so|qor.so|210|Domain name [01;31mis av[00mailable
so|qot.so|210|Domain name [01;31mis av[00mailable
cc|qov.cc|210|Domain name [01;31mis av[00mailable
so|qov.so|210|Domain name [01;31mis av[00mailable
me|qov.me|210|Domain name [01;31mis av[00mailable
cc|qow.cc|210|Domain name [01;31mis av[00mailable
so|qow.so|210|Domain name [01;31mis av[00mailable
me|qow.me|210|Domain name [01;31mis av[00mailable
cc|qox.cc|210|Domain name [01;31mis av[00mailable
so|qox.so|210|Domain name [01;31mis av[00mailable
cc|qoy.cc|210|Domain name [01;31mis av[00mailable
so|qoy.so|210|Domain name [01;31mis av[00mailable
me|qoy.me|210|Domain name [01;31mis av[00mailable
cc|qoz.cc|210|Domain name [01;31mis av[00mailable
so|qoz.so|210|Domain name [01;31mis av[00mailable
me|qoz.me|210|Domain name [01;31mis av[00mailable
cc|qub.cc|210|Domain name [01;31mis av[00mailable
so|qub.so|210|Domain name [01;31mis av[00mailable
so|quc.so|210|Domain name [01;31mis av[00mailable
so|qud.so|210|Domain name [01;31mis av[00mailable
me|qud.me|210|Domain name [01;31mis av[00mailable
cc|quf.cc|210|Domain name [01;31mis av[00mailable
so|quf.so|210|Domain name [01;31mis av[00mailable
cc|qug.cc|210|Domain name [01;31mis av[00mailable
so|qug.so|210|Domain name [01;31mis av[00mailable
me|qug.me|210|Domain name [01;31mis av[00mailable
cc|quh.cc|210|Domain name [01;31mis av[00mailable
so|quh.so|210|Domain name [01;31mis av[00mailable
me|quh.me|210|Domain name [01;31mis av[00mailable
cc|quj.cc|210|Domain name [01;31mis av[00mailable
so|quj.so|210|Domain name [01;31mis av[00mailable
me|quj.me|210|Domain name [01;31mis av[00mailable
so|quk.so|210|Domain name [01;31mis av[00mailable
cc|qul.cc|210|Domain name [01;31mis av[00mailable
so|qul.so|210|Domain name [01;31mis av[00mailable
so|qum.so|210|Domain name [01;31mis av[00mailable
me|qum.me|210|Domain name [01;31mis av[00mailable
so|qup.so|210|Domain name [01;31mis av[00mailable
so|quq.so|210|Domain name [01;31mis av[00mailable
so|qur.so|210|Domain name [01;31mis av[00mailable
cc|qus.cc|210|Domain name [01;31mis av[00mailable
so|qus.so|210|Domain name [01;31mis av[00mailable
so|qut.so|210|Domain name [01;31mis av[00mailable
so|quv.so|210|Domain name [01;31mis av[00mailable
so|quw.so|210|Domain name [01;31mis av[00mailable
so|qux.so|210|Domain name [01;31mis av[00mailable
me|qux.me|210|Domain name [01;31mis av[00mailable
so|quy.so|210|Domain name [01;31mis av[00mailable
cc|quz.cc|210|Domain name [01;31mis av[00mailable
so|quz.so|210|Domain name [01;31mis av[00mailable
so|raf.so|210|Domain name [01;31mis av[00mailable
so|rag.so|210|Domain name [01;31mis av[00mailable
so|rak.so|210|Domain name [01;31mis av[00mailable
so|ral.so|210|Domain name [01;31mis av[00mailable
so|raq.so|210|Domain name [01;31mis av[00mailable
so|ras.so|210|Domain name [01;31mis av[00mailable
so|rav.so|210|Domain name [01;31mis av[00mailable
so|raz.so|210|Domain name [01;31mis av[00mailable
so|reb.so|210|Domain name [01;31mis av[00mailable
so|reh.so|210|Domain name [01;31mis av[00mailable
so|rej.so|210|Domain name [01;31mis av[00mailable
cc|rek.cc|210|Domain name [01;31mis av[00mailable
so|rek.so|210|Domain name [01;31mis av[00mailable
cc|req.cc|210|Domain name [01;31mis av[00mailable
so|req.so|210|Domain name [01;31mis av[00mailable
so|rer.so|210|Domain name [01;31mis av[00mailable
so|rew.so|210|Domain name [01;31mis av[00mailable
so|rex.so|210|Domain name [01;31mis av[00mailable
so|rib.so|210|Domain name [01;31mis av[00mailable
so|ric.so|210|Domain name [01;31mis av[00mailable
cc|rid.cc|210|Domain name [01;31mis av[00mailable
so|rid.so|210|Domain name [01;31mis av[00mailable
cc|rif.cc|210|Domain name [01;31mis av[00mailable
so|rig.so|210|Domain name [01;31mis av[00mailable
cc|rih.cc|210|Domain name [01;31mis av[00mailable
so|rih.so|210|Domain name [01;31mis av[00mailable
me|rih.me|210|Domain name [01;31mis av[00mailable
so|rij.so|210|Domain name [01;31mis av[00mailable
so|rik.so|210|Domain name [01;31mis av[00mailable
cc|ril.cc|210|Domain name [01;31mis av[00mailable
so|ril.so|210|Domain name [01;31mis av[00mailable
so|rim.so|210|Domain name [01;31mis av[00mailable
cc|riq.cc|210|Domain name [01;31mis av[00mailable
so|riq.so|210|Domain name [01;31mis av[00mailable
so|rir.so|210|Domain name [01;31mis av[00mailable
so|rit.so|210|Domain name [01;31mis av[00mailable
so|riv.so|210|Domain name [01;31mis av[00mailable
cc|riw.cc|210|Domain name [01;31mis av[00mailable
so|riw.so|210|Domain name [01;31mis av[00mailable
so|rix.so|210|Domain name [01;31mis av[00mailable
so|riy.so|210|Domain name [01;31mis av[00mailable
so|riz.so|210|Domain name [01;31mis av[00mailable
so|rob.so|210|Domain name [01;31mis av[00mailable
so|rod.so|210|Domain name [01;31mis av[00mailable
so|rof.so|210|Domain name [01;31mis av[00mailable
so|rog.so|210|Domain name [01;31mis av[00mailable
so|roh.so|210|Domain name [01;31mis av[00mailable
so|roj.so|210|Domain name [01;31mis av[00mailable
so|rop.so|210|Domain name [01;31mis av[00mailable
so|rov.so|210|Domain name [01;31mis av[00mailable
so|rox.so|210|Domain name [01;31mis av[00mailable
cc|roz.cc|210|Domain name [01;31mis av[00mailable
so|roz.so|210|Domain name [01;31mis av[00mailable
so|rub.so|210|Domain name [01;31mis av[00mailable
so|ruc.so|210|Domain name [01;31mis av[00mailable
so|rud.so|210|Domain name [01;31mis av[00mailable
so|ruf.so|210|Domain name [01;31mis av[00mailable
so|ruh.so|210|Domain name [01;31mis av[00mailable
so|ruj.so|210|Domain name [01;31mis av[00mailable
so|ruk.so|210|Domain name [01;31mis av[00mailable
so|rum.so|210|Domain name [01;31mis av[00mailable
so|rup.so|210|Domain name [01;31mis av[00mailable
cc|ruq.cc|210|Domain name [01;31mis av[00mailable
so|ruq.so|210|Domain name [01;31mis av[00mailable
so|rur.so|210|Domain name [01;31mis av[00mailable
me|rur.me|210|Domain name [01;31mis av[00mailable
so|rut.so|210|Domain name [01;31mis av[00mailable
so|ruv.so|210|Domain name [01;31mis av[00mailable
cc|ruw.cc|210|Domain name [01;31mis av[00mailable
so|ruw.so|210|Domain name [01;31mis av[00mailable
me|ruw.me|210|Domain name [01;31mis av[00mailable
so|rux.so|210|Domain name [01;31mis av[00mailable
so|ruy.so|210|Domain name [01;31mis av[00mailable
so|ruz.so|210|Domain name [01;31mis av[00mailable
so|sah.so|210|Domain name [01;31mis av[00mailable
so|saj.so|210|Domain name [01;31mis av[00mailable
so|saq.so|210|Domain name [01;31mis av[00mailable
so|sar.so|210|Domain name [01;31mis av[00mailable
so|sav.so|210|Domain name [01;31mis av[00mailable
so|saz.so|210|Domain name [01;31mis av[00mailable
so|sed.so|210|Domain name [01;31mis av[00mailable
so|seh.so|210|Domain name [01;31mis av[00mailable
me|seh.me|210|Domain name [01;31mis av[00mailable
so|sej.so|210|Domain name [01;31mis av[00mailable
so|seq.so|210|Domain name [01;31mis av[00mailable
so|sev.so|210|Domain name [01;31mis av[00mailable
so|sey.so|210|Domain name [01;31mis av[00mailable
so|sic.so|210|Domain name [01;31mis av[00mailable
so|sif.so|210|Domain name [01;31mis av[00mailable
so|sig.so|210|Domain name [01;31mis av[00mailable
cc|sih.cc|210|Domain name [01;31mis av[00mailable
so|sih.so|210|Domain name [01;31mis av[00mailable
me|sih.me|210|Domain name [01;31mis av[00mailable
so|sij.so|210|Domain name [01;31mis av[00mailable
me|sij.me|210|Domain name [01;31mis av[00mailable
cc|sik.cc|210|Domain name [01;31mis av[00mailable
so|sik.so|210|Domain name [01;31mis av[00mailable
so|siq.so|210|Domain name [01;31mis av[00mailable
so|siv.so|210|Domain name [01;31mis av[00mailable
so|siw.so|210|Domain name [01;31mis av[00mailable
cc|siy.cc|210|Domain name [01;31mis av[00mailable
so|soj.so|210|Domain name [01;31mis av[00mailable
so|sop.so|210|Domain name [01;31mis av[00mailable
so|soq.so|210|Domain name [01;31mis av[00mailable
so|soz.so|210|Domain name [01;31mis av[00mailable
so|suc.so|210|Domain name [01;31mis av[00mailable
so|suf.so|210|Domain name [01;31mis av[00mailable
so|sug.so|210|Domain name [01;31mis av[00mailable
cc|suh.cc|210|Domain name [01;31mis av[00mailable
so|suh.so|210|Domain name [01;31mis av[00mailable
so|suj.so|210|Domain name [01;31mis av[00mailable
so|sul.so|210|Domain name [01;31mis av[00mailable
so|suq.so|210|Domain name [01;31mis av[00mailable
so|sus.so|210|Domain name [01;31mis av[00mailable
so|sut.so|210|Domain name [01;31mis av[00mailable
so|suw.so|210|Domain name [01;31mis av[00mailable
so|sux.so|210|Domain name [01;31mis av[00mailable
so|suy.so|210|Domain name [01;31mis av[00mailable
so|suz.so|210|Domain name [01;31mis av[00mailable
so|tac.so|210|Domain name [01;31mis av[00mailable
so|tad.so|210|Domain name [01;31mis av[00mailable
cc|taf.cc|210|Domain name [01;31mis av[00mailable
so|taf.so|210|Domain name [01;31mis av[00mailable
cc|tah.cc|210|Domain name [01;31mis av[00mailable
so|tah.so|210|Domain name [01;31mis av[00mailable
so|taj.so|210|Domain name [01;31mis av[00mailable
so|tal.so|210|Domain name [01;31mis av[00mailable
so|tam.so|210|Domain name [01;31mis av[00mailable
so|taq.so|210|Domain name [01;31mis av[00mailable
so|tat.so|210|Domain name [01;31mis av[00mailable
so|tav.so|210|Domain name [01;31mis av[00mailable
so|tay.so|210|Domain name [01;31mis av[00mailable
so|taz.so|210|Domain name [01;31mis av[00mailable
so|ted.so|210|Domain name [01;31mis av[00mailable
so|teg.so|210|Domain name [01;31mis av[00mailable
so|teh.so|210|Domain name [01;31mis av[00mailable
so|tej.so|210|Domain name [01;31mis av[00mailable
so|tem.so|210|Domain name [01;31mis av[00mailable
so|tep.so|210|Domain name [01;31mis av[00mailable
so|teq.so|210|Domain name [01;31mis av[00mailable
so|tet.so|210|Domain name [01;31mis av[00mailable
so|tev.so|210|Domain name [01;31mis av[00mailable
cc|tey.cc|210|Domain name [01;31mis av[00mailable
so|tey.so|210|Domain name [01;31mis av[00mailable
so|tez.so|210|Domain name [01;31mis av[00mailable
so|tib.so|210|Domain name [01;31mis av[00mailable
so|tic.so|210|Domain name [01;31mis av[00mailable
so|tid.so|210|Domain name [01;31mis av[00mailable
so|tif.so|210|Domain name [01;31mis av[00mailable
so|tih.so|210|Domain name [01;31mis av[00mailable
cc|tij.cc|210|Domain name [01;31mis av[00mailable
so|tij.so|210|Domain name [01;31mis av[00mailable
so|tik.so|210|Domain name [01;31mis av[00mailable
so|til.so|210|Domain name [01;31mis av[00mailable
so|tip.so|210|Domain name [01;31mis av[00mailable
so|tiq.so|210|Domain name [01;31mis av[00mailable
so|tir.so|210|Domain name [01;31mis av[00mailable
so|tiv.so|210|Domain name [01;31mis av[00mailable
so|tiw.so|210|Domain name [01;31mis av[00mailable
so|tiy.so|210|Domain name [01;31mis av[00mailable
so|tiz.so|210|Domain name [01;31mis av[00mailable
so|tob.so|210|Domain name [01;31mis av[00mailable
so|tod.so|210|Domain name [01;31mis av[00mailable
so|tof.so|210|Domain name [01;31mis av[00mailable
so|toh.so|210|Domain name [01;31mis av[00mailable
so|toj.so|210|Domain name [01;31mis av[00mailable
so|tol.so|210|Domain name [01;31mis av[00mailable
cc|toq.cc|210|Domain name [01;31mis av[00mailable
so|toq.so|210|Domain name [01;31mis av[00mailable
so|tov.so|210|Domain name [01;31mis av[00mailable
so|tox.so|210|Domain name [01;31mis av[00mailable
so|toz.so|210|Domain name [01;31mis av[00mailable
me|tuc.me|210|Domain name [01;31mis av[00mailable
so|tud.so|210|Domain name [01;31mis av[00mailable
cc|tuf.cc|210|Domain name [01;31mis av[00mailable
so|tug.so|210|Domain name [01;31mis av[00mailable
so|tuh.so|210|Domain name [01;31mis av[00mailable
me|tuh.me|210|Domain name [01;31mis av[00mailable
cc|tuj.cc|210|Domain name [01;31mis av[00mailable
so|tuj.so|210|Domain name [01;31mis av[00mailable
so|tuk.so|210|Domain name [01;31mis av[00mailable
so|tul.so|210|Domain name [01;31mis av[00mailable
cc|tum.cc|210|Domain name [01;31mis av[00mailable
so|tum.so|210|Domain name [01;31mis av[00mailable
so|tuq.so|210|Domain name [01;31mis av[00mailable
me|tuq.me|210|Domain name [01;31mis av[00mailable
so|tus.so|210|Domain name [01;31mis av[00mailable
so|tuw.so|210|Domain name [01;31mis av[00mailable
me|tuw.me|210|Domain name [01;31mis av[00mailable
so|tuy.so|210|Domain name [01;31mis av[00mailable
so|tuz.so|210|Domain name [01;31mis av[00mailable
so|vac.so|210|Domain name [01;31mis av[00mailable
so|vad.so|210|Domain name [01;31mis av[00mailable
so|vaf.so|210|Domain name [01;31mis av[00mailable
so|vag.so|210|Domain name [01;31mis av[00mailable
so|vah.so|210|Domain name [01;31mis av[00mailable
cc|vaj.cc|210|Domain name [01;31mis av[00mailable
so|vaj.so|210|Domain name [01;31mis av[00mailable
me|vaj.me|210|Domain name [01;31mis av[00mailable
so|vam.so|210|Domain name [01;31mis av[00mailable
so|vap.so|210|Domain name [01;31mis av[00mailable
cc|vaq.cc|210|Domain name [01;31mis av[00mailable
so|vaq.so|210|Domain name [01;31mis av[00mailable
me|vaq.me|210|Domain name [01;31mis av[00mailable
so|var.so|210|Domain name [01;31mis av[00mailable
so|vat.so|210|Domain name [01;31mis av[00mailable
so|vav.so|210|Domain name [01;31mis av[00mailable
cc|vaw.cc|210|Domain name [01;31mis av[00mailable
so|vaw.so|210|Domain name [01;31mis av[00mailable
cc|vax.cc|210|Domain name [01;31mis av[00mailable
so|vax.so|210|Domain name [01;31mis av[00mailable
cc|vay.cc|210|Domain name [01;31mis av[00mailable
so|vay.so|210|Domain name [01;31mis av[00mailable
so|vaz.so|210|Domain name [01;31mis av[00mailable
so|veb.so|210|Domain name [01;31mis av[00mailable
so|vec.so|210|Domain name [01;31mis av[00mailable
so|ved.so|210|Domain name [01;31mis av[00mailable
so|vef.so|210|Domain name [01;31mis av[00mailable
so|veg.so|210|Domain name [01;31mis av[00mailable
so|veh.so|210|Domain name [01;31mis av[00mailable
cc|vej.cc|210|Domain name [01;31mis av[00mailable
so|vej.so|210|Domain name [01;31mis av[00mailable
so|vek.so|210|Domain name [01;31mis av[00mailable
so|vel.so|210|Domain name [01;31mis av[00mailable
so|vem.so|210|Domain name [01;31mis av[00mailable
cc|veq.cc|210|Domain name [01;31mis av[00mailable
so|veq.so|210|Domain name [01;31mis av[00mailable
me|veq.me|210|Domain name [01;31mis av[00mailable
cc|ves.cc|210|Domain name [01;31mis av[00mailable
so|vet.so|210|Domain name [01;31mis av[00mailable
so|vev.so|210|Domain name [01;31mis av[00mailable
so|vew.so|210|Domain name [01;31mis av[00mailable
so|vex.so|210|Domain name [01;31mis av[00mailable
cc|vey.cc|210|Domain name [01;31mis av[00mailable
so|vey.so|210|Domain name [01;31mis av[00mailable
so|vif.so|210|Domain name [01;31mis av[00mailable
cc|vig.cc|210|Domain name [01;31mis av[00mailable
so|vig.so|210|Domain name [01;31mis av[00mailable
cc|vih.cc|210|Domain name [01;31mis av[00mailable
so|vih.so|210|Domain name [01;31mis av[00mailable
cc|vij.cc|210|Domain name [01;31mis av[00mailable
so|vij.so|210|Domain name [01;31mis av[00mailable
so|vil.so|210|Domain name [01;31mis av[00mailable
so|viq.so|210|Domain name [01;31mis av[00mailable
so|viw.so|210|Domain name [01;31mis av[00mailable
so|vix.so|210|Domain name [01;31mis av[00mailable
so|viy.so|210|Domain name [01;31mis av[00mailable
me|viy.me|210|Domain name [01;31mis av[00mailable
so|vob.so|210|Domain name [01;31mis av[00mailable
so|vof.so|210|Domain name [01;31mis av[00mailable
so|vog.so|210|Domain name [01;31mis av[00mailable
cc|voh.cc|210|Domain name [01;31mis av[00mailable
so|voh.so|210|Domain name [01;31mis av[00mailable
cc|voj.cc|210|Domain name [01;31mis av[00mailable
so|voj.so|210|Domain name [01;31mis av[00mailable
me|voj.me|210|Domain name [01;31mis av[00mailable
so|vol.so|210|Domain name [01;31mis av[00mailable
so|vom.so|210|Domain name [01;31mis av[00mailable
cc|voq.cc|210|Domain name [01;31mis av[00mailable
so|voq.so|210|Domain name [01;31mis av[00mailable
me|voq.me|210|Domain name [01;31mis av[00mailable
so|vor.so|210|Domain name [01;31mis av[00mailable
so|vov.so|210|Domain name [01;31mis av[00mailable
so|voz.so|210|Domain name [01;31mis av[00mailable
cc|vub.cc|210|Domain name [01;31mis av[00mailable
so|vub.so|210|Domain name [01;31mis av[00mailable
cc|vuc.cc|210|Domain name [01;31mis av[00mailable
so|vuc.so|210|Domain name [01;31mis av[00mailable
cc|vud.cc|210|Domain name [01;31mis av[00mailable
so|vud.so|210|Domain name [01;31mis av[00mailable
cc|vuf.cc|210|Domain name [01;31mis av[00mailable
so|vuf.so|210|Domain name [01;31mis av[00mailable
so|vug.so|210|Domain name [01;31mis av[00mailable
cc|vuh.cc|210|Domain name [01;31mis av[00mailable
so|vuh.so|210|Domain name [01;31mis av[00mailable
cc|vuj.cc|210|Domain name [01;31mis av[00mailable
so|vuj.so|210|Domain name [01;31mis av[00mailable
me|vuj.me|210|Domain name [01;31mis av[00mailable
so|vuk.so|210|Domain name [01;31mis av[00mailable
cc|vul.cc|210|Domain name [01;31mis av[00mailable
so|vul.so|210|Domain name [01;31mis av[00mailable
cc|vum.cc|210|Domain name [01;31mis av[00mailable
so|vum.so|210|Domain name [01;31mis av[00mailable
so|vup.so|210|Domain name [01;31mis av[00mailable
me|vup.me|210|Domain name [01;31mis av[00mailable
cc|vuq.cc|210|Domain name [01;31mis av[00mailable
so|vuq.so|210|Domain name [01;31mis av[00mailable
me|vuq.me|210|Domain name [01;31mis av[00mailable
cc|vur.cc|210|Domain name [01;31mis av[00mailable
so|vur.so|210|Domain name [01;31mis av[00mailable
so|vus.so|210|Domain name [01;31mis av[00mailable
cc|vut.cc|210|Domain name [01;31mis av[00mailable
so|vut.so|210|Domain name [01;31mis av[00mailable
so|vuv.so|210|Domain name [01;31mis av[00mailable
cc|vuw.cc|210|Domain name [01;31mis av[00mailable
so|vuw.so|210|Domain name [01;31mis av[00mailable
cc|vuy.cc|210|Domain name [01;31mis av[00mailable
so|vuy.so|210|Domain name [01;31mis av[00mailable
me|vuy.me|210|Domain name [01;31mis av[00mailable
cc|vuz.cc|210|Domain name [01;31mis av[00mailable
so|vuz.so|210|Domain name [01;31mis av[00mailable
so|wab.so|210|Domain name [01;31mis av[00mailable
cc|wad.cc|210|Domain name [01;31mis av[00mailable
so|wad.so|210|Domain name [01;31mis av[00mailable
so|waf.so|210|Domain name [01;31mis av[00mailable
so|wak.so|210|Domain name [01;31mis av[00mailable
so|wal.so|210|Domain name [01;31mis av[00mailable
so|waq.so|210|Domain name [01;31mis av[00mailable
so|wat.so|210|Domain name [01;31mis av[00mailable
so|wav.so|210|Domain name [01;31mis av[00mailable
so|waw.so|210|Domain name [01;31mis av[00mailable
so|waz.so|210|Domain name [01;31mis av[00mailable
so|wef.so|210|Domain name [01;31mis av[00mailable
so|weg.so|210|Domain name [01;31mis av[00mailable
so|weh.so|210|Domain name [01;31mis av[00mailable
cc|wej.cc|210|Domain name [01;31mis av[00mailable
so|wej.so|210|Domain name [01;31mis av[00mailable
me|wej.me|210|Domain name [01;31mis av[00mailable
so|wem.so|210|Domain name [01;31mis av[00mailable
so|weq.so|210|Domain name [01;31mis av[00mailable
so|wer.so|210|Domain name [01;31mis av[00mailable
so|wes.so|210|Domain name [01;31mis av[00mailable
so|wet.so|210|Domain name [01;31mis av[00mailable
cc|wev.cc|210|Domain name [01;31mis av[00mailable
so|wev.so|210|Domain name [01;31mis av[00mailable
so|wew.so|210|Domain name [01;31mis av[00mailable
so|wex.so|210|Domain name [01;31mis av[00mailable
so|wey.so|210|Domain name [01;31mis av[00mailable
so|wez.so|210|Domain name [01;31mis av[00mailable
so|wib.so|210|Domain name [01;31mis av[00mailable
so|wic.so|210|Domain name [01;31mis av[00mailable
so|wif.so|210|Domain name [01;31mis av[00mailable
so|wij.so|210|Domain name [01;31mis av[00mailable
so|wik.so|210|Domain name [01;31mis av[00mailable
so|wim.so|210|Domain name [01;31mis av[00mailable
so|wip.so|210|Domain name [01;31mis av[00mailable
cc|wiq.cc|210|Domain name [01;31mis av[00mailable
so|wiq.so|210|Domain name [01;31mis av[00mailable
cc|wiv.cc|210|Domain name [01;31mis av[00mailable
so|wiv.so|210|Domain name [01;31mis av[00mailable
so|wiw.so|210|Domain name [01;31mis av[00mailable
cc|wiy.cc|210|Domain name [01;31mis av[00mailable
so|wiy.so|210|Domain name [01;31mis av[00mailable
me|wiy.me|210|Domain name [01;31mis av[00mailable
so|woc.so|210|Domain name [01;31mis av[00mailable
so|wof.so|210|Domain name [01;31mis av[00mailable
so|wog.so|210|Domain name [01;31mis av[00mailable
so|woh.so|210|Domain name [01;31mis av[00mailable
so|woj.so|210|Domain name [01;31mis av[00mailable
so|wok.so|210|Domain name [01;31mis av[00mailable
so|wol.so|210|Domain name [01;31mis av[00mailable
so|wom.so|210|Domain name [01;31mis av[00mailable
cc|woq.cc|210|Domain name [01;31mis av[00mailable
so|woq.so|210|Domain name [01;31mis av[00mailable
so|wor.so|210|Domain name [01;31mis av[00mailable
cc|wov.cc|210|Domain name [01;31mis av[00mailable
so|wov.so|210|Domain name [01;31mis av[00mailable
so|woy.so|210|Domain name [01;31mis av[00mailable
so|woz.so|210|Domain name [01;31mis av[00mailable
so|wub.so|210|Domain name [01;31mis av[00mailable
so|wuc.so|210|Domain name [01;31mis av[00mailable
me|wuc.me|210|Domain name [01;31mis av[00mailable
so|wud.so|210|Domain name [01;31mis av[00mailable
cc|wuf.cc|210|Domain name [01;31mis av[00mailable
so|wuf.so|210|Domain name [01;31mis av[00mailable
me|wuf.me|210|Domain name [01;31mis av[00mailable
so|wug.so|210|Domain name [01;31mis av[00mailable
so|wuh.so|210|Domain name [01;31mis av[00mailable
so|wuj.so|210|Domain name [01;31mis av[00mailable
me|wuj.me|210|Domain name [01;31mis av[00mailable
so|wuk.so|210|Domain name [01;31mis av[00mailable
cc|wul.cc|210|Domain name [01;31mis av[00mailable
so|wul.so|210|Domain name [01;31mis av[00mailable
cc|wum.cc|210|Domain name [01;31mis av[00mailable
so|wum.so|210|Domain name [01;31mis av[00mailable
so|wup.so|210|Domain name [01;31mis av[00mailable
cc|wuq.cc|210|Domain name [01;31mis av[00mailable
so|wuq.so|210|Domain name [01;31mis av[00mailable
me|wuq.me|210|Domain name [01;31mis av[00mailable
cc|wur.cc|210|Domain name [01;31mis av[00mailable
so|wur.so|210|Domain name [01;31mis av[00mailable
so|wus.so|210|Domain name [01;31mis av[00mailable
cc|wuv.cc|210|Domain name [01;31mis av[00mailable
so|wuv.so|210|Domain name [01;31mis av[00mailable
so|wux.so|210|Domain name [01;31mis av[00mailable
me|wux.me|210|Domain name [01;31mis av[00mailable
so|wuy.so|210|Domain name [01;31mis av[00mailable
me|wuy.me|210|Domain name [01;31mis av[00mailable
so|wuz.so|210|Domain name [01;31mis av[00mailable
cc|xab.cc|210|Domain name [01;31mis av[00mailable
so|xab.so|210|Domain name [01;31mis av[00mailable
so|xac.so|210|Domain name [01;31mis av[00mailable
so|xad.so|210|Domain name [01;31mis av[00mailable
cc|xaf.cc|210|Domain name [01;31mis av[00mailable
so|xaf.so|210|Domain name [01;31mis av[00mailable
cc|xag.cc|210|Domain name [01;31mis av[00mailable
so|xag.so|210|Domain name [01;31mis av[00mailable
so|xah.so|210|Domain name [01;31mis av[00mailable
so|xaj.so|210|Domain name [01;31mis av[00mailable
so|xak.so|210|Domain name [01;31mis av[00mailable
me|xak.me|210|Domain name [01;31mis av[00mailable
so|xal.so|210|Domain name [01;31mis av[00mailable
so|xam.so|210|Domain name [01;31mis av[00mailable
so|xap.so|210|Domain name [01;31mis av[00mailable
so|xaq.so|210|Domain name [01;31mis av[00mailable
so|xar.so|210|Domain name [01;31mis av[00mailable
so|xat.so|210|Domain name [01;31mis av[00mailable
so|xav.so|210|Domain name [01;31mis av[00mailable
so|xax.so|210|Domain name [01;31mis av[00mailable
cc|xay.cc|210|Domain name [01;31mis av[00mailable
so|xay.so|210|Domain name [01;31mis av[00mailable
cc|xaz.cc|210|Domain name [01;31mis av[00mailable
so|xaz.so|210|Domain name [01;31mis av[00mailable
cc|xeb.cc|210|Domain name [01;31mis av[00mailable
so|xeb.so|210|Domain name [01;31mis av[00mailable
so|xec.so|210|Domain name [01;31mis av[00mailable
so|xed.so|210|Domain name [01;31mis av[00mailable
so|xef.so|210|Domain name [01;31mis av[00mailable
me|xef.me|210|Domain name [01;31mis av[00mailable
cc|xeg.cc|210|Domain name [01;31mis av[00mailable
so|xeg.so|210|Domain name [01;31mis av[00mailable
cc|xeh.cc|210|Domain name [01;31mis av[00mailable
so|xeh.so|210|Domain name [01;31mis av[00mailable
me|xeh.me|210|Domain name [01;31mis av[00mailable
cc|xej.cc|210|Domain name [01;31mis av[00mailable
so|xej.so|210|Domain name [01;31mis av[00mailable
me|xej.me|210|Domain name [01;31mis av[00mailable
so|xek.so|210|Domain name [01;31mis av[00mailable
so|xem.so|210|Domain name [01;31mis av[00mailable
cc|xep.cc|210|Domain name [01;31mis av[00mailable
so|xep.so|210|Domain name [01;31mis av[00mailable
me|xep.me|210|Domain name [01;31mis av[00mailable
cc|xeq.cc|210|Domain name [01;31mis av[00mailable
so|xeq.so|210|Domain name [01;31mis av[00mailable
cc|xes.cc|210|Domain name [01;31mis av[00mailable
so|xet.so|210|Domain name [01;31mis av[00mailable
cc|xev.cc|210|Domain name [01;31mis av[00mailable
so|xev.so|210|Domain name [01;31mis av[00mailable
cc|xew.cc|210|Domain name [01;31mis av[00mailable
so|xew.so|210|Domain name [01;31mis av[00mailable
me|xew.me|210|Domain name [01;31mis av[00mailable
so|xex.so|210|Domain name [01;31mis av[00mailable
cc|xey.cc|210|Domain name [01;31mis av[00mailable
so|xey.so|210|Domain name [01;31mis av[00mailable
cc|xez.cc|210|Domain name [01;31mis av[00mailable
so|xez.so|210|Domain name [01;31mis av[00mailable
me|xez.me|210|Domain name [01;31mis av[00mailable
cc|xib.cc|210|Domain name [01;31mis av[00mailable
so|xib.so|210|Domain name [01;31mis av[00mailable
so|xic.so|210|Domain name [01;31mis av[00mailable
so|xid.so|210|Domain name [01;31mis av[00mailable
so|xif.so|210|Domain name [01;31mis av[00mailable
so|xig.so|210|Domain name [01;31mis av[00mailable
cc|xih.cc|210|Domain name [01;31mis av[00mailable
so|xih.so|210|Domain name [01;31mis av[00mailable
cc|xij.cc|210|Domain name [01;31mis av[00mailable
so|xij.so|210|Domain name [01;31mis av[00mailable
me|xij.me|210|Domain name [01;31mis av[00mailable
so|xik.so|210|Domain name [01;31mis av[00mailable
cc|xil.cc|210|Domain name [01;31mis av[00mailable
so|xil.so|210|Domain name [01;31mis av[00mailable
so|xim.so|210|Domain name [01;31mis av[00mailable
cc|xiq.cc|210|Domain name [01;31mis av[00mailable
so|xiq.so|210|Domain name [01;31mis av[00mailable
me|xiq.me|210|Domain name [01;31mis av[00mailable
so|xir.so|210|Domain name [01;31mis av[00mailable
so|xis.so|210|Domain name [01;31mis av[00mailable
cc|xiv.cc|210|Domain name [01;31mis av[00mailable
so|xiv.so|210|Domain name [01;31mis av[00mailable
so|xiw.so|210|Domain name [01;31mis av[00mailable
me|xiw.me|210|Domain name [01;31mis av[00mailable
so|xiy.so|210|Domain name [01;31mis av[00mailable
cc|xiz.cc|210|Domain name [01;31mis av[00mailable
so|xiz.so|210|Domain name [01;31mis av[00mailable
cc|xob.cc|210|Domain name [01;31mis av[00mailable
so|xob.so|210|Domain name [01;31mis av[00mailable
me|xob.me|210|Domain name [01;31mis av[00mailable
cc|xoc.cc|210|Domain name [01;31mis av[00mailable
so|xoc.so|210|Domain name [01;31mis av[00mailable
cc|xod.cc|210|Domain name [01;31mis av[00mailable
so|xod.so|210|Domain name [01;31mis av[00mailable
so|xof.so|210|Domain name [01;31mis av[00mailable
cc|xog.cc|210|Domain name [01;31mis av[00mailable
so|xog.so|210|Domain name [01;31mis av[00mailable
so|xoh.so|210|Domain name [01;31mis av[00mailable
cc|xoj.cc|210|Domain name [01;31mis av[00mailable
so|xoj.so|210|Domain name [01;31mis av[00mailable
me|xoj.me|210|Domain name [01;31mis av[00mailable
so|xok.so|210|Domain name [01;31mis av[00mailable
so|xom.so|210|Domain name [01;31mis av[00mailable
me|xop.me|210|Domain name [01;31mis av[00mailable
cc|xoq.cc|210|Domain name [01;31mis av[00mailable
so|xoq.so|210|Domain name [01;31mis av[00mailable
so|xos.so|210|Domain name [01;31mis av[00mailable
cc|xot.cc|210|Domain name [01;31mis av[00mailable
so|xot.so|210|Domain name [01;31mis av[00mailable
so|xov.so|210|Domain name [01;31mis av[00mailable
cc|xow.cc|210|Domain name [01;31mis av[00mailable
so|xow.so|210|Domain name [01;31mis av[00mailable
cc|xoy.cc|210|Domain name [01;31mis av[00mailable
so|xoy.so|210|Domain name [01;31mis av[00mailable
me|xoy.me|210|Domain name [01;31mis av[00mailable
so|xoz.so|210|Domain name [01;31mis av[00mailable
cc|xub.cc|210|Domain name [01;31mis av[00mailable
so|xub.so|210|Domain name [01;31mis av[00mailable
cc|xuc.cc|210|Domain name [01;31mis av[00mailable
so|xuc.so|210|Domain name [01;31mis av[00mailable
cc|xud.cc|210|Domain name [01;31mis av[00mailable
so|xud.so|210|Domain name [01;31mis av[00mailable
me|xud.me|210|Domain name [01;31mis av[00mailable
so|xuf.so|210|Domain name [01;31mis av[00mailable
me|xuf.me|210|Domain name [01;31mis av[00mailable
cc|xug.cc|210|Domain name [01;31mis av[00mailable
so|xug.so|210|Domain name [01;31mis av[00mailable
me|xug.me|210|Domain name [01;31mis av[00mailable
cc|xuh.cc|210|Domain name [01;31mis av[00mailable
so|xuh.so|210|Domain name [01;31mis av[00mailable
me|xuh.me|210|Domain name [01;31mis av[00mailable
cc|xuj.cc|210|Domain name [01;31mis av[00mailable
so|xuj.so|210|Domain name [01;31mis av[00mailable
me|xuj.me|210|Domain name [01;31mis av[00mailable
cc|xuk.cc|210|Domain name [01;31mis av[00mailable
so|xuk.so|210|Domain name [01;31mis av[00mailable
so|xul.so|210|Domain name [01;31mis av[00mailable
cc|xum.cc|210|Domain name [01;31mis av[00mailable
so|xum.so|210|Domain name [01;31mis av[00mailable
cc|xuq.cc|210|Domain name [01;31mis av[00mailable
so|xuq.so|210|Domain name [01;31mis av[00mailable
me|xuq.me|210|Domain name [01;31mis av[00mailable
cc|xur.cc|210|Domain name [01;31mis av[00mailable
so|xur.so|210|Domain name [01;31mis av[00mailable
so|xus.so|210|Domain name [01;31mis av[00mailable
cc|xut.cc|210|Domain name [01;31mis av[00mailable
so|xut.so|210|Domain name [01;31mis av[00mailable
cc|xuv.cc|210|Domain name [01;31mis av[00mailable
so|xuv.so|210|Domain name [01;31mis av[00mailable
cc|xuw.cc|210|Domain name [01;31mis av[00mailable
so|xuw.so|210|Domain name [01;31mis av[00mailable
me|xuw.me|210|Domain name [01;31mis av[00mailable
so|xux.so|210|Domain name [01;31mis av[00mailable
cc|xuy.cc|210|Domain name [01;31mis av[00mailable
so|xuy.so|210|Domain name [01;31mis av[00mailable
cc|xuz.cc|210|Domain name [01;31mis av[00mailable
so|xuz.so|210|Domain name [01;31mis av[00mailable
so|yab.so|210|Domain name [01;31mis av[00mailable
so|yac.so|210|Domain name [01;31mis av[00mailable
so|yaf.so|210|Domain name [01;31mis av[00mailable
so|yaj.so|210|Domain name [01;31mis av[00mailable
me|yaj.me|210|Domain name [01;31mis av[00mailable
cc|yal.cc|210|Domain name [01;31mis av[00mailable
so|yal.so|210|Domain name [01;31mis av[00mailable
cc|yaq.cc|210|Domain name [01;31mis av[00mailable
so|yaq.so|210|Domain name [01;31mis av[00mailable
so|yar.so|210|Domain name [01;31mis av[00mailable
so|yas.so|210|Domain name [01;31mis av[00mailable
so|yat.so|210|Domain name [01;31mis av[00mailable
cc|yav.cc|210|Domain name [01;31mis av[00mailable
so|yav.so|210|Domain name [01;31mis av[00mailable
so|yaw.so|210|Domain name [01;31mis av[00mailable
so|yay.so|210|Domain name [01;31mis av[00mailable
cc|yaz.cc|210|Domain name [01;31mis av[00mailable
so|yaz.so|210|Domain name [01;31mis av[00mailable
cc|yeb.cc|210|Domain name [01;31mis av[00mailable
so|yec.so|210|Domain name [01;31mis av[00mailable
so|yed.so|210|Domain name [01;31mis av[00mailable
so|yef.so|210|Domain name [01;31mis av[00mailable
cc|yeg.cc|210|Domain name [01;31mis av[00mailable
so|yeg.so|210|Domain name [01;31mis av[00mailable
cc|yej.cc|210|Domain name [01;31mis av[00mailable
so|yej.so|210|Domain name [01;31mis av[00mailable
me|yej.me|210|Domain name [01;31mis av[00mailable
cc|yek.cc|210|Domain name [01;31mis av[00mailable
so|yek.so|210|Domain name [01;31mis av[00mailable
so|yem.so|210|Domain name [01;31mis av[00mailable
cc|yeq.cc|210|Domain name [01;31mis av[00mailable
so|yeq.so|210|Domain name [01;31mis av[00mailable
me|yeq.me|210|Domain name [01;31mis av[00mailable
cc|yev.cc|210|Domain name [01;31mis av[00mailable
so|yev.so|210|Domain name [01;31mis av[00mailable
so|yew.so|210|Domain name [01;31mis av[00mailable
so|yex.so|210|Domain name [01;31mis av[00mailable
so|yey.so|210|Domain name [01;31mis av[00mailable
so|yez.so|210|Domain name [01;31mis av[00mailable
so|yib.so|210|Domain name [01;31mis av[00mailable
me|yib.me|210|Domain name [01;31mis av[00mailable
so|yic.so|210|Domain name [01;31mis av[00mailable
me|yic.me|210|Domain name [01;31mis av[00mailable
so|yid.so|210|Domain name [01;31mis av[00mailable
so|yif.so|210|Domain name [01;31mis av[00mailable
me|yif.me|210|Domain name [01;31mis av[00mailable
so|yig.so|210|Domain name [01;31mis av[00mailable
cc|yih.cc|210|Domain name [01;31mis av[00mailable
so|yih.so|210|Domain name [01;31mis av[00mailable
cc|yij.cc|210|Domain name [01;31mis av[00mailable
so|yij.so|210|Domain name [01;31mis av[00mailable
so|yik.so|210|Domain name [01;31mis av[00mailable
so|yil.so|210|Domain name [01;31mis av[00mailable
so|yim.so|210|Domain name [01;31mis av[00mailable
so|yip.so|210|Domain name [01;31mis av[00mailable
me|yiq.me|210|Domain name [01;31mis av[00mailable
so|yir.so|210|Domain name [01;31mis av[00mailable
so|yit.so|210|Domain name [01;31mis av[00mailable
cc|yiv.cc|210|Domain name [01;31mis av[00mailable
so|yiv.so|210|Domain name [01;31mis av[00mailable
me|yiv.me|210|Domain name [01;31mis av[00mailable
so|yiw.so|210|Domain name [01;31mis av[00mailable
so|yix.so|210|Domain name [01;31mis av[00mailable
so|yiz.so|210|Domain name [01;31mis av[00mailable
me|yiz.me|210|Domain name [01;31mis av[00mailable
cc|yob.cc|210|Domain name [01;31mis av[00mailable
so|yob.so|210|Domain name [01;31mis av[00mailable
so|yoc.so|210|Domain name [01;31mis av[00mailable
so|yod.so|210|Domain name [01;31mis av[00mailable
so|yof.so|210|Domain name [01;31mis av[00mailable
cc|yog.cc|210|Domain name [01;31mis av[00mailable
so|yog.so|210|Domain name [01;31mis av[00mailable
so|yoh.so|210|Domain name [01;31mis av[00mailable
cc|yoj.cc|210|Domain name [01;31mis av[00mailable
so|yoj.so|210|Domain name [01;31mis av[00mailable
me|yoj.me|210|Domain name [01;31mis av[00mailable
so|yok.so|210|Domain name [01;31mis av[00mailable
so|yom.so|210|Domain name [01;31mis av[00mailable
cc|yop.cc|210|Domain name [01;31mis av[00mailable
cc|yoq.cc|210|Domain name [01;31mis av[00mailable
so|yoq.so|210|Domain name [01;31mis av[00mailable
me|yoq.me|210|Domain name [01;31mis av[00mailable
so|yor.so|210|Domain name [01;31mis av[00mailable
so|yot.so|210|Domain name [01;31mis av[00mailable
so|yov.so|210|Domain name [01;31mis av[00mailable
me|yov.me|210|Domain name [01;31mis av[00mailable
so|yow.so|210|Domain name [01;31mis av[00mailable
so|yox.so|210|Domain name [01;31mis av[00mailable
so|yoy.so|210|Domain name [01;31mis av[00mailable
so|yoz.so|210|Domain name [01;31mis av[00mailable
so|yub.so|210|Domain name [01;31mis av[00mailable
me|yub.me|210|Domain name [01;31mis av[00mailable
so|yuc.so|210|Domain name [01;31mis av[00mailable
so|yud.so|210|Domain name [01;31mis av[00mailable
so|yuf.so|210|Domain name [01;31mis av[00mailable
me|yuf.me|210|Domain name [01;31mis av[00mailable
so|yug.so|210|Domain name [01;31mis av[00mailable
so|yuh.so|210|Domain name [01;31mis av[00mailable
so|yuj.so|210|Domain name [01;31mis av[00mailable
so|yuk.so|210|Domain name [01;31mis av[00mailable
so|yul.so|210|Domain name [01;31mis av[00mailable
cc|yuq.cc|210|Domain name [01;31mis av[00mailable
so|yuq.so|210|Domain name [01;31mis av[00mailable
me|yuq.me|210|Domain name [01;31mis av[00mailable
so|yur.so|210|Domain name [01;31mis av[00mailable
so|yus.so|210|Domain name [01;31mis av[00mailable
so|yut.so|210|Domain name [01;31mis av[00mailable
so|yuv.so|210|Domain name [01;31mis av[00mailable
cc|yuw.cc|210|Domain name [01;31mis av[00mailable
so|yuw.so|210|Domain name [01;31mis av[00mailable
so|yuz.so|210|Domain name [01;31mis av[00mailable
so|zab.so|210|Domain name [01;31mis av[00mailable
so|zac.so|210|Domain name [01;31mis av[00mailable
so|zad.so|210|Domain name [01;31mis av[00mailable
cc|zaf.cc|210|Domain name [01;31mis av[00mailable
so|zaf.so|210|Domain name [01;31mis av[00mailable
so|zah.so|210|Domain name [01;31mis av[00mailable
cc|zaj.cc|210|Domain name [01;31mis av[00mailable
so|zaj.so|210|Domain name [01;31mis av[00mailable
me|zaj.me|210|Domain name [01;31mis av[00mailable
so|zak.so|210|Domain name [01;31mis av[00mailable
cc|zal.cc|210|Domain name [01;31mis av[00mailable
so|zam.so|210|Domain name [01;31mis av[00mailable
cc|zaq.cc|210|Domain name [01;31mis av[00mailable
so|zaq.so|210|Domain name [01;31mis av[00mailable
so|zar.so|210|Domain name [01;31mis av[00mailable
cc|zav.cc|210|Domain name [01;31mis av[00mailable
so|zav.so|210|Domain name [01;31mis av[00mailable
so|zaw.so|210|Domain name [01;31mis av[00mailable
so|zax.so|210|Domain name [01;31mis av[00mailable
so|zay.so|210|Domain name [01;31mis av[00mailable
so|zaz.so|210|Domain name [01;31mis av[00mailable
so|zeb.so|210|Domain name [01;31mis av[00mailable
so|zec.so|210|Domain name [01;31mis av[00mailable
cc|zef.cc|210|Domain name [01;31mis av[00mailable
cc|zeg.cc|210|Domain name [01;31mis av[00mailable
so|zeg.so|210|Domain name [01;31mis av[00mailable
so|zeh.so|210|Domain name [01;31mis av[00mailable
so|zej.so|210|Domain name [01;31mis av[00mailable
me|zej.me|210|Domain name [01;31mis av[00mailable
cc|zek.cc|210|Domain name [01;31mis av[00mailable
so|zek.so|210|Domain name [01;31mis av[00mailable
so|zel.so|210|Domain name [01;31mis av[00mailable
cc|zem.cc|210|Domain name [01;31mis av[00mailable
so|zem.so|210|Domain name [01;31mis av[00mailable
cc|zeq.cc|210|Domain name [01;31mis av[00mailable
so|zeq.so|210|Domain name [01;31mis av[00mailable
me|zeq.me|210|Domain name [01;31mis av[00mailable
so|zer.so|210|Domain name [01;31mis av[00mailable
so|zet.so|210|Domain name [01;31mis av[00mailable
cc|zev.cc|210|Domain name [01;31mis av[00mailable
so|zev.so|210|Domain name [01;31mis av[00mailable
cc|zew.cc|210|Domain name [01;31mis av[00mailable
so|zew.so|210|Domain name [01;31mis av[00mailable
so|zex.so|210|Domain name [01;31mis av[00mailable
so|zey.so|210|Domain name [01;31mis av[00mailable
so|zib.so|210|Domain name [01;31mis av[00mailable
cc|zid.cc|210|Domain name [01;31mis av[00mailable
so|zid.so|210|Domain name [01;31mis av[00mailable
cc|zif.cc|210|Domain name [01;31mis av[00mailable
so|zif.so|210|Domain name [01;31mis av[00mailable
so|zig.so|210|Domain name [01;31mis av[00mailable
cc|zih.cc|210|Domain name [01;31mis av[00mailable
cc|zij.cc|210|Domain name [01;31mis av[00mailable
so|zij.so|210|Domain name [01;31mis av[00mailable
me|zij.me|210|Domain name [01;31mis av[00mailable
so|zim.so|210|Domain name [01;31mis av[00mailable
cc|ziq.cc|210|Domain name [01;31mis av[00mailable
so|ziq.so|210|Domain name [01;31mis av[00mailable
cc|zir.cc|210|Domain name [01;31mis av[00mailable
so|zir.so|210|Domain name [01;31mis av[00mailable
so|zis.so|210|Domain name [01;31mis av[00mailable
so|zit.so|210|Domain name [01;31mis av[00mailable
so|ziv.so|210|Domain name [01;31mis av[00mailable
cc|ziw.cc|210|Domain name [01;31mis av[00mailable
so|ziw.so|210|Domain name [01;31mis av[00mailable
me|ziw.me|210|Domain name [01;31mis av[00mailable
so|zix.so|210|Domain name [01;31mis av[00mailable
so|ziz.so|210|Domain name [01;31mis av[00mailable
so|zob.so|210|Domain name [01;31mis av[00mailable
so|zoc.so|210|Domain name [01;31mis av[00mailable
so|zod.so|210|Domain name [01;31mis av[00mailable
cc|zof.cc|210|Domain name [01;31mis av[00mailable
me|zof.me|210|Domain name [01;31mis av[00mailable
so|zoh.so|210|Domain name [01;31mis av[00mailable
me|zoh.me|210|Domain name [01;31mis av[00mailable
cc|zoj.cc|210|Domain name [01;31mis av[00mailable
so|zoj.so|210|Domain name [01;31mis av[00mailable
me|zoj.me|210|Domain name [01;31mis av[00mailable
so|zok.so|210|Domain name [01;31mis av[00mailable
so|zom.so|210|Domain name [01;31mis av[00mailable
so|zop.so|210|Domain name [01;31mis av[00mailable
cc|zoq.cc|210|Domain name [01;31mis av[00mailable
so|zoq.so|210|Domain name [01;31mis av[00mailable
me|zoq.me|210|Domain name [01;31mis av[00mailable
so|zor.so|210|Domain name [01;31mis av[00mailable
so|zot.so|210|Domain name [01;31mis av[00mailable
so|zov.so|210|Domain name [01;31mis av[00mailable
cc|zow.cc|210|Domain name [01;31mis av[00mailable
so|zow.so|210|Domain name [01;31mis av[00mailable
cc|zox.cc|210|Domain name [01;31mis av[00mailable
so|zox.so|210|Domain name [01;31mis av[00mailable
so|zoy.so|210|Domain name [01;31mis av[00mailable
so|zub.so|210|Domain name [01;31mis av[00mailable
so|zuc.so|210|Domain name [01;31mis av[00mailable
cc|zud.cc|210|Domain name [01;31mis av[00mailable
so|zud.so|210|Domain name [01;31mis av[00mailable
so|zuf.so|210|Domain name [01;31mis av[00mailable
so|zuh.so|210|Domain name [01;31mis av[00mailable
me|zuh.me|210|Domain name [01;31mis av[00mailable
cc|zuj.cc|210|Domain name [01;31mis av[00mailable
so|zuj.so|210|Domain name [01;31mis av[00mailable
me|zuj.me|210|Domain name [01;31mis av[00mailable
cc|zuk.cc|210|Domain name [01;31mis av[00mailable
so|zuk.so|210|Domain name [01;31mis av[00mailable
so|zul.so|210|Domain name [01;31mis av[00mailable
so|zum.so|210|Domain name [01;31mis av[00mailable
so|zuq.so|210|Domain name [01;31mis av[00mailable
me|zuq.me|210|Domain name [01;31mis av[00mailable
cc|zur.cc|210|Domain name [01;31mis av[00mailable
so|zus.so|210|Domain name [01;31mis av[00mailable
so|zut.so|210|Domain name [01;31mis av[00mailable
so|zuv.so|210|Domain name [01;31mis av[00mailable
me|zuv.me|210|Domain name [01;31mis av[00mailable
so|zuw.so|210|Domain name [01;31mis av[00mailable
me|zuw.me|210|Domain name [01;31mis av[00mailable
cc|zux.cc|210|Domain name [01;31mis av[00mailable
so|zux.so|210|Domain name [01;31mis av[00mailable
me|zux.me|210|Domain name [01;31mis av[00mailable
cc|zuy.cc|210|Domain name [01;31mis av[00mailable
so|zuy.so|210|Domain name [01;31mis av[00mailable
me|zuy.me|210|Domain name [01;31mis av[00mailable
so|zuz.so|210|Domain name [01;31mis av[00mailable
