cc|above.cc|210|Domain name [01;31mis av[00mailable
so|above.so|210|Domain name [01;31mis av[00mailable
so|abroad.so|210|Domain name [01;31mis av[00mailable
cc|absent.cc|210|Domain name [01;31mis av[00mailable
so|absent.so|210|Domain name [01;31mis av[00mailable
so|abuse.so|210|Domain name [01;31mis av[00mailable
so|accent.so|210|Domain name [01;31mis av[00mailable
so|accept.so|210|Domain name [01;31mis av[00mailable
so|accord.so|210|Domain name [01;31mis av[00mailable
cc|accuse.cc|210|Domain name [01;31mis av[00mailable
so|accuse.so|210|Domain name [01;31mis av[00mailable
co|accuse.co|210|Domain name [01;31mis av[00mailable
biz|accuse.biz|210|Domain name [01;31mis av[00mailable
so|ache.so|210|Domain name [01;31mis av[00mailable
so|acid.so|210|Domain name [01;31mis av[00mailable
so|acre.so|210|Domain name [01;31mis av[00mailable
so|across.so|210|Domain name [01;31mis av[00mailable
cc|actual.cc|210|Domain name [01;31mis av[00mailable
so|actual.so|210|Domain name [01;31mis av[00mailable
so|acute.so|210|Domain name [01;31mis av[00mailable
so|adapt.so|210|Domain name [01;31mis av[00mailable
so|adjust.so|210|Domain name [01;31mis av[00mailable
cc|admire.cc|210|Domain name [01;31mis av[00mailable
so|admire.so|210|Domain name [01;31mis av[00mailable
cc|admit.cc|210|Domain name [01;31mis av[00mailable
so|admit.so|210|Domain name [01;31mis av[00mailable
so|adopt.so|210|Domain name [01;31mis av[00mailable
so|advice.so|210|Domain name [01;31mis av[00mailable
so|advise.so|210|Domain name [01;31mis av[00mailable
cc|affair.cc|210|Domain name [01;31mis av[00mailable
so|affair.so|210|Domain name [01;31mis av[00mailable
cc|affect.cc|210|Domain name [01;31mis av[00mailable
so|affect.so|210|Domain name [01;31mis av[00mailable
so|afford.so|210|Domain name [01;31mis av[00mailable
cc|afraid.cc|210|Domain name [01;31mis av[00mailable
so|after.so|210|Domain name [01;31mis av[00mailable
so|agenda.so|210|Domain name [01;31mis av[00mailable
so|ahead.so|210|Domain name [01;31mis av[00mailable
so|adis.so|210|Domain name [01;31mis av[00mailable
so|alarm.so|210|Domain name [01;31mis av[00mailable
cc|alike.cc|210|Domain name [01;31mis av[00mailable
so|alike.so|210|Domain name [01;31mis av[00mailable
so|alley.so|210|Domain name [01;31mis av[00mailable
so|allow.so|210|Domain name [01;31mis av[00mailable
so|almost.so|210|Domain name [01;31mis av[00mailable
so|along.so|210|Domain name [01;31mis av[00mailable
cc|aloud.cc|210|Domain name [01;31mis av[00mailable
so|aloud.so|210|Domain name [01;31mis av[00mailable
so|alter.so|210|Domain name [01;31mis av[00mailable
so|amaze.so|210|Domain name [01;31mis av[00mailable
cc|among.cc|210|Domain name [01;31mis av[00mailable
so|amount.so|210|Domain name [01;31mis av[00mailable
cc|ample.cc|210|Domain name [01;31mis av[00mailable
so|ample.so|210|Domain name [01;31mis av[00mailable
so|ankle.so|210|Domain name [01;31mis av[00mailable
cc|anger.cc|210|Domain name [01;31mis av[00mailable
so|anger.so|210|Domain name [01;31mis av[00mailable
cc|angry.cc|210|Domain name [01;31mis av[00mailable
com.cn|annoy.com.cn|210|Domain name [01;31mis av[00mailable
cc|annoy.cc|210|Domain name [01;31mis av[00mailable
so|annoy.so|210|Domain name [01;31mis av[00mailable
cc|annual.cc|210|Domain name [01;31mis av[00mailable
so|annual.so|210|Domain name [01;31mis av[00mailable
cc|anyhow.cc|210|Domain name [01;31mis av[00mailable
so|anyhow.so|210|Domain name [01;31mis av[00mailable
me|anyhow.me|210|Domain name [01;31mis av[00mailable
so|anyone.so|210|Domain name [01;31mis av[00mailable
so|anyway.so|210|Domain name [01;31mis av[00mailable
cc|apart.cc|210|Domain name [01;31mis av[00mailable
so|apart.so|210|Domain name [01;31mis av[00mailable
cc|appeal.cc|210|Domain name [01;31mis av[00mailable
so|appeal.so|210|Domain name [01;31mis av[00mailable
so|appear.so|210|Domain name [01;31mis av[00mailable
so|apply.so|210|Domain name [01;31mis av[00mailable
so|apron.so|210|Domain name [01;31mis av[00mailable
cc|argue.cc|210|Domain name [01;31mis av[00mailable
so|argue.so|210|Domain name [01;31mis av[00mailable
cc|arise.cc|210|Domain name [01;31mis av[00mailable
so|arise.so|210|Domain name [01;31mis av[00mailable
cc|arouse.cc|210|Domain name [01;31mis av[00mailable
so|arouse.so|210|Domain name [01;31mis av[00mailable
com.cn|arrest.com.cn|210|Domain name [01;31mis av[00mailable
cc|arrest.cc|210|Domain name [01;31mis av[00mailable
so|arrest.so|210|Domain name [01;31mis av[00mailable
cc|arrive.cc|210|Domain name [01;31mis av[00mailable
so|arrive.so|210|Domain name [01;31mis av[00mailable
so|arrow.so|210|Domain name [01;31mis av[00mailable
cc|aside.cc|210|Domain name [01;31mis av[00mailable
so|aside.so|210|Domain name [01;31mis av[00mailable
cc|asleep.cc|210|Domain name [01;31mis av[00mailable
so|asleep.so|210|Domain name [01;31mis av[00mailable
so|aspect.so|210|Domain name [01;31mis av[00mailable
so|assess.so|210|Domain name [01;31mis av[00mailable
so|assist.so|210|Domain name [01;31mis av[00mailable
com.cn|assume.com.cn|210|Domain name [01;31mis av[00mailable
cc|assume.cc|210|Domain name [01;31mis av[00mailable
so|assume.so|210|Domain name [01;31mis av[00mailable
so|assure.so|210|Domain name [01;31mis av[00mailable
so|atomic.so|210|Domain name [01;31mis av[00mailable
com.cn|attach.com.cn|210|Domain name [01;31mis av[00mailable
so|attach.so|210|Domain name [01;31mis av[00mailable
com.cn|attain.com.cn|210|Domain name [01;31mis av[00mailable
so|attain.so|210|Domain name [01;31mis av[00mailable
so|attend.so|210|Domain name [01;31mis av[00mailable
so|aunt.so|210|Domain name [01;31mis av[00mailable
so|author.so|210|Domain name [01;31mis av[00mailable
so|autumn.so|210|Domain name [01;31mis av[00mailable
so|avenue.so|210|Domain name [01;31mis av[00mailable
cc|avoid.cc|210|Domain name [01;31mis av[00mailable
so|avoid.so|210|Domain name [01;31mis av[00mailable
cc|await.cc|210|Domain name [01;31mis av[00mailable
so|await.so|210|Domain name [01;31mis av[00mailable
so|award.so|210|Domain name [01;31mis av[00mailable
so|aware.so|210|Domain name [01;31mis av[00mailable
com.cn|awful.com.cn|210|Domain name [01;31mis av[00mailable
cc|awful.cc|210|Domain name [01;31mis av[00mailable
so|awful.so|210|Domain name [01;31mis av[00mailable
com.cn|awful.com.cn|210|Domain name [01;31mis av[00mailable
cc|awful.cc|210|Domain name [01;31mis av[00mailable
so|awful.so|210|Domain name [01;31mis av[00mailable
so|back.so|210|Domain name [01;31mis av[00mailable
so|bacon.so|210|Domain name [01;31mis av[00mailable
cc|badly.cc|210|Domain name [01;31mis av[00mailable
so|badly.so|210|Domain name [01;31mis av[00mailable
co|badly.co|210|Domain name [01;31mis av[00mailable
me|badly.me|210|Domain name [01;31mis av[00mailable
so|ban.so|210|Domain name [01;31mis av[00mailable
so|band.so|210|Domain name [01;31mis av[00mailable
cc|barber.cc|210|Domain name [01;31mis av[00mailable
com.cn|barely.com.cn|210|Domain name [01;31mis av[00mailable
cc|barely.cc|210|Domain name [01;31mis av[00mailable
so|bark.so|210|Domain name [01;31mis av[00mailable
so|base.so|210|Domain name [01;31mis av[00mailable
so|basic.so|210|Domain name [01;31mis av[00mailable
com.cn|basin.com.cn|210|Domain name [01;31mis av[00mailable
so|basin.so|210|Domain name [01;31mis av[00mailable
so|basket.so|210|Domain name [01;31mis av[00mailable
so|bath.so|210|Domain name [01;31mis av[00mailable
cc|bathe.cc|210|Domain name [01;31mis av[00mailable
so|bathe.so|210|Domain name [01;31mis av[00mailable
so|battle.so|210|Domain name [01;31mis av[00mailable
cc|beard.cc|210|Domain name [01;31mis av[00mailable
so|become.so|210|Domain name [01;31mis av[00mailable
so|beef.so|210|Domain name [01;31mis av[00mailable
so|beg.so|210|Domain name [01;31mis av[00mailable
cc|beggar.cc|210|Domain name [01;31mis av[00mailable
so|beggar.so|210|Domain name [01;31mis av[00mailable
com.cn|behalf.com.cn|210|Domain name [01;31mis av[00mailable
cc|behalf.cc|210|Domain name [01;31mis av[00mailable
so|behalf.so|210|Domain name [01;31mis av[00mailable
com.cn|behave.com.cn|210|Domain name [01;31mis av[00mailable
cc|behave.cc|210|Domain name [01;31mis av[00mailable
cc|behind.cc|210|Domain name [01;31mis av[00mailable
so|behind.so|210|Domain name [01;31mis av[00mailable
so|bell.so|210|Domain name [01;31mis av[00mailable
cc|belly.cc|210|Domain name [01;31mis av[00mailable
so|belly.so|210|Domain name [01;31mis av[00mailable
cc|below.cc|210|Domain name [01;31mis av[00mailable
so|below.so|210|Domain name [01;31mis av[00mailable
cc|bench.cc|210|Domain name [01;31mis av[00mailable
so|bench.so|210|Domain name [01;31mis av[00mailable
so|bend.so|210|Domain name [01;31mis av[00mailable
cc|beside.cc|210|Domain name [01;31mis av[00mailable
so|beside.so|210|Domain name [01;31mis av[00mailable
com.cn|betray.com.cn|210|Domain name [01;31mis av[00mailable
cc|betray.cc|210|Domain name [01;31mis av[00mailable
so|betray.so|210|Domain name [01;31mis av[00mailable
so|birth.so|210|Domain name [01;31mis av[00mailable
cc|blame.cc|210|Domain name [01;31mis av[00mailable
so|blame.so|210|Domain name [01;31mis av[00mailable
cc|bleed.cc|210|Domain name [01;31mis av[00mailable
so|bleed.so|210|Domain name [01;31mis av[00mailable
so|blind.so|210|Domain name [01;31mis av[00mailable
so|block.so|210|Domain name [01;31mis av[00mailable
so|blood.so|210|Domain name [01;31mis av[00mailable
cc|bloody.cc|210|Domain name [01;31mis av[00mailable
so|bloody.so|210|Domain name [01;31mis av[00mailable
so|bloom.so|210|Domain name [01;31mis av[00mailable
cc|blouse.cc|210|Domain name [01;31mis av[00mailable
so|blouse.so|210|Domain name [01;31mis av[00mailable
so|blow.so|210|Domain name [01;31mis av[00mailable
so|boast.so|210|Domain name [01;31mis av[00mailable
so|boil.so|210|Domain name [01;31mis av[00mailable
so|bomb.so|210|Domain name [01;31mis av[00mailable
so|bone.so|210|Domain name [01;31mis av[00mailable
so|bonus.so|210|Domain name [01;31mis av[00mailable
so|border.so|210|Domain name [01;31mis av[00mailable
so|borrow.so|210|Domain name [01;31mis av[00mailable
cc|botany.cc|210|Domain name [01;31mis av[00mailable
so|botany.so|210|Domain name [01;31mis av[00mailable
so|both.so|210|Domain name [01;31mis av[00mailable
com.cn|bother.com.cn|210|Domain name [01;31mis av[00mailable
cc|bother.cc|210|Domain name [01;31mis av[00mailable
so|bother.so|210|Domain name [01;31mis av[00mailable
so|bottom.so|210|Domain name [01;31mis av[00mailable
so|bound.so|210|Domain name [01;31mis av[00mailable
so|bowl.so|210|Domain name [01;31mis av[00mailable
so|brake.so|210|Domain name [01;31mis av[00mailable
so|branch.so|210|Domain name [01;31mis av[00mailable
so|brave.so|210|Domain name [01;31mis av[00mailable
so|bread.so|210|Domain name [01;31mis av[00mailable
so|break.so|210|Domain name [01;31mis av[00mailable
cc|breath.cc|210|Domain name [01;31mis av[00mailable
so|breath.so|210|Domain name [01;31mis av[00mailable
cc|breed.cc|210|Domain name [01;31mis av[00mailable
so|breed.so|210|Domain name [01;31mis av[00mailable
so|brick.so|210|Domain name [01;31mis av[00mailable
so|bride.so|210|Domain name [01;31mis av[00mailable
so|bridge.so|210|Domain name [01;31mis av[00mailable
so|brief.so|210|Domain name [01;31mis av[00mailable
so|bring.so|210|Domain name [01;31mis av[00mailable
cc|broken.cc|210|Domain name [01;31mis av[00mailable
so|broom.so|210|Domain name [01;31mis av[00mailable
so|brunch.so|210|Domain name [01;31mis av[00mailable
so|bucket.so|210|Domain name [01;31mis av[00mailable
so|budget.so|210|Domain name [01;31mis av[00mailable
cc|buffet.cc|210|Domain name [01;31mis av[00mailable
so|buffet.so|210|Domain name [01;31mis av[00mailable
so|bullet.so|210|Domain name [01;31mis av[00mailable
so|bump.so|210|Domain name [01;31mis av[00mailable
so|bunch.so|210|Domain name [01;31mis av[00mailable
com.cn|burden.com.cn|210|Domain name [01;31mis av[00mailable
so|burden.so|210|Domain name [01;31mis av[00mailable
so|bury.so|210|Domain name [01;31mis av[00mailable
so|bush.so|210|Domain name [01;31mis av[00mailable
so|butter.so|210|Domain name [01;31mis av[00mailable
so|bye.so|210|Domain name [01;31mis av[00mailable
cc|caller.cc|210|Domain name [01;31mis av[00mailable
so|caller.so|210|Domain name [01;31mis av[00mailable
cc|calmly.cc|210|Domain name [01;31mis av[00mailable
so|calmly.so|210|Domain name [01;31mis av[00mailable
co|calmly.co|210|Domain name [01;31mis av[00mailable
biz|calmly.biz|210|Domain name [01;31mis av[00mailable
so|campus.so|210|Domain name [01;31mis av[00mailable
so|canal.so|210|Domain name [01;31mis av[00mailable
so|cancel.so|210|Domain name [01;31mis av[00mailable
so|candle.so|210|Domain name [01;31mis av[00mailable
so|cap.so|210|Domain name [01;31mis av[00mailable
so|carbon.so|210|Domain name [01;31mis av[00mailable
cc|carrot.cc|210|Domain name [01;31mis av[00mailable
so|carrot.so|210|Domain name [01;31mis av[00mailable
so|carry.so|210|Domain name [01;31mis av[00mailable
so|carve.so|210|Domain name [01;31mis av[00mailable
so|casual.so|210|Domain name [01;31mis av[00mailable
so|cater.so|210|Domain name [01;31mis av[00mailable
so|cattle.so|210|Domain name [01;31mis av[00mailable
so|cave.so|210|Domain name [01;31mis av[00mailable
com.cn|cease.com.cn|210|Domain name [01;31mis av[00mailable
cc|cease.cc|210|Domain name [01;31mis av[00mailable
so|cease.so|210|Domain name [01;31mis av[00mailable
so|cent.so|210|Domain name [01;31mis av[00mailable
so|centre.so|210|Domain name [01;31mis av[00mailable
so|chair.so|210|Domain name [01;31mis av[00mailable
so|chalk.so|210|Domain name [01;31mis av[00mailable
so|chant.so|210|Domain name [01;31mis av[00mailable
so|charm.so|210|Domain name [01;31mis av[00mailable
so|chart.so|210|Domain name [01;31mis av[00mailable
cc|cheep.cc|210|Domain name [01;31mis av[00mailable
so|cheep.so|210|Domain name [01;31mis av[00mailable
so|cheat.so|210|Domain name [01;31mis av[00mailable
so|check.so|210|Domain name [01;31mis av[00mailable
so|cheek.so|210|Domain name [01;31mis av[00mailable
so|cheer.so|210|Domain name [01;31mis av[00mailable
so|cheers.so|210|Domain name [01;31mis av[00mailable
so|cheese.so|210|Domain name [01;31mis av[00mailable
so|check.so|210|Domain name [01;31mis av[00mailable
so|chew.so|210|Domain name [01;31mis av[00mailable
so|chief.so|210|Domain name [01;31mis av[00mailable
so|choir.so|210|Domain name [01;31mis av[00mailable
so|choke.so|210|Domain name [01;31mis av[00mailable
cc|civil.cc|210|Domain name [01;31mis av[00mailable
so|civil.so|210|Domain name [01;31mis av[00mailable
so|clap.so|210|Domain name [01;31mis av[00mailable
so|claw.so|210|Domain name [01;31mis av[00mailable
cc|clay.cc|210|Domain name [01;31mis av[00mailable
so|clay.so|210|Domain name [01;31mis av[00mailable
so|clear.so|210|Domain name [01;31mis av[00mailable
so|clerk.so|210|Domain name [01;31mis av[00mailable
so|client.so|210|Domain name [01;31mis av[00mailable
so|climb.so|210|Domain name [01;31mis av[00mailable
so|clone.so|210|Domain name [01;31mis av[00mailable
so|close.so|210|Domain name [01;31mis av[00mailable
so|cloths.so|210|Domain name [01;31mis av[00mailable
com.cn|clumsy.com.cn|210|Domain name [01;31mis av[00mailable
so|clumsy.so|210|Domain name [01;31mis av[00mailable
so|coast.so|210|Domain name [01;31mis av[00mailable
so|cocoa.so|210|Domain name [01;31mis av[00mailable
so|coin.so|210|Domain name [01;31mis av[00mailable
com.cn|coldly.com.cn|210|Domain name [01;31mis av[00mailable
cc|coldly.cc|210|Domain name [01;31mis av[00mailable
so|coldly.so|210|Domain name [01;31mis av[00mailable
co|coldly.co|210|Domain name [01;31mis av[00mailable
me|coldly.me|210|Domain name [01;31mis av[00mailable
cc|collar.cc|210|Domain name [01;31mis av[00mailable
so|collar.so|210|Domain name [01;31mis av[00mailable
so|comb.so|210|Domain name [01;31mis av[00mailable
so|commit.so|210|Domain name [01;31mis av[00mailable
so|convey.so|210|Domain name [01;31mis av[00mailable
so|copier.so|210|Domain name [01;31mis av[00mailable
so|cord.so|210|Domain name [01;31mis av[00mailable
so|corn.so|210|Domain name [01;31mis av[00mailable
so|corner.so|210|Domain name [01;31mis av[00mailable
so|costly.so|210|Domain name [01;31mis av[00mailable
cc|cough.cc|210|Domain name [01;31mis av[00mailable
so|cough.so|210|Domain name [01;31mis av[00mailable
cc|could.cc|210|Domain name [01;31mis av[00mailable
so|could.so|210|Domain name [01;31mis av[00mailable
so|count.so|210|Domain name [01;31mis av[00mailable
so|couple.so|210|Domain name [01;31mis av[00mailable
so|cousin.so|210|Domain name [01;31mis av[00mailable
so|cover.so|210|Domain name [01;31mis av[00mailable
com.cn|coward.com.cn|210|Domain name [01;31mis av[00mailable
cc|coward.cc|210|Domain name [01;31mis av[00mailable
so|coward.so|210|Domain name [01;31mis av[00mailable
so|crane.so|210|Domain name [01;31mis av[00mailable
com.cn|crawl.com.cn|210|Domain name [01;31mis av[00mailable
cc|crawl.cc|210|Domain name [01;31mis av[00mailable
so|crawl.so|210|Domain name [01;31mis av[00mailable
so|crayon.so|210|Domain name [01;31mis av[00mailable
so|cream.so|210|Domain name [01;31mis av[00mailable
so|crew.so|210|Domain name [01;31mis av[00mailable
so|crime.so|210|Domain name [01;31mis av[00mailable
so|crisp.so|210|Domain name [01;31mis av[00mailable
cc|critic.cc|210|Domain name [01;31mis av[00mailable
so|critic.so|210|Domain name [01;31mis av[00mailable
so|cross.so|210|Domain name [01;31mis av[00mailable
so|cruel.so|210|Domain name [01;31mis av[00mailable
so|crush.so|210|Domain name [01;31mis av[00mailable
so|curse.so|210|Domain name [01;31mis av[00mailable
so|custom.so|210|Domain name [01;31mis av[00mailable
so|damage.so|210|Domain name [01;31mis av[00mailable
cc|damp.cc|210|Domain name [01;31mis av[00mailable
so|dancer.so|210|Domain name [01;31mis av[00mailable
so|dash.so|210|Domain name [01;31mis av[00mailable
so|dawn.so|210|Domain name [01;31mis av[00mailable
com.cn|deadly.com.cn|210|Domain name [01;31mis av[00mailable
cc|deadly.cc|210|Domain name [01;31mis av[00mailable
so|deadly.so|210|Domain name [01;31mis av[00mailable
so|deaf.so|210|Domain name [01;31mis av[00mailable
com.cn|deafen.com.cn|210|Domain name [01;31mis av[00mailable
cc|deafen.cc|210|Domain name [01;31mis av[00mailable
so|deafen.so|210|Domain name [01;31mis av[00mailable
co|deafen.co|210|Domain name [01;31mis av[00mailable
me|deafen.me|210|Domain name [01;31mis av[00mailable
biz|deafen.biz|210|Domain name [01;31mis av[00mailable
so|death.so|210|Domain name [01;31mis av[00mailable
so|debate.so|210|Domain name [01;31mis av[00mailable
so|decade.so|210|Domain name [01;31mis av[00mailable
so|decide.so|210|Domain name [01;31mis av[00mailable
cc|deed.cc|210|Domain name [01;31mis av[00mailable
so|deed.so|210|Domain name [01;31mis av[00mailable
com.cn|deepen.com.cn|210|Domain name [01;31mis av[00mailable
cc|deepen.cc|210|Domain name [01;31mis av[00mailable
so|deepen.so|210|Domain name [01;31mis av[00mailable
biz|deepen.biz|210|Domain name [01;31mis av[00mailable
cc|defeat.cc|210|Domain name [01;31mis av[00mailable
so|defeat.so|210|Domain name [01;31mis av[00mailable
so|defend.so|210|Domain name [01;31mis av[00mailable
so|define.so|210|Domain name [01;31mis av[00mailable
so|degree.so|210|Domain name [01;31mis av[00mailable
so|delay.so|210|Domain name [01;31mis av[00mailable
so|delete.so|210|Domain name [01;31mis av[00mailable
so|demand.so|210|Domain name [01;31mis av[00mailable
cc|deny.cc|210|Domain name [01;31mis av[00mailable
so|deny.so|210|Domain name [01;31mis av[00mailable
so|depend.so|210|Domain name [01;31mis av[00mailable
so|depth.so|210|Domain name [01;31mis av[00mailable
so|desire.so|210|Domain name [01;31mis av[00mailable
so|detail.so|210|Domain name [01;31mis av[00mailable
cc|detect.cc|210|Domain name [01;31mis av[00mailable
so|detect.so|210|Domain name [01;31mis av[00mailable
so|devote.so|210|Domain name [01;31mis av[00mailable
cc|differ.cc|210|Domain name [01;31mis av[00mailable
so|differ.so|210|Domain name [01;31mis av[00mailable
biz|differ.biz|210|Domain name [01;31mis av[00mailable
so|digest.so|210|Domain name [01;31mis av[00mailable
so|dim.so|210|Domain name [01;31mis av[00mailable
so|dinner.so|210|Domain name [01;31mis av[00mailable
so|direct.so|210|Domain name [01;31mis av[00mailable
so|dirt.so|210|Domain name [01;31mis av[00mailable
so|dirty.so|210|Domain name [01;31mis av[00mailable
so|dish.so|210|Domain name [01;31mis av[00mailable
cc|divide.cc|210|Domain name [01;31mis av[00mailable
so|divide.so|210|Domain name [01;31mis av[00mailable
so|donkey.so|210|Domain name [01;31mis av[00mailable
so|dozen.so|210|Domain name [01;31mis av[00mailable
so|drag.so|210|Domain name [01;31mis av[00mailable
so|drama.so|210|Domain name [01;31mis av[00mailable
cc|drawer.cc|210|Domain name [01;31mis av[00mailable
so|drawer.so|210|Domain name [01;31mis av[00mailable
so|drug.so|210|Domain name [01;31mis av[00mailable
so|drum.so|210|Domain name [01;31mis av[00mailable
so|drunk.so|210|Domain name [01;31mis av[00mailable
so|dry.so|210|Domain name [01;31mis av[00mailable
cc|dumb.cc|210|Domain name [01;31mis av[00mailable
so|dumb.so|210|Domain name [01;31mis av[00mailable
so|dump.so|210|Domain name [01;31mis av[00mailable
so|during.so|210|Domain name [01;31mis av[00mailable
cc|dusk.cc|210|Domain name [01;31mis av[00mailable
so|dusk.so|210|Domain name [01;31mis av[00mailable
so|dust.so|210|Domain name [01;31mis av[00mailable
so|dusty.so|210|Domain name [01;31mis av[00mailable
so|duty.so|210|Domain name [01;31mis av[00mailable
cc|dying.cc|210|Domain name [01;31mis av[00mailable
so|dying.so|210|Domain name [01;31mis av[00mailable
so|eager.so|210|Domain name [01;31mis av[00mailable
so|eagle.so|210|Domain name [01;31mis av[00mailable
so|ear.so|210|Domain name [01;31mis av[00mailable
so|early.so|210|Domain name [01;31mis av[00mailable
so|easter.so|210|Domain name [01;31mis av[00mailable
so|edge.so|210|Domain name [01;31mis av[00mailable
so|edit.so|210|Domain name [01;31mis av[00mailable
so|editor.so|210|Domain name [01;31mis av[00mailable
so|effect.so|210|Domain name [01;31mis av[00mailable
so|effort.so|210|Domain name [01;31mis av[00mailable
cc|either.cc|210|Domain name [01;31mis av[00mailable
so|either.so|210|Domain name [01;31mis av[00mailable
so|elect.so|210|Domain name [01;31mis av[00mailable
so|else.so|210|Domain name [01;31mis av[00mailable
so|employ.so|210|Domain name [01;31mis av[00mailable
cc|ending.cc|210|Domain name [01;31mis av[00mailable
so|ending.so|210|Domain name [01;31mis av[00mailable
so|enemy.so|210|Domain name [01;31mis av[00mailable
so|enough.so|210|Domain name [01;31mis av[00mailable
cc|entire.cc|210|Domain name [01;31mis av[00mailable
so|entire.so|210|Domain name [01;31mis av[00mailable
so|entry.so|210|Domain name [01;31mis av[00mailable
so|equal.so|210|Domain name [01;31mis av[00mailable
so|equip.so|210|Domain name [01;31mis av[00mailable
so|eraser.so|210|Domain name [01;31mis av[00mailable
com.cn|erupt.com.cn|210|Domain name [01;31mis av[00mailable
cc|erupt.cc|210|Domain name [01;31mis av[00mailable
so|erupt.so|210|Domain name [01;31mis av[00mailable
biz|erupt.biz|210|Domain name [01;31mis av[00mailable
so|escape.so|210|Domain name [01;31mis av[00mailable
cc|exact.cc|210|Domain name [01;31mis av[00mailable
so|exact.so|210|Domain name [01;31mis av[00mailable
cc|except.cc|210|Domain name [01;31mis av[00mailable
so|except.so|210|Domain name [01;31mis av[00mailable
so|excite.so|210|Domain name [01;31mis av[00mailable
so|excuse.so|210|Domain name [01;31mis av[00mailable
cc|exist.cc|210|Domain name [01;31mis av[00mailable
so|exist.so|210|Domain name [01;31mis av[00mailable
so|expand.so|210|Domain name [01;31mis av[00mailable
so|expose.so|210|Domain name [01;31mis av[00mailable
so|facial.so|210|Domain name [01;31mis av[00mailable
so|fade.so|210|Domain name [01;31mis av[00mailable
so|fair.so|210|Domain name [01;31mis av[00mailable
cc|fairly.cc|210|Domain name [01;31mis av[00mailable
so|fairly.so|210|Domain name [01;31mis av[00mailable
biz|fairly.biz|210|Domain name [01;31mis av[00mailable
so|fall.so|210|Domain name [01;31mis av[00mailable
so|false.so|210|Domain name [01;31mis av[00mailable
so|fare.so|210|Domain name [01;31mis av[00mailable
so|fasten.so|210|Domain name [01;31mis av[00mailable
cc|fault.cc|210|Domain name [01;31mis av[00mailable
so|fault.so|210|Domain name [01;31mis av[00mailable
cc|deed.cc|210|Domain name [01;31mis av[00mailable
so|deed.so|210|Domain name [01;31mis av[00mailable
so|fellow.so|210|Domain name [01;31mis av[00mailable
so|ferry.so|210|Domain name [01;31mis av[00mailable
so|fetch.so|210|Domain name [01;31mis av[00mailable
so|fierce.so|210|Domain name [01;31mis av[00mailable
so|figure.so|210|Domain name [01;31mis av[00mailable
so|fill.so|210|Domain name [01;31mis av[00mailable
so|final.so|210|Domain name [01;31mis av[00mailable
so|finger.so|210|Domain name [01;31mis av[00mailable
cc|finish.cc|210|Domain name [01;31mis av[00mailable
so|finish.so|210|Domain name [01;31mis av[00mailable
so|firm.so|210|Domain name [01;31mis av[00mailable
cc|firmly.cc|210|Domain name [01;31mis av[00mailable
so|firmly.so|210|Domain name [01;31mis av[00mailable
co|firmly.co|210|Domain name [01;31mis av[00mailable
me|firmly.me|210|Domain name [01;31mis av[00mailable
so|fist.so|210|Domain name [01;31mis av[00mailable
com.cn|fisted.com.cn|210|Domain name [01;31mis av[00mailable
cc|fisted.cc|210|Domain name [01;31mis av[00mailable
so|fisted.so|210|Domain name [01;31mis av[00mailable
co|fisted.co|210|Domain name [01;31mis av[00mailable
me|fisted.me|210|Domain name [01;31mis av[00mailable
so|flag.so|210|Domain name [01;31mis av[00mailable
so|flame.so|210|Domain name [01;31mis av[00mailable
so|flat.so|210|Domain name [01;31mis av[00mailable
cc|flee.cc|210|Domain name [01;31mis av[00mailable
so|flee.so|210|Domain name [01;31mis av[00mailable
cc|flesh.cc|210|Domain name [01;31mis av[00mailable
so|flesh.so|210|Domain name [01;31mis av[00mailable
so|float.so|210|Domain name [01;31mis av[00mailable
so|flour.so|210|Domain name [01;31mis av[00mailable
com.cn|floury.com.cn|210|Domain name [01;31mis av[00mailable
cc|floury.cc|210|Domain name [01;31mis av[00mailable
so|floury.so|210|Domain name [01;31mis av[00mailable
co|floury.co|210|Domain name [01;31mis av[00mailable
me|floury.me|210|Domain name [01;31mis av[00mailable
biz|floury.biz|210|Domain name [01;31mis av[00mailable
so|fluent.so|210|Domain name [01;31mis av[00mailable
com.cn|foggy.com.cn|210|Domain name [01;31mis av[00mailable
cc|foggy.cc|210|Domain name [01;31mis av[00mailable
so|foggy.so|210|Domain name [01;31mis av[00mailable
so|fold.so|210|Domain name [01;31mis av[00mailable
so|folk.so|210|Domain name [01;31mis av[00mailable
so|follow.so|210|Domain name [01;31mis av[00mailable
cc|forbid.cc|210|Domain name [01;31mis av[00mailable
so|forbid.so|210|Domain name [01;31mis av[00mailable
so|force.so|210|Domain name [01;31mis av[00mailable
so|forget.so|210|Domain name [01;31mis av[00mailable
so|fork.so|210|Domain name [01;31mis av[00mailable
so|form.so|210|Domain name [01;31mis av[00mailable
so|formal.so|210|Domain name [01;31mis av[00mailable
so|format.so|210|Domain name [01;31mis av[00mailable
so|former.so|210|Domain name [01;31mis av[00mailable
so|found.so|210|Domain name [01;31mis av[00mailable
cc|franc.cc|210|Domain name [01;31mis av[00mailable
so|franc.so|210|Domain name [01;31mis av[00mailable
so|freely.so|210|Domain name [01;31mis av[00mailable
so|freeze.so|210|Domain name [01;31mis av[00mailable
so|fridge.so|210|Domain name [01;31mis av[00mailable
so|front.so|210|Domain name [01;31mis av[00mailable
so|full.so|210|Domain name [01;31mis av[00mailable
cc|fully.cc|210|Domain name [01;31mis av[00mailable
so|fully.so|210|Domain name [01;31mis av[00mailable
so|gain.so|210|Domain name [01;31mis av[00mailable
cc|gallon.cc|210|Domain name [01;31mis av[00mailable
so|gallon.so|210|Domain name [01;31mis av[00mailable
me|gallon.me|210|Domain name [01;31mis av[00mailable
so|gentle.so|210|Domain name [01;31mis av[00mailable
cc|gently.cc|210|Domain name [01;31mis av[00mailable
so|gently.so|210|Domain name [01;31mis av[00mailable
so|gifted.so|210|Domain name [01;31mis av[00mailable
cc|given.cc|210|Domain name [01;31mis av[00mailable
so|given.so|210|Domain name [01;31mis av[00mailable
so|glad.so|210|Domain name [01;31mis av[00mailable
so|glare.so|210|Domain name [01;31mis av[00mailable
so|glory.so|210|Domain name [01;31mis av[00mailable
so|glow.so|210|Domain name [01;31mis av[00mailable
so|goose.so|210|Domain name [01;31mis av[00mailable
cc|govern.cc|210|Domain name [01;31mis av[00mailable
so|govern.so|210|Domain name [01;31mis av[00mailable
cc|grain.cc|210|Domain name [01;31mis av[00mailable
so|grain.so|210|Domain name [01;31mis av[00mailable
so|gram.so|210|Domain name [01;31mis av[00mailable
so|grand.so|210|Domain name [01;31mis av[00mailable
so|granny.so|210|Domain name [01;31mis av[00mailable
so|grape.so|210|Domain name [01;31mis av[00mailable
so|grass.so|210|Domain name [01;31mis av[00mailable
cc|greedy.cc|210|Domain name [01;31mis av[00mailable
so|greedy.so|210|Domain name [01;31mis av[00mailable
cc|greet.cc|210|Domain name [01;31mis av[00mailable
so|greet.so|210|Domain name [01;31mis av[00mailable
so|grey.so|210|Domain name [01;31mis av[00mailable
so|grill.so|210|Domain name [01;31mis av[00mailable
so|ground.so|210|Domain name [01;31mis av[00mailable
so|grow.so|210|Domain name [01;31mis av[00mailable
so|guard.so|210|Domain name [01;31mis av[00mailable
com.cn|guilty.com.cn|210|Domain name [01;31mis av[00mailable
so|gun.so|210|Domain name [01;31mis av[00mailable
cc|habit.cc|210|Domain name [01;31mis av[00mailable
so|half.so|210|Domain name [01;31mis av[00mailable
so|hall.so|210|Domain name [01;31mis av[00mailable
so|ham.so|210|Domain name [01;31mis av[00mailable
so|handle.so|210|Domain name [01;31mis av[00mailable
so|hang.so|210|Domain name [01;31mis av[00mailable
cc|happen.cc|210|Domain name [01;31mis av[00mailable
so|hard.so|210|Domain name [01;31mis av[00mailable
so|harden.so|210|Domain name [01;31mis av[00mailable
cc|hardly.cc|210|Domain name [01;31mis av[00mailable
so|hardly.so|210|Domain name [01;31mis av[00mailable
cc|harm.cc|210|Domain name [01;31mis av[00mailable
so|harm.so|210|Domain name [01;31mis av[00mailable
com.cn|hatred.com.cn|210|Domain name [01;31mis av[00mailable
cc|hatred.cc|210|Domain name [01;31mis av[00mailable
so|hatred.so|210|Domain name [01;31mis av[00mailable
so|heal.so|210|Domain name [01;31mis av[00mailable
so|hear.so|210|Domain name [01;31mis av[00mailable
so|hearty.so|210|Domain name [01;31mis av[00mailable
so|heat.so|210|Domain name [01;31mis av[00mailable
com.cn|heated.com.cn|210|Domain name [01;31mis av[00mailable
cc|heated.cc|210|Domain name [01;31mis av[00mailable
so|heated.so|210|Domain name [01;31mis av[00mailable
so|heavy.so|210|Domain name [01;31mis av[00mailable
so|heel.so|210|Domain name [01;31mis av[00mailable
cc|height.cc|210|Domain name [01;31mis av[00mailable
so|height.so|210|Domain name [01;31mis av[00mailable
cc|height.cc|210|Domain name [01;31mis av[00mailable
so|height.so|210|Domain name [01;31mis av[00mailable
so|hell.so|210|Domain name [01;31mis av[00mailable
so|herb.so|210|Domain name [01;31mis av[00mailable
so|heroic.so|210|Domain name [01;31mis av[00mailable
so|hers.so|210|Domain name [01;31mis av[00mailable
so|hide.so|210|Domain name [01;31mis av[00mailable
so|hill.so|210|Domain name [01;31mis av[00mailable
cc|hilly.cc|210|Domain name [01;31mis av[00mailable
so|hilly.so|210|Domain name [01;31mis av[00mailable
so|him.so|210|Domain name [01;31mis av[00mailable
so|hold.so|210|Domain name [01;31mis av[00mailable
so|hole.so|210|Domain name [01;31mis av[00mailable
so|honest.so|210|Domain name [01;31mis av[00mailable
so|hook.so|210|Domain name [01;31mis av[00mailable
so|hotdog.so|210|Domain name [01;31mis av[00mailable
so|hour.so|210|Domain name [01;31mis av[00mailable
so|howl.so|210|Domain name [01;31mis av[00mailable
so|hunter.so|210|Domain name [01;31mis av[00mailable
cc|hurry.cc|210|Domain name [01;31mis av[00mailable
so|hurry.so|210|Domain name [01;31mis av[00mailable
so|idiom.so|210|Domain name [01;31mis av[00mailable
so|idle.so|210|Domain name [01;31mis av[00mailable
com.cn|ignore.com.cn|210|Domain name [01;31mis av[00mailable
cc|ignore.cc|210|Domain name [01;31mis av[00mailable
so|ignore.so|210|Domain name [01;31mis av[00mailable
com.cn|imply.com.cn|210|Domain name [01;31mis av[00mailable
cc|imply.cc|210|Domain name [01;31mis av[00mailable
cc|inch.cc|210|Domain name [01;31mis av[00mailable
so|inch.so|210|Domain name [01;31mis av[00mailable
so|indeed.so|210|Domain name [01;31mis av[00mailable
so|infect.so|210|Domain name [01;31mis av[00mailable
cc|infer.cc|210|Domain name [01;31mis av[00mailable
so|infer.so|210|Domain name [01;31mis av[00mailable
so|inform.so|210|Domain name [01;31mis av[00mailable
so|injury.so|210|Domain name [01;31mis av[00mailable
cc|injure.cc|210|Domain name [01;31mis av[00mailable
so|injure.so|210|Domain name [01;31mis av[00mailable
cc|inland.cc|210|Domain name [01;31mis av[00mailable
so|inland.so|210|Domain name [01;31mis av[00mailable
cc|inner.cc|210|Domain name [01;31mis av[00mailable
so|input.so|210|Domain name [01;31mis av[00mailable
so|insect.so|210|Domain name [01;31mis av[00mailable
so|insert.so|210|Domain name [01;31mis av[00mailable
so|insist.so|210|Domain name [01;31mis av[00mailable
cc|intend.cc|210|Domain name [01;31mis av[00mailable
so|intend.so|210|Domain name [01;31mis av[00mailable
so|into.so|210|Domain name [01;31mis av[00mailable
so|island.so|210|Domain name [01;31mis av[00mailable
cc|itself.cc|210|Domain name [01;31mis av[00mailable
so|itself.so|210|Domain name [01;31mis av[00mailable
so|jaw.so|210|Domain name [01;31mis av[00mailable
so|joking.so|210|Domain name [01;31mis av[00mailable
cc|judge.cc|210|Domain name [01;31mis av[00mailable
so|judge.so|210|Domain name [01;31mis av[00mailable
so|junior.so|210|Domain name [01;31mis av[00mailable
cc|keen.cc|210|Domain name [01;31mis av[00mailable
so|keeper.so|210|Domain name [01;31mis av[00mailable
so|kettle.so|210|Domain name [01;31mis av[00mailable
so|kick.so|210|Domain name [01;31mis av[00mailable
so|kilo.so|210|Domain name [01;31mis av[00mailable
so|kindly.so|210|Domain name [01;31mis av[00mailable
so|kite.so|210|Domain name [01;31mis av[00mailable
so|knife.so|210|Domain name [01;31mis av[00mailable
so|koala.so|210|Domain name [01;31mis av[00mailable
so|label.so|210|Domain name [01;31mis av[00mailable
so|labor.so|210|Domain name [01;31mis av[00mailable
cc|lack.cc|210|Domain name [01;31mis av[00mailable
so|lack.so|210|Domain name [01;31mis av[00mailable
so|ladder.so|210|Domain name [01;31mis av[00mailable
so|lamb.so|210|Domain name [01;31mis av[00mailable
so|lane.so|210|Domain name [01;31mis av[00mailable
so|large.so|210|Domain name [01;31mis av[00mailable
cc|lately.cc|210|Domain name [01;31mis av[00mailable
so|lately.so|210|Domain name [01;31mis av[00mailable
so|latest.so|210|Domain name [01;31mis av[00mailable
cc|latter.cc|210|Domain name [01;31mis av[00mailable
so|latter.so|210|Domain name [01;31mis av[00mailable
so|laugh.so|210|Domain name [01;31mis av[00mailable
so|launch.so|210|Domain name [01;31mis av[00mailable
so|lawful.so|210|Domain name [01;31mis av[00mailable
so|lawn.so|210|Domain name [01;31mis av[00mailable
so|lay.so|210|Domain name [01;31mis av[00mailable
so|layer.so|210|Domain name [01;31mis av[00mailable
cc|lazily.cc|210|Domain name [01;31mis av[00mailable
so|lazily.so|210|Domain name [01;31mis av[00mailable
co|lazily.co|210|Domain name [01;31mis av[00mailable
me|lazily.me|210|Domain name [01;31mis av[00mailable
biz|lazily.biz|210|Domain name [01;31mis av[00mailable
so|league.so|210|Domain name [01;31mis av[00mailable
so|leak.so|210|Domain name [01;31mis av[00mailable
so|lean.so|210|Domain name [01;31mis av[00mailable
cc|least.cc|210|Domain name [01;31mis av[00mailable
so|least.so|210|Domain name [01;31mis av[00mailable
so|leave.so|210|Domain name [01;31mis av[00mailable
so|left.so|210|Domain name [01;31mis av[00mailable
so|lend.so|210|Domain name [01;31mis av[00mailable
cc|length.cc|210|Domain name [01;31mis av[00mailable
so|length.so|210|Domain name [01;31mis av[00mailable
so|lesson.so|210|Domain name [01;31mis av[00mailable
so|letter.so|210|Domain name [01;31mis av[00mailable
so|lid.so|210|Domain name [01;31mis av[00mailable
so|lift.so|210|Domain name [01;31mis av[00mailable
so|likely.so|210|Domain name [01;31mis av[00mailable
so|limit.so|210|Domain name [01;31mis av[00mailable
so|liquor.so|210|Domain name [01;31mis av[00mailable
com.cn|liter.com.cn|210|Domain name [01;31mis av[00mailable
cc|liter.cc|210|Domain name [01;31mis av[00mailable
so|liter.so|210|Domain name [01;31mis av[00mailable
so|lively.so|210|Domain name [01;31mis av[00mailable
so|load.so|210|Domain name [01;31mis av[00mailable
cc|loaf.cc|210|Domain name [01;31mis av[00mailable
so|lock.so|210|Domain name [01;31mis av[00mailable
so|loose.so|210|Domain name [01;31mis av[00mailable
so|lord.so|210|Domain name [01;31mis av[00mailable
cc|lorry.cc|210|Domain name [01;31mis av[00mailable
so|lorry.so|210|Domain name [01;31mis av[00mailable
so|lose.so|210|Domain name [01;31mis av[00mailable
so|loss.so|210|Domain name [01;31mis av[00mailable
cc|loudly.cc|210|Domain name [01;31mis av[00mailable
so|loudly.so|210|Domain name [01;31mis av[00mailable
biz|loudly.biz|210|Domain name [01;31mis av[00mailable
so|lounge.so|210|Domain name [01;31mis av[00mailable
so|lower.so|210|Domain name [01;31mis av[00mailable
so|lunch.so|210|Domain name [01;31mis av[00mailable
so|lung.so|210|Domain name [01;31mis av[00mailable
cc|madly.cc|210|Domain name [01;31mis av[00mailable
so|madly.so|210|Domain name [01;31mis av[00mailable
co|madly.co|210|Domain name [01;31mis av[00mailable
so|maid.so|210|Domain name [01;31mis av[00mailable
cc|mainly.cc|210|Domain name [01;31mis av[00mailable
so|mainly.so|210|Domain name [01;31mis av[00mailable
so|manage.so|210|Domain name [01;31mis av[00mailable
so|manual.so|210|Domain name [01;31mis av[00mailable
so|mat.so|210|Domain name [01;31mis av[00mailable
so|mature.so|210|Domain name [01;31mis av[00mailable
so|meal.so|210|Domain name [01;31mis av[00mailable
so|means.so|210|Domain name [01;31mis av[00mailable
so|medial.so|210|Domain name [01;31mis av[00mailable
me|medial.me|210|Domain name [01;31mis av[00mailable
so|medal.so|210|Domain name [01;31mis av[00mailable
so|medium.so|210|Domain name [01;31mis av[00mailable
so|melon.so|210|Domain name [01;31mis av[00mailable
so|member.so|210|Domain name [01;31mis av[00mailable
so|mend.so|210|Domain name [01;31mis av[00mailable
so|mental.so|210|Domain name [01;31mis av[00mailable
so|mercy.so|210|Domain name [01;31mis av[00mailable
cc|merely.cc|210|Domain name [01;31mis av[00mailable
so|merely.so|210|Domain name [01;31mis av[00mailable
com.cn|messy.com.cn|210|Domain name [01;31mis av[00mailable
cc|messy.cc|210|Domain name [01;31mis av[00mailable
so|messy.so|210|Domain name [01;31mis av[00mailable
so|method.so|210|Domain name [01;31mis av[00mailable
cc|meter.cc|210|Domain name [01;31mis av[00mailable
so|meter.so|210|Domain name [01;31mis av[00mailable
so|method.so|210|Domain name [01;31mis av[00mailable
so|midday.so|210|Domain name [01;31mis av[00mailable
co|midday.co|210|Domain name [01;31mis av[00mailable
me|midday.me|210|Domain name [01;31mis av[00mailable
so|middle.so|210|Domain name [01;31mis av[00mailable
cc|might.cc|210|Domain name [01;31mis av[00mailable
so|might.so|210|Domain name [01;31mis av[00mailable
so|mild.so|210|Domain name [01;31mis av[00mailable
so|mile.so|210|Domain name [01;31mis av[00mailable
so|minor.so|210|Domain name [01;31mis av[00mailable
so|minute.so|210|Domain name [01;31mis av[00mailable
so|mirror.so|210|Domain name [01;31mis av[00mailable
so|mist.so|210|Domain name [01;31mis av[00mailable
so|modem.so|210|Domain name [01;31mis av[00mailable
so|modest.so|210|Domain name [01;31mis av[00mailable
so|moment.so|210|Domain name [01;31mis av[00mailable
so|mommy.so|210|Domain name [01;31mis av[00mailable
so|monkey.so|210|Domain name [01;31mis av[00mailable
cc|moral.cc|210|Domain name [01;31mis av[00mailable
so|moral.so|210|Domain name [01;31mis av[00mailable
so|most.so|210|Domain name [01;31mis av[00mailable
so|motive.so|210|Domain name [01;31mis av[00mailable
so|motto.so|210|Domain name [01;31mis av[00mailable
so|mount.so|210|Domain name [01;31mis av[00mailable
cc|mourn.cc|210|Domain name [01;31mis av[00mailable
so|mourn.so|210|Domain name [01;31mis av[00mailable
biz|mourn.biz|210|Domain name [01;31mis av[00mailable
so|mouth.so|210|Domain name [01;31mis av[00mailable
cc|muddy.cc|210|Domain name [01;31mis av[00mailable
so|muddy.so|210|Domain name [01;31mis av[00mailable
biz|muddy.biz|210|Domain name [01;31mis av[00mailable
so|mug.so|210|Domain name [01;31mis av[00mailable
so|murder.so|210|Domain name [01;31mis av[00mailable
cc|mutton.cc|210|Domain name [01;31mis av[00mailable
so|mutton.so|210|Domain name [01;31mis av[00mailable
cc|mutual.cc|210|Domain name [01;31mis av[00mailable
so|mutual.so|210|Domain name [01;31mis av[00mailable
so|myself.so|210|Domain name [01;31mis av[00mailable
cc|namely.cc|210|Domain name [01;31mis av[00mailable
so|namely.so|210|Domain name [01;31mis av[00mailable
cc|narrow.cc|210|Domain name [01;31mis av[00mailable
so|narrow.so|210|Domain name [01;31mis av[00mailable
so|native.so|210|Domain name [01;31mis av[00mailable
so|nearby.so|210|Domain name [01;31mis av[00mailable
cc|nearly.cc|210|Domain name [01;31mis av[00mailable
so|nearly.so|210|Domain name [01;31mis av[00mailable
cc|neck.cc|210|Domain name [01;31mis av[00mailable
so|neck.so|210|Domain name [01;31mis av[00mailable
so|needle.so|210|Domain name [01;31mis av[00mailable
cc|nephew.cc|210|Domain name [01;31mis av[00mailable
so|nephew.so|210|Domain name [01;31mis av[00mailable
so|nerve.so|210|Domain name [01;31mis av[00mailable
cc|niece.cc|210|Domain name [01;31mis av[00mailable
so|niece.so|210|Domain name [01;31mis av[00mailable
so|noble.so|210|Domain name [01;31mis av[00mailable
so|nod.so|210|Domain name [01;31mis av[00mailable
so|noise.so|210|Domain name [01;31mis av[00mailable
so|north.so|210|Domain name [01;31mis av[00mailable
so|nose.so|210|Domain name [01;31mis av[00mailable
so|notice.so|210|Domain name [01;31mis av[00mailable
so|numb.so|210|Domain name [01;31mis av[00mailable
so|nurse.so|210|Domain name [01;31mis av[00mailable
so|obey.so|210|Domain name [01;31mis av[00mailable
cc|obtain.cc|210|Domain name [01;31mis av[00mailable
so|obtain.so|210|Domain name [01;31mis av[00mailable
so|occupy.so|210|Domain name [01;31mis av[00mailable
cc|occur.cc|210|Domain name [01;31mis av[00mailable
so|occur.so|210|Domain name [01;31mis av[00mailable
com.cn|offend.com.cn|210|Domain name [01;31mis av[00mailable
cc|offend.cc|210|Domain name [01;31mis av[00mailable
so|offend.so|210|Domain name [01;31mis av[00mailable
cc|often.cc|210|Domain name [01;31mis av[00mailable
so|often.so|210|Domain name [01;31mis av[00mailable
so|onion.so|210|Domain name [01;31mis av[00mailable
so|onto.so|210|Domain name [01;31mis av[00mailable
cc|oppose.cc|210|Domain name [01;31mis av[00mailable
so|oppose.so|210|Domain name [01;31mis av[00mailable
so|oral.so|210|Domain name [01;31mis av[00mailable
com.cn|orally.com.cn|210|Domain name [01;31mis av[00mailable
cc|orally.cc|210|Domain name [01;31mis av[00mailable
so|orally.so|210|Domain name [01;31mis av[00mailable
me|orally.me|210|Domain name [01;31mis av[00mailable
biz|orally.biz|210|Domain name [01;31mis av[00mailable
so|orphan.so|210|Domain name [01;31mis av[00mailable
cc|ought.cc|210|Domain name [01;31mis av[00mailable
so|ought.so|210|Domain name [01;31mis av[00mailable
so|ounce.so|210|Domain name [01;31mis av[00mailable
cc|outer.cc|210|Domain name [01;31mis av[00mailable
so|outer.so|210|Domain name [01;31mis av[00mailable
so|outing.so|210|Domain name [01;31mis av[00mailable
so|outlet.so|210|Domain name [01;31mis av[00mailable
so|oval.so|210|Domain name [01;31mis av[00mailable
so|oven.so|210|Domain name [01;31mis av[00mailable
so|owner.so|210|Domain name [01;31mis av[00mailable
so|oxygen.so|210|Domain name [01;31mis av[00mailable
so|pace.so|210|Domain name [01;31mis av[00mailable
so|packet.so|210|Domain name [01;31mis av[00mailable
so|paddle.so|210|Domain name [01;31mis av[00mailable
cc|pale.cc|210|Domain name [01;31mis av[00mailable
so|pale.so|210|Domain name [01;31mis av[00mailable
so|panic.so|210|Domain name [01;31mis av[00mailable
so|parcel.so|210|Domain name [01;31mis av[00mailable
so|pardon.so|210|Domain name [01;31mis av[00mailable
cc|parent.cc|210|Domain name [01;31mis av[00mailable
so|parent.so|210|Domain name [01;31mis av[00mailable
so|parrot.so|210|Domain name [01;31mis av[00mailable
cc|partly.cc|210|Domain name [01;31mis av[00mailable
so|partly.so|210|Domain name [01;31mis av[00mailable
co|partly.co|210|Domain name [01;31mis av[00mailable
so|pass.so|210|Domain name [01;31mis av[00mailable
so|path.so|210|Domain name [01;31mis av[00mailable
cc|pause.cc|210|Domain name [01;31mis av[00mailable
so|pause.so|210|Domain name [01;31mis av[00mailable
so|peach.so|210|Domain name [01;31mis av[00mailable
so|peak.so|210|Domain name [01;31mis av[00mailable
cc|pence.cc|210|Domain name [01;31mis av[00mailable
so|pence.so|210|Domain name [01;31mis av[00mailable
so|pencil.so|210|Domain name [01;31mis av[00mailable
so|pepper.so|210|Domain name [01;31mis av[00mailable
cc|period.cc|210|Domain name [01;31mis av[00mailable
so|period.so|210|Domain name [01;31mis av[00mailable
so|permit.so|210|Domain name [01;31mis av[00mailable
so|person.so|210|Domain name [01;31mis av[00mailable
so|pest.so|210|Domain name [01;31mis av[00mailable
com.cn|pester.com.cn|210|Domain name [01;31mis av[00mailable
cc|pester.cc|210|Domain name [01;31mis av[00mailable
so|pester.so|210|Domain name [01;31mis av[00mailable
biz|pester.biz|210|Domain name [01;31mis av[00mailable
so|phase.so|210|Domain name [01;31mis av[00mailable
so|phrase.so|210|Domain name [01;31mis av[00mailable
so|pick.so|210|Domain name [01;31mis av[00mailable
so|picnic.so|210|Domain name [01;31mis av[00mailable
so|piece.so|210|Domain name [01;31mis av[00mailable
so|pierce.so|210|Domain name [01;31mis av[00mailable
so|pile.so|210|Domain name [01;31mis av[00mailable
so|pill.so|210|Domain name [01;31mis av[00mailable
so|pillow.so|210|Domain name [01;31mis av[00mailable
so|pine.so|210|Domain name [01;31mis av[00mailable
so|pint.so|210|Domain name [01;31mis av[00mailable
cc|pity.cc|210|Domain name [01;31mis av[00mailable
so|pity.so|210|Domain name [01;31mis av[00mailable
so|plain.so|210|Domain name [01;31mis av[00mailable
so|plant.so|210|Domain name [01;31mis av[00mailable
so|plate.so|210|Domain name [01;31mis av[00mailable
so|player.so|210|Domain name [01;31mis av[00mailable
cc|pledge.cc|210|Domain name [01;31mis av[00mailable
so|pledge.so|210|Domain name [01;31mis av[00mailable
so|plenty.so|210|Domain name [01;31mis av[00mailable
so|plot.so|210|Domain name [01;31mis av[00mailable
cc|plough.cc|210|Domain name [01;31mis av[00mailable
so|plough.so|210|Domain name [01;31mis av[00mailable
so|pocket.so|210|Domain name [01;31mis av[00mailable
so|poet.so|210|Domain name [01;31mis av[00mailable
so|poison.so|210|Domain name [01;31mis av[00mailable
so|pole.so|210|Domain name [01;31mis av[00mailable
so|policy.so|210|Domain name [01;31mis av[00mailable
so|polish.so|210|Domain name [01;31mis av[00mailable
cc|polite.cc|210|Domain name [01;31mis av[00mailable
so|polite.so|210|Domain name [01;31mis av[00mailable
so|pond.so|210|Domain name [01;31mis av[00mailable
com.cn|poorly.com.cn|210|Domain name [01;31mis av[00mailable
cc|poorly.cc|210|Domain name [01;31mis av[00mailable
so|poorly.so|210|Domain name [01;31mis av[00mailable
co|poorly.co|210|Domain name [01;31mis av[00mailable
biz|poorly.biz|210|Domain name [01;31mis av[00mailable
so|pork.so|210|Domain name [01;31mis av[00mailable
so|port.so|210|Domain name [01;31mis av[00mailable
so|porter.so|210|Domain name [01;31mis av[00mailable
so|pound.so|210|Domain name [01;31mis av[00mailable
so|pour.so|210|Domain name [01;31mis av[00mailable
cc|powder.cc|210|Domain name [01;31mis av[00mailable
so|powder.so|210|Domain name [01;31mis av[00mailable
so|praise.so|210|Domain name [01;31mis av[00mailable
so|pray.so|210|Domain name [01;31mis av[00mailable
so|prayer.so|210|Domain name [01;31mis av[00mailable
cc|prefer.cc|210|Domain name [01;31mis av[00mailable
cc|prior.cc|210|Domain name [01;31mis av[00mailable
so|prior.so|210|Domain name [01;31mis av[00mailable
so|prison.so|210|Domain name [01;31mis av[00mailable
so|proof.so|210|Domain name [01;31mis av[00mailable
so|proper.so|210|Domain name [01;31mis av[00mailable
cc|proud.cc|210|Domain name [01;31mis av[00mailable
so|proud.so|210|Domain name [01;31mis av[00mailable
so|prove.so|210|Domain name [01;31mis av[00mailable
so|pulse.so|210|Domain name [01;31mis av[00mailable
cc|punish.cc|210|Domain name [01;31mis av[00mailable
so|punish.so|210|Domain name [01;31mis av[00mailable
so|pupil.so|210|Domain name [01;31mis av[00mailable
com.cn|purely.com.cn|210|Domain name [01;31mis av[00mailable
so|purely.so|210|Domain name [01;31mis av[00mailable
so|purse.so|210|Domain name [01;31mis av[00mailable
so|push.so|210|Domain name [01;31mis av[00mailable
so|puzzle.so|210|Domain name [01;31mis av[00mailable
cc|quake.cc|210|Domain name [01;31mis av[00mailable
so|quake.so|210|Domain name [01;31mis av[00mailable
so|rabbit.so|210|Domain name [01;31mis av[00mailable
so|race.so|210|Domain name [01;31mis av[00mailable
cc|racial.cc|210|Domain name [01;31mis av[00mailable
so|racial.so|210|Domain name [01;31mis av[00mailable
cc|radium.cc|210|Domain name [01;31mis av[00mailable
so|radium.so|210|Domain name [01;31mis av[00mailable
so|rag.so|210|Domain name [01;31mis av[00mailable
so|rail.so|210|Domain name [01;31mis av[00mailable
so|rain.so|210|Domain name [01;31mis av[00mailable
cc|rainy.cc|210|Domain name [01;31mis av[00mailable
so|rainy.so|210|Domain name [01;31mis av[00mailable
cc|raise.cc|210|Domain name [01;31mis av[00mailable
so|range.so|210|Domain name [01;31mis av[00mailable
so|rare.so|210|Domain name [01;31mis av[00mailable
cc|rarely.cc|210|Domain name [01;31mis av[00mailable
so|rarely.so|210|Domain name [01;31mis av[00mailable
co|rarely.co|210|Domain name [01;31mis av[00mailable
so|rate.so|210|Domain name [01;31mis av[00mailable
cc|rather.cc|210|Domain name [01;31mis av[00mailable
so|rather.so|210|Domain name [01;31mis av[00mailable
so|react.so|210|Domain name [01;31mis av[00mailable
so|really.so|210|Domain name [01;31mis av[00mailable
so|reason.so|210|Domain name [01;31mis av[00mailable
so|rebel.so|210|Domain name [01;31mis av[00mailable
so|recall.so|210|Domain name [01;31mis av[00mailable
cc|recent.cc|210|Domain name [01;31mis av[00mailable
so|recent.so|210|Domain name [01;31mis av[00mailable
so|reduce.so|210|Domain name [01;31mis av[00mailable
so|reel.so|210|Domain name [01;31mis av[00mailable
so|refer.so|210|Domain name [01;31mis av[00mailable
so|reform.so|210|Domain name [01;31mis av[00mailable
so|refuse.so|210|Domain name [01;31mis av[00mailable
cc|regard.cc|210|Domain name [01;31mis av[00mailable
so|regard.so|210|Domain name [01;31mis av[00mailable
so|region.so|210|Domain name [01;31mis av[00mailable
cc|regret.cc|210|Domain name [01;31mis av[00mailable
so|regret.so|210|Domain name [01;31mis av[00mailable
so|reject.so|210|Domain name [01;31mis av[00mailable
cc|relate.cc|210|Domain name [01;31mis av[00mailable
so|relate.so|210|Domain name [01;31mis av[00mailable
so|relief.so|210|Domain name [01;31mis av[00mailable
cc|rely.cc|210|Domain name [01;31mis av[00mailable
so|rely.so|210|Domain name [01;31mis av[00mailable
so|remain.so|210|Domain name [01;31mis av[00mailable
so|remark.so|210|Domain name [01;31mis av[00mailable
so|remind.so|210|Domain name [01;31mis av[00mailable
so|remote.so|210|Domain name [01;31mis av[00mailable
so|remove.so|210|Domain name [01;31mis av[00mailable
cc|renew.cc|210|Domain name [01;31mis av[00mailable
so|renew.so|210|Domain name [01;31mis av[00mailable
cc|repay.cc|210|Domain name [01;31mis av[00mailable
so|repay.so|210|Domain name [01;31mis av[00mailable
cc|repeat.cc|210|Domain name [01;31mis av[00mailable
so|repeat.so|210|Domain name [01;31mis av[00mailable
so|report.so|210|Domain name [01;31mis av[00mailable
cc|rescue.cc|210|Domain name [01;31mis av[00mailable
cc|resign.cc|210|Domain name [01;31mis av[00mailable
so|resign.so|210|Domain name [01;31mis av[00mailable
so|resist.so|210|Domain name [01;31mis av[00mailable
so|rest.so|210|Domain name [01;31mis av[00mailable
so|result.so|210|Domain name [01;31mis av[00mailable
so|retire.so|210|Domain name [01;31mis av[00mailable
so|reveal.so|210|Domain name [01;31mis av[00mailable
so|reward.so|210|Domain name [01;31mis av[00mailable
com.cn|rewind.com.cn|210|Domain name [01;31mis av[00mailable
so|rewind.so|210|Domain name [01;31mis av[00mailable
so|rhyme.so|210|Domain name [01;31mis av[00mailable
cc|richly.cc|210|Domain name [01;31mis av[00mailable
so|richly.so|210|Domain name [01;31mis av[00mailable
me|richly.me|210|Domain name [01;31mis av[00mailable
cc|rid.cc|210|Domain name [01;31mis av[00mailable
so|rid.so|210|Domain name [01;31mis av[00mailable
so|riddle.so|210|Domain name [01;31mis av[00mailable
so|ride.so|210|Domain name [01;31mis av[00mailable
cc|rider.cc|210|Domain name [01;31mis av[00mailable
so|rider.so|210|Domain name [01;31mis av[00mailable
cc|rigid.cc|210|Domain name [01;31mis av[00mailable
so|rigid.so|210|Domain name [01;31mis av[00mailable
so|ripen.so|210|Domain name [01;31mis av[00mailable
so|rise.so|210|Domain name [01;31mis av[00mailable
so|river.so|210|Domain name [01;31mis av[00mailable
so|risk.so|210|Domain name [01;31mis av[00mailable
so|roar.so|210|Domain name [01;31mis av[00mailable
cc|roast.cc|210|Domain name [01;31mis av[00mailable
so|roast.so|210|Domain name [01;31mis av[00mailable
com.cn|robber.com.cn|210|Domain name [01;31mis av[00mailable
cc|robber.cc|210|Domain name [01;31mis av[00mailable
so|robber.so|210|Domain name [01;31mis av[00mailable
biz|robber.biz|210|Domain name [01;31mis av[00mailable
so|rocket.so|210|Domain name [01;31mis av[00mailable
so|roller.so|210|Domain name [01;31mis av[00mailable
so|roof.so|210|Domain name [01;31mis av[00mailable
cc|roomy.cc|210|Domain name [01;31mis av[00mailable
so|roomy.so|210|Domain name [01;31mis av[00mailable
co|roomy.co|210|Domain name [01;31mis av[00mailable
cc|rosy.cc|210|Domain name [01;31mis av[00mailable
so|rosy.so|210|Domain name [01;31mis av[00mailable
com.cn|rotten.com.cn|210|Domain name [01;31mis av[00mailable
cc|rotten.cc|210|Domain name [01;31mis av[00mailable
so|rotten.so|210|Domain name [01;31mis av[00mailable
so|rough.so|210|Domain name [01;31mis av[00mailable
so|round.so|210|Domain name [01;31mis av[00mailable
so|rub.so|210|Domain name [01;31mis av[00mailable
so|rude.so|210|Domain name [01;31mis av[00mailable
com.cn|rudely.com.cn|210|Domain name [01;31mis av[00mailable
cc|rudely.cc|210|Domain name [01;31mis av[00mailable
so|rudely.so|210|Domain name [01;31mis av[00mailable
co|rudely.co|210|Domain name [01;31mis av[00mailable
me|rudely.me|210|Domain name [01;31mis av[00mailable
biz|rudely.biz|210|Domain name [01;31mis av[00mailable
so|ruin.so|210|Domain name [01;31mis av[00mailable
so|rule.so|210|Domain name [01;31mis av[00mailable
so|ruler.so|210|Domain name [01;31mis av[00mailable
so|rural.so|210|Domain name [01;31mis av[00mailable
so|sacred.so|210|Domain name [01;31mis av[00mailable
cc|sadly.cc|210|Domain name [01;31mis av[00mailable
so|sadly.so|210|Domain name [01;31mis av[00mailable
co|sadly.co|210|Domain name [01;31mis av[00mailable
me|sadly.me|210|Domain name [01;31mis av[00mailable
biz|sadly.biz|210|Domain name [01;31mis av[00mailable
so|safely.so|210|Domain name [01;31mis av[00mailable
me|safely.me|210|Domain name [01;31mis av[00mailable
so|sailor.so|210|Domain name [01;31mis av[00mailable
so|sake.so|210|Domain name [01;31mis av[00mailable
so|salad.so|210|Domain name [01;31mis av[00mailable
so|salary.so|210|Domain name [01;31mis av[00mailable
so|salute.so|210|Domain name [01;31mis av[00mailable
so|same.so|210|Domain name [01;31mis av[00mailable
so|sandy.so|210|Domain name [01;31mis av[00mailable
so|sauce.so|210|Domain name [01;31mis av[00mailable
com.cn|saucer.com.cn|210|Domain name [01;31mis av[00mailable
cc|saucer.cc|210|Domain name [01;31mis av[00mailable
so|saucer.so|210|Domain name [01;31mis av[00mailable
so|saving.so|210|Domain name [01;31mis av[00mailable
so|saying.so|210|Domain name [01;31mis av[00mailable
so|scar.so|210|Domain name [01;31mis av[00mailable
so|scarce.so|210|Domain name [01;31mis av[00mailable
cc|scare.cc|210|Domain name [01;31mis av[00mailable
so|scare.so|210|Domain name [01;31mis av[00mailable
cc|scheme.cc|210|Domain name [01;31mis av[00mailable
so|scheme.so|210|Domain name [01;31mis av[00mailable
com.cn|scold.com.cn|210|Domain name [01;31mis av[00mailable
cc|scold.cc|210|Domain name [01;31mis av[00mailable
so|scold.so|210|Domain name [01;31mis av[00mailable
biz|scold.biz|210|Domain name [01;31mis av[00mailable
com.cn|scrape.com.cn|210|Domain name [01;31mis av[00mailable
cc|scrape.cc|210|Domain name [01;31mis av[00mailable
so|scrape.so|210|Domain name [01;31mis av[00mailable
so|scream.so|210|Domain name [01;31mis av[00mailable
so|seal.so|210|Domain name [01;31mis av[00mailable
so|seaman.so|210|Domain name [01;31mis av[00mailable
so|seat.so|210|Domain name [01;31mis av[00mailable
so|second.so|210|Domain name [01;31mis av[00mailable
cc|seldom.cc|210|Domain name [01;31mis av[00mailable
so|self.so|210|Domain name [01;31mis av[00mailable
so|seller.so|210|Domain name [01;31mis av[00mailable
so|senior.so|210|Domain name [01;31mis av[00mailable
so|sense.so|210|Domain name [01;31mis av[00mailable
so|series.so|210|Domain name [01;31mis av[00mailable
so|settle.so|210|Domain name [01;31mis av[00mailable
cc|severe.cc|210|Domain name [01;31mis av[00mailable
so|severe.so|210|Domain name [01;31mis av[00mailable
me|severe.me|210|Domain name [01;31mis av[00mailable
cc|shade.cc|210|Domain name [01;31mis av[00mailable
com.cn|shady.com.cn|210|Domain name [01;31mis av[00mailable
so|shady.so|210|Domain name [01;31mis av[00mailable
so|shall.so|210|Domain name [01;31mis av[00mailable
cc|shame.cc|210|Domain name [01;31mis av[00mailable
so|shape.so|210|Domain name [01;31mis av[00mailable
so|shave.so|210|Domain name [01;31mis av[00mailable
cc|shaver.cc|210|Domain name [01;31mis av[00mailable
so|shaver.so|210|Domain name [01;31mis av[00mailable
so|shed.so|210|Domain name [01;31mis av[00mailable
so|sheet.so|210|Domain name [01;31mis av[00mailable
cc|shelf.cc|210|Domain name [01;31mis av[00mailable
so|shirt.so|210|Domain name [01;31mis av[00mailable
so|shock.so|210|Domain name [01;31mis av[00mailable
so|shore.so|210|Domain name [01;31mis av[00mailable
so|shorts.so|210|Domain name [01;31mis av[00mailable
cc|should.cc|210|Domain name [01;31mis av[00mailable
so|should.so|210|Domain name [01;31mis av[00mailable
com.cn|shrink.com.cn|210|Domain name [01;31mis av[00mailable
so|shrink.so|210|Domain name [01;31mis av[00mailable
so|shut.so|210|Domain name [01;31mis av[00mailable
so|shyly.so|210|Domain name [01;31mis av[00mailable
co|shyly.co|210|Domain name [01;31mis av[00mailable
me|shyly.me|210|Domain name [01;31mis av[00mailable
biz|shyly.biz|210|Domain name [01;31mis av[00mailable
so|sigh.so|210|Domain name [01;31mis av[00mailable
so|silky.so|210|Domain name [01;31mis av[00mailable
so|singer.so|210|Domain name [01;31mis av[00mailable
so|sink.so|210|Domain name [01;31mis av[00mailable
so|skill.so|210|Domain name [01;31mis av[00mailable
so|skin.so|210|Domain name [01;31mis av[00mailable
cc|slave.cc|210|Domain name [01;31mis av[00mailable
so|slave.so|210|Domain name [01;31mis av[00mailable
cc|sleeve.cc|210|Domain name [01;31mis av[00mailable
so|sleeve.so|210|Domain name [01;31mis av[00mailable
so|slice.so|210|Domain name [01;31mis av[00mailable
so|slide.so|210|Domain name [01;31mis av[00mailable
cc|slight.cc|210|Domain name [01;31mis av[00mailable
so|slight.so|210|Domain name [01;31mis av[00mailable
biz|slight.biz|210|Domain name [01;31mis av[00mailable
so|slip.so|210|Domain name [01;31mis av[00mailable
so|slow.so|210|Domain name [01;31mis av[00mailable
cc|slowly.cc|210|Domain name [01;31mis av[00mailable
so|slowly.so|210|Domain name [01;31mis av[00mailable
so|smelly.so|210|Domain name [01;31mis av[00mailable
so|smog.so|210|Domain name [01;31mis av[00mailable
cc|smoker.cc|210|Domain name [01;31mis av[00mailable
so|smoker.so|210|Domain name [01;31mis av[00mailable
cc|sneeze.cc|210|Domain name [01;31mis av[00mailable
so|sneeze.so|210|Domain name [01;31mis av[00mailable
so|soap.so|210|Domain name [01;31mis av[00mailable
so|sock.so|210|Domain name [01;31mis av[00mailable
so|socket.so|210|Domain name [01;31mis av[00mailable
cc|soften.cc|210|Domain name [01;31mis av[00mailable
so|soften.so|210|Domain name [01;31mis av[00mailable
co|soften.co|210|Domain name [01;31mis av[00mailable
cc|softly.cc|210|Domain name [01;31mis av[00mailable
so|soil.so|210|Domain name [01;31mis av[00mailable
so|solve.so|210|Domain name [01;31mis av[00mailable
cc|sorrow.cc|210|Domain name [01;31mis av[00mailable
so|sorrow.so|210|Domain name [01;31mis av[00mailable
so|sort.so|210|Domain name [01;31mis av[00mailable
com.cn|sour.com.cn|210|Domain name [01;31mis av[00mailable
cc|sour.cc|210|Domain name [01;31mis av[00mailable
so|south.so|210|Domain name [01;31mis av[00mailable
cc|spare.cc|210|Domain name [01;31mis av[00mailable
so|spare.so|210|Domain name [01;31mis av[00mailable
so|spear.so|210|Domain name [01;31mis av[00mailable
so|spell.so|210|Domain name [01;31mis av[00mailable
so|spend.so|210|Domain name [01;31mis av[00mailable
so|spin.so|210|Domain name [01;31mis av[00mailable
cc|spit.cc|210|Domain name [01;31mis av[00mailable
so|spit.so|210|Domain name [01;31mis av[00mailable
so|split.so|210|Domain name [01;31mis av[00mailable
cc|spoil.cc|210|Domain name [01;31mis av[00mailable
so|spoil.so|210|Domain name [01;31mis av[00mailable
cc|spoken.cc|210|Domain name [01;31mis av[00mailable
so|spoken.so|210|Domain name [01;31mis av[00mailable
so|spoon.so|210|Domain name [01;31mis av[00mailable
so|spot.so|210|Domain name [01;31mis av[00mailable
so|spray.so|210|Domain name [01;31mis av[00mailable
so|square.so|210|Domain name [01;31mis av[00mailable
so|stable.so|210|Domain name [01;31mis av[00mailable
so|staff.so|210|Domain name [01;31mis av[00mailable
cc|stain.cc|210|Domain name [01;31mis av[00mailable
so|stain.so|210|Domain name [01;31mis av[00mailable
cc|stair.cc|210|Domain name [01;31mis av[00mailable
so|stair.so|210|Domain name [01;31mis av[00mailable
so|stamp.so|210|Domain name [01;31mis av[00mailable
so|stare.so|210|Domain name [01;31mis av[00mailable
cc|starve.cc|210|Domain name [01;31mis av[00mailable
so|starve.so|210|Domain name [01;31mis av[00mailable
so|state.so|210|Domain name [01;31mis av[00mailable
so|status.so|210|Domain name [01;31mis av[00mailable
so|steal.so|210|Domain name [01;31mis av[00mailable
cc|steep.cc|210|Domain name [01;31mis av[00mailable
so|steep.so|210|Domain name [01;31mis av[00mailable
so|stem.so|210|Domain name [01;31mis av[00mailable
cc|stick.cc|210|Domain name [01;31mis av[00mailable
so|sticky.so|210|Domain name [01;31mis av[00mailable
cc|stiff.cc|210|Domain name [01;31mis av[00mailable
so|stiff.so|210|Domain name [01;31mis av[00mailable
com.cn|stony.com.cn|210|Domain name [01;31mis av[00mailable
cc|stony.cc|210|Domain name [01;31mis av[00mailable
so|stony.so|210|Domain name [01;31mis av[00mailable
co|stony.co|210|Domain name [01;31mis av[00mailable
me|stony.me|210|Domain name [01;31mis av[00mailable
cc|storey.cc|210|Domain name [01;31mis av[00mailable
so|storey.so|210|Domain name [01;31mis av[00mailable
so|storm.so|210|Domain name [01;31mis av[00mailable
cc|stormy.cc|210|Domain name [01;31mis av[00mailable
so|stormy.so|210|Domain name [01;31mis av[00mailable
so|stout.so|210|Domain name [01;31mis av[00mailable
cc|stove.cc|210|Domain name [01;31mis av[00mailable
cc|strait.cc|210|Domain name [01;31mis av[00mailable
so|strait.so|210|Domain name [01;31mis av[00mailable
me|strait.me|210|Domain name [01;31mis av[00mailable
cc|straw.cc|210|Domain name [01;31mis av[00mailable
so|straw.so|210|Domain name [01;31mis av[00mailable
so|street.so|210|Domain name [01;31mis av[00mailable
so|stress.so|210|Domain name [01;31mis av[00mailable
cc|strict.cc|210|Domain name [01;31mis av[00mailable
so|strict.so|210|Domain name [01;31mis av[00mailable
so|strike.so|210|Domain name [01;31mis av[00mailable
so|submit.so|210|Domain name [01;31mis av[00mailable
cc|suburb.cc|210|Domain name [01;31mis av[00mailable
so|suburb.so|210|Domain name [01;31mis av[00mailable
so|subway.so|210|Domain name [01;31mis av[00mailable
so|such.so|210|Domain name [01;31mis av[00mailable
cc|sudden.cc|210|Domain name [01;31mis av[00mailable
so|sudden.so|210|Domain name [01;31mis av[00mailable
cc|suffer.cc|210|Domain name [01;31mis av[00mailable
so|suffer.so|210|Domain name [01;31mis av[00mailable
so|suite.so|210|Domain name [01;31mis av[00mailable
so|sunset.so|210|Domain name [01;31mis av[00mailable
so|superb.so|210|Domain name [01;31mis av[00mailable
so|supper.so|210|Domain name [01;31mis av[00mailable
so|surely.so|210|Domain name [01;31mis av[00mailable
cc|swear.cc|210|Domain name [01;31mis av[00mailable
so|swear.so|210|Domain name [01;31mis av[00mailable
so|sweat.so|210|Domain name [01;31mis av[00mailable
cc|sweep.cc|210|Domain name [01;31mis av[00mailable
cc|swell.cc|210|Domain name [01;31mis av[00mailable
so|swell.so|210|Domain name [01;31mis av[00mailable
so|swift.so|210|Domain name [01;31mis av[00mailable
so|sword.so|210|Domain name [01;31mis av[00mailable
so|symbol.so|210|Domain name [01;31mis av[00mailable
cc|tail.cc|210|Domain name [01;31mis av[00mailable
so|tail.so|210|Domain name [01;31mis av[00mailable
cc|tailor.cc|210|Domain name [01;31mis av[00mailable
so|tailor.so|210|Domain name [01;31mis av[00mailable
so|tall.so|210|Domain name [01;31mis av[00mailable
so|target.so|210|Domain name [01;31mis av[00mailable
so|teach.so|210|Domain name [01;31mis av[00mailable
so|teapot.so|210|Domain name [01;31mis av[00mailable
so|tear.so|210|Domain name [01;31mis av[00mailable
cc|tease.cc|210|Domain name [01;31mis av[00mailable
so|tease.so|210|Domain name [01;31mis av[00mailable
cc|teller.cc|210|Domain name [01;31mis av[00mailable
so|teller.so|210|Domain name [01;31mis av[00mailable
so|temple.so|210|Domain name [01;31mis av[00mailable
so|tend.so|210|Domain name [01;31mis av[00mailable
so|tender.so|210|Domain name [01;31mis av[00mailable
cc|tense.cc|210|Domain name [01;31mis av[00mailable
so|tense.so|210|Domain name [01;31mis av[00mailable
so|term.so|210|Domain name [01;31mis av[00mailable
cc|terror.cc|210|Domain name [01;31mis av[00mailable
so|terror.so|210|Domain name [01;31mis av[00mailable
so|than.so|210|Domain name [01;31mis av[00mailable
so|thank.so|210|Domain name [01;31mis av[00mailable
so|theft.so|210|Domain name [01;31mis av[00mailable
cc|their.cc|210|Domain name [01;31mis av[00mailable
com.cn|theirs.com.cn|210|Domain name [01;31mis av[00mailable
cc|theirs.cc|210|Domain name [01;31mis av[00mailable
so|theirs.so|210|Domain name [01;31mis av[00mailable
me|theirs.me|210|Domain name [01;31mis av[00mailable
so|theory.so|210|Domain name [01;31mis av[00mailable
cc|these.cc|210|Domain name [01;31mis av[00mailable
so|these.so|210|Domain name [01;31mis av[00mailable
so|thick.so|210|Domain name [01;31mis av[00mailable
so|thief.so|210|Domain name [01;31mis av[00mailable
cc|thirst.cc|210|Domain name [01;31mis av[00mailable
so|thirst.so|210|Domain name [01;31mis av[00mailable
so|those.so|210|Domain name [01;31mis av[00mailable
cc|though.cc|210|Domain name [01;31mis av[00mailable
so|though.so|210|Domain name [01;31mis av[00mailable
so|threat.so|210|Domain name [01;31mis av[00mailable
cc|thrill.cc|210|Domain name [01;31mis av[00mailable
so|thrill.so|210|Domain name [01;31mis av[00mailable
cc|throat.cc|210|Domain name [01;31mis av[00mailable
so|throat.so|210|Domain name [01;31mis av[00mailable
cc|throw.cc|210|Domain name [01;31mis av[00mailable
so|throw.so|210|Domain name [01;31mis av[00mailable
cc|thus.cc|210|Domain name [01;31mis av[00mailable
so|thus.so|210|Domain name [01;31mis av[00mailable
so|tick.so|210|Domain name [01;31mis av[00mailable
so|tidy.so|210|Domain name [01;31mis av[00mailable
so|till.so|210|Domain name [01;31mis av[00mailable
so|tip.so|210|Domain name [01;31mis av[00mailable
so|tire.so|210|Domain name [01;31mis av[00mailable
cc|tired.cc|210|Domain name [01;31mis av[00mailable
so|tired.so|210|Domain name [01;31mis av[00mailable
cc|tiring.cc|210|Domain name [01;31mis av[00mailable
so|tiring.so|210|Domain name [01;31mis av[00mailable
co|tiring.co|210|Domain name [01;31mis av[00mailable
me|tiring.me|210|Domain name [01;31mis av[00mailable
so|tissue.so|210|Domain name [01;31mis av[00mailable
so|toast.so|210|Domain name [01;31mis av[00mailable
so|toe.so|210|Domain name [01;31mis av[00mailable
so|tomato.so|210|Domain name [01;31mis av[00mailable
cc|tomb.cc|210|Domain name [01;31mis av[00mailable
so|ton.so|210|Domain name [01;31mis av[00mailable
cc|tongue.cc|210|Domain name [01;31mis av[00mailable
so|tongue.so|210|Domain name [01;31mis av[00mailable
so|tooth.so|210|Domain name [01;31mis av[00mailable
so|topic.so|210|Domain name [01;31mis av[00mailable
so|train.so|210|Domain name [01;31mis av[00mailable
cc|tram.cc|210|Domain name [01;31mis av[00mailable
so|tram.so|210|Domain name [01;31mis av[00mailable
so|trap.so|210|Domain name [01;31mis av[00mailable
so|treat.so|210|Domain name [01;31mis av[00mailable
cc|trial.cc|210|Domain name [01;31mis av[00mailable
so|trial.so|210|Domain name [01;31mis av[00mailable
so|trick.so|210|Domain name [01;31mis av[00mailable
cc|troop.cc|210|Domain name [01;31mis av[00mailable
so|troop.so|210|Domain name [01;31mis av[00mailable
so|truly.so|210|Domain name [01;31mis av[00mailable
so|tune.so|210|Domain name [01;31mis av[00mailable
so|tunnel.so|210|Domain name [01;31mis av[00mailable
cc|turn.cc|210|Domain name [01;31mis av[00mailable
so|turn.so|210|Domain name [01;31mis av[00mailable
so|tutor.so|210|Domain name [01;31mis av[00mailable
so|twice.so|210|Domain name [01;31mis av[00mailable
so|twin.so|210|Domain name [01;31mis av[00mailable
so|twist.so|210|Domain name [01;31mis av[00mailable
so|typist.so|210|Domain name [01;31mis av[00mailable
so|tire.so|210|Domain name [01;31mis av[00mailable
cc|unable.cc|210|Domain name [01;31mis av[00mailable
so|unable.so|210|Domain name [01;31mis av[00mailable
co|unable.co|210|Domain name [01;31mis av[00mailable
me|unable.me|210|Domain name [01;31mis av[00mailable
so|undo.so|210|Domain name [01;31mis av[00mailable
com.cn|uneasy.com.cn|210|Domain name [01;31mis av[00mailable
cc|uneasy.cc|210|Domain name [01;31mis av[00mailable
so|uneasy.so|210|Domain name [01;31mis av[00mailable
co|uneasy.co|210|Domain name [01;31mis av[00mailable
biz|uneasy.biz|210|Domain name [01;31mis av[00mailable
com.cn|unfair.com.cn|210|Domain name [01;31mis av[00mailable
cc|unfair.cc|210|Domain name [01;31mis av[00mailable
so|unfair.so|210|Domain name [01;31mis av[00mailable
cc|unfit.cc|210|Domain name [01;31mis av[00mailable
so|unfit.so|210|Domain name [01;31mis av[00mailable
co|unfit.co|210|Domain name [01;31mis av[00mailable
biz|unfit.biz|210|Domain name [01;31mis av[00mailable
so|unit.so|210|Domain name [01;31mis av[00mailable
so|united.so|210|Domain name [01;31mis av[00mailable
so|unity.so|210|Domain name [01;31mis av[00mailable
com.cn|unless.com.cn|210|Domain name [01;31mis av[00mailable
cc|unless.cc|210|Domain name [01;31mis av[00mailable
so|unless.so|210|Domain name [01;31mis av[00mailable
biz|unless.biz|210|Domain name [01;31mis av[00mailable
so|unlike.so|210|Domain name [01;31mis av[00mailable
cc|unrest.cc|210|Domain name [01;31mis av[00mailable
so|unrest.so|210|Domain name [01;31mis av[00mailable
biz|unrest.biz|210|Domain name [01;31mis av[00mailable
cc|unsold.cc|210|Domain name [01;31mis av[00mailable
so|unsold.so|210|Domain name [01;31mis av[00mailable
me|unsold.me|210|Domain name [01;31mis av[00mailable
biz|unsold.biz|210|Domain name [01;31mis av[00mailable
cc|until.cc|210|Domain name [01;31mis av[00mailable
so|until.so|210|Domain name [01;31mis av[00mailable
so|update.so|210|Domain name [01;31mis av[00mailable
so|upon.so|210|Domain name [01;31mis av[00mailable
so|upper.so|210|Domain name [01;31mis av[00mailable
cc|upset.cc|210|Domain name [01;31mis av[00mailable
so|upset.so|210|Domain name [01;31mis av[00mailable
so|urban.so|210|Domain name [01;31mis av[00mailable
cc|urge.cc|210|Domain name [01;31mis av[00mailable
so|urge.so|210|Domain name [01;31mis av[00mailable
so|urgent.so|210|Domain name [01;31mis av[00mailable
cc|useful.cc|210|Domain name [01;31mis av[00mailable
so|useful.so|210|Domain name [01;31mis av[00mailable
so|usual.so|210|Domain name [01;31mis av[00mailable
cc|utmost.cc|210|Domain name [01;31mis av[00mailable
so|utmost.so|210|Domain name [01;31mis av[00mailable
cc|utter.cc|210|Domain name [01;31mis av[00mailable
so|utter.so|210|Domain name [01;31mis av[00mailable
so|vacant.so|210|Domain name [01;31mis av[00mailable
cc|vague.cc|210|Domain name [01;31mis av[00mailable
so|vague.so|210|Domain name [01;31mis av[00mailable
cc|vain.cc|210|Domain name [01;31mis av[00mailable
so|vain.so|210|Domain name [01;31mis av[00mailable
so|valid.so|210|Domain name [01;31mis av[00mailable
so|valley.so|210|Domain name [01;31mis av[00mailable
so|vanish.so|210|Domain name [01;31mis av[00mailable
cc|vapor.cc|210|Domain name [01;31mis av[00mailable
so|vapor.so|210|Domain name [01;31mis av[00mailable
so|vary.so|210|Domain name [01;31mis av[00mailable
so|vase.so|210|Domain name [01;31mis av[00mailable
so|vast.so|210|Domain name [01;31mis av[00mailable
so|verb.so|210|Domain name [01;31mis av[00mailable
cc|vest.cc|210|Domain name [01;31mis av[00mailable
so|vest.so|210|Domain name [01;31mis av[00mailable
so|vice.so|210|Domain name [01;31mis av[00mailable
com.cn|victim.com.cn|210|Domain name [01;31mis av[00mailable
so|victim.so|210|Domain name [01;31mis av[00mailable
so|viewer.so|210|Domain name [01;31mis av[00mailable
so|violin.so|210|Domain name [01;31mis av[00mailable
so|visual.so|210|Domain name [01;31mis av[00mailable
so|volume.so|210|Domain name [01;31mis av[00mailable
so|voter.so|210|Domain name [01;31mis av[00mailable
so|wage.so|210|Domain name [01;31mis av[00mailable
cc|wagon.cc|210|Domain name [01;31mis av[00mailable
so|wagon.so|210|Domain name [01;31mis av[00mailable
cc|waist.cc|210|Domain name [01;31mis av[00mailable
so|waist.so|210|Domain name [01;31mis av[00mailable
me|waist.me|210|Domain name [01;31mis av[00mailable
so|wait.so|210|Domain name [01;31mis av[00mailable
cc|waiter.cc|210|Domain name [01;31mis av[00mailable
so|waiter.so|210|Domain name [01;31mis av[00mailable
cc|waken.cc|210|Domain name [01;31mis av[00mailable
so|waken.so|210|Domain name [01;31mis av[00mailable
so|walk.so|210|Domain name [01;31mis av[00mailable
cc|walnut.cc|210|Domain name [01;31mis av[00mailable
so|walnut.so|210|Domain name [01;31mis av[00mailable
so|wander.so|210|Domain name [01;31mis av[00mailable
cc|ward.cc|210|Domain name [01;31mis av[00mailable
so|warm.so|210|Domain name [01;31mis av[00mailable
cc|warmly.cc|210|Domain name [01;31mis av[00mailable
so|warmly.so|210|Domain name [01;31mis av[00mailable
co|warmly.co|210|Domain name [01;31mis av[00mailable
biz|warmly.biz|210|Domain name [01;31mis av[00mailable
cc|warmth.cc|210|Domain name [01;31mis av[00mailable
so|warmth.so|210|Domain name [01;31mis av[00mailable
me|warmth.me|210|Domain name [01;31mis av[00mailable
so|warn.so|210|Domain name [01;31mis av[00mailable
so|wash.so|210|Domain name [01;31mis av[00mailable
so|waste.so|210|Domain name [01;31mis av[00mailable
so|wave.so|210|Domain name [01;31mis av[00mailable
cc|weak.cc|210|Domain name [01;31mis av[00mailable
com.cn|weakly.com.cn|210|Domain name [01;31mis av[00mailable
cc|weakly.cc|210|Domain name [01;31mis av[00mailable
so|weakly.so|210|Domain name [01;31mis av[00mailable
co|weakly.co|210|Domain name [01;31mis av[00mailable
me|weakly.me|210|Domain name [01;31mis av[00mailable
biz|weakly.biz|210|Domain name [01;31mis av[00mailable
cc|weaken.cc|210|Domain name [01;31mis av[00mailable
so|weaken.so|210|Domain name [01;31mis av[00mailable
co|weaken.co|210|Domain name [01;31mis av[00mailable
me|weaken.me|210|Domain name [01;31mis av[00mailable
biz|weaken.biz|210|Domain name [01;31mis av[00mailable
so|wear.so|210|Domain name [01;31mis av[00mailable
so|weave.so|210|Domain name [01;31mis av[00mailable
so|weaver.so|210|Domain name [01;31mis av[00mailable
so|weed.so|210|Domain name [01;31mis av[00mailable
so|weekly.so|210|Domain name [01;31mis av[00mailable
cc|weep.cc|210|Domain name [01;31mis av[00mailable
so|weep.so|210|Domain name [01;31mis av[00mailable
so|weigh.so|210|Domain name [01;31mis av[00mailable
so|wet.so|210|Domain name [01;31mis av[00mailable
so|wheat.so|210|Domain name [01;31mis av[00mailable
so|while.so|210|Domain name [01;31mis av[00mailable
so|whip.so|210|Domain name [01;31mis av[00mailable
so|whole.so|210|Domain name [01;31mis av[00mailable
cc|whom.cc|210|Domain name [01;31mis av[00mailable
so|whose.so|210|Domain name [01;31mis av[00mailable
so|wide.so|210|Domain name [01;31mis av[00mailable
cc|widely.cc|210|Domain name [01;31mis av[00mailable
so|widely.so|210|Domain name [01;31mis av[00mailable
biz|widely.biz|210|Domain name [01;31mis av[00mailable
cc|widen.cc|210|Domain name [01;31mis av[00mailable
so|widen.so|210|Domain name [01;31mis av[00mailable
cc|widow.cc|210|Domain name [01;31mis av[00mailable
so|widow.so|210|Domain name [01;31mis av[00mailable
cc|width.cc|210|Domain name [01;31mis av[00mailable
so|width.so|210|Domain name [01;31mis av[00mailable
so|window.so|210|Domain name [01;31mis av[00mailable
cc|wipe.cc|210|Domain name [01;31mis av[00mailable
so|wipe.so|210|Domain name [01;31mis av[00mailable
so|wisely.so|210|Domain name [01;31mis av[00mailable
me|wisely.me|210|Domain name [01;31mis av[00mailable
so|within.so|210|Domain name [01;31mis av[00mailable
so|wooden.so|210|Domain name [01;31mis av[00mailable
so|wool.so|210|Domain name [01;31mis av[00mailable
so|woolen.so|210|Domain name [01;31mis av[00mailable
me|woolen.me|210|Domain name [01;31mis av[00mailable
so|worm.so|210|Domain name [01;31mis av[00mailable
com.cn|wormy.com.cn|210|Domain name [01;31mis av[00mailable
cc|wormy.cc|210|Domain name [01;31mis av[00mailable
so|wormy.so|210|Domain name [01;31mis av[00mailable
me|wormy.me|210|Domain name [01;31mis av[00mailable
com.cn|worn.com.cn|210|Domain name [01;31mis av[00mailable
cc|worn.cc|210|Domain name [01;31mis av[00mailable
so|worn.so|210|Domain name [01;31mis av[00mailable
cc|worry.cc|210|Domain name [01;31mis av[00mailable
cc|worse.cc|210|Domain name [01;31mis av[00mailable
so|worse.so|210|Domain name [01;31mis av[00mailable
so|worth.so|210|Domain name [01;31mis av[00mailable
cc|worthy.cc|210|Domain name [01;31mis av[00mailable
so|worthy.so|210|Domain name [01;31mis av[00mailable
cc|wound.cc|210|Domain name [01;31mis av[00mailable
so|wound.so|210|Domain name [01;31mis av[00mailable
so|wrap.so|210|Domain name [01;31mis av[00mailable
cc|wreck.cc|210|Domain name [01;31mis av[00mailable
so|wreck.so|210|Domain name [01;31mis av[00mailable
cc|wrist.cc|210|Domain name [01;31mis av[00mailable
so|wrist.so|210|Domain name [01;31mis av[00mailable
so|writer.so|210|Domain name [01;31mis av[00mailable
so|yard.so|210|Domain name [01;31mis av[00mailable
com.cn|yawn.com.cn|210|Domain name [01;31mis av[00mailable
cc|yawn.cc|210|Domain name [01;31mis av[00mailable
so|year.so|210|Domain name [01;31mis av[00mailable
cc|yearly.cc|210|Domain name [01;31mis av[00mailable
so|yearly.so|210|Domain name [01;31mis av[00mailable
so|yell.so|210|Domain name [01;31mis av[00mailable
so|yield.so|210|Domain name [01;31mis av[00mailable
so|yours.so|210|Domain name [01;31mis av[00mailable
so|zebra.so|210|Domain name [01;31mis av[00mailable
so|zipper.so|210|Domain name [01;31mis av[00mailable
