A

abandon

ability

able

about

above

abroad

absent

absence

absolute

abstract

abundant

abuse

academic

academy

accelerate

accent

accept

acceptance

access

accident

accidental

accommodation

accompany

accomplish

accord

accordance

according

accordingly

account

accountant

accumulate

accumulation

accurate

accuse

accustomed

ache

achieve

acid

acknowledge

acquaintance

acquisition

acre

across

act

action

actor

actress

active

activity

actual

acute

adapt

add

addition

address

adequate

adjective

adjust

administration

admire

admission

admit

adopt

adult

advance

advantage

adventure

advertise

advertisement

advice

advise

advocate

affair

affect

affection

afford

afraid

Africa

African

after

afternoon

afterwards

again

against

age

agency

agenda

agent

aggressive

ago

agree

agreeable

agreement

agricultural

agriculture

ahead

aid

ADIS

aim

aimless

air

airless

aircraft

airline

airmail

airplane

airport

airspace

alarm

album

alcohol

algebra

alike

alive

all

allergic

alley

allocate

allow

allowable

allowance

almost

alone

along

alongside

aloud

alphabet

also

alter

already

alternative

although

altitude

altogether

aluminum

always

amateur

amaze

amazing

ambassador

ambassadress

ambiguous

ambition

ambulance

among

amount

ample

amuse

amusement

analyze

analysis

ancestor

ancient

anecdote

ankle

angel

anger

angle

angry

animal

anniversary

announce

announcement

annoy

annual

another

answer

ant

Antarctic

Antarctica

antique

anxiety

anxious

anyhow

anyone

anything

anyway

anywhere

apart

apartment

apologize

apology

apparent

appeal

appear

appearance

appendix

appetite

applaud

applause

apple

applicant

application

apply

appoint

appointment

appreciation

approach

appropriate

approval

approve

approximately

apron

arbitrary

arch

architect

architecture

arctic

area

argue

argument

arise

arithmetic

arm

armchair

around

arouse

arrange

arrangement

arrest

arrival

arrive

arrow

art

article

artificial

artist

ash

ashamed

Asia

aside

ask

asleep

aspect

assess

assemble

assessment

asset

assignment

assist

assistance

assistant

associate

association

assume

assumption

assure

astonish

astronaut

astronomer

astronomy

athlete

athletic

Atlantic

atmosphere

atom

atomic

attach

attack

attain

attempt

attend

attendance

attention

attentive

attitude

attract

attraction

attractive

attribute

audience

audio

aunt

authentic

author

authority

automatic

automobile

autonomous

autumn

available

avenue

average

avoid

await

awake

award

aware

away

awesome

awful

awkward

awful

awkward

B

baby

bachelor

back

background

backward

backwards

bacon

bacteria

bad

badly

badminton

bag

baggage

bake

bakery

balance

balcony

ball

ballet

balloon

bamboo

ban

banana

band

bandage

bang

bank

bankrupt

bar

barbecue

barber

barbershop

bare

barely

bark

barrier

base

baseball

basement

basic

basically

basin

basket

basketball

bat

bath

bathe

bathroom

bathtub

battery

battle

bay

BC

beach

beam

bean

bear

beard

beast

beat

beautiful

beauty

because

become

bed

bedding

bedclothes

bedroom

bee

beef

beer

before

beg

beggar

begin

beginner

beginning

behalf

behave

behavior

behind

being

belief

believe

bell

belly

belong

belonging

below

belt

bench

bend

beneath

beneath

beneficial

benefit

bent

beside

besides

best

bet
betray

better

between

beyond

Bible

bicycle

bid

big

bill

bingo
biochemistry

biography

biology

bird

birth

birthday

birthplace

biscuit

bishop

bit

bite

bitter

black

blacken

blackboard

blame

blank

blanket

bleed

bless

blind

blindly

blindness

block

blood

bloody

bloom

blouse

blow

blue

board

boast

boat

body

boil

bold

bomb

bond

bone

bonus

book

bookseller

bookshop

boom

boot

booth

border

bore

bored

boring

borrow

boss

botanical

botany

both

bother

bottle

bottom

bounce

bound

boundary

bow

bowl

bowling

box

boxing

boy

boycott

boyfriend

brain

brake

branch

brand

brave

bravery

bread

breadth

break

breakfast

breakthrough

breast

breath

breathe

breathless

breathlessly

breed

breeze

brewery

brick

bride

bridge

bridegroom

brief

bright

brightly

brilliant

brilliantly

bring

broad

broadcast

broaden

brochure

broken

broom

brother

brotherhood

brow

brown

brunch

brush

bucket

Buddhism

budget

buffet

build

builder

building

bulb

bullet

bump

bunch

bungalow

burden

bureaucratic

burglar

burn

burst

bury

bus

bush

business

businessman

busy

but

butcher

butter

butterfly

button

buy

by

bye

C

cab

cabbage

cable

caf¨¦

cafeteria

cage

cake

calculate

calculator

calendar

call

caller

calm

calmly

camel

camera

camp

campaign

campus

can

canal

cancel

cancer

candidate

candle

candy

canteen

cap

capable

capacity

capital

capsule

captain

caption

capture

car

carbon

card

care

career

careful

carefully

carefully

careless

carpenter

carpet

carriage

carrier

carrot

carry

cartoon

carve

case

cash

castle

cast

casual

cat

catalog

catalogue

catastrophe

catch

category

cater

catholic

cattle

cause

causeless

caution

cautious

cave

cease

ceaseless

ceiling

celebrate

celebration

cell

cent

centigrade

centimeter

centre

central

century

ceremony

certain

certainly

certificate

chain

chair

chairman

chalk

challenge

challenging

champion

chance

changeable

channel

chant

chaos

chapter

character

characteristic

characterize

charge

charm

charming

chart

chat

cheep

cheaply

cheat

check

cheek

cheer

cheerful

cheers

cheese

chef

chemical

chemist

chemistry

check

chew

chicken

chief

child

children

childhood

chimney

china

chocolate

choice

choir

choke

choose

chopstick

chorus

Christian

Christmas

church

cigar

cigarette

cinema

circle

circuit

circulate

circumstance

circus

citizen

city

civil

civilian

civilization

claim

clap

clarify

class

classic

classical

classification

classify

classmate

classroom

claw

clay

clean

cleaner

clear

clearly

clerk

clever

cleverness

click

client

climate

climb

clinic

clock

clone

close

cloth

cloths

clothing

cloud

cloudless

cloudy

club

clue

clumsy

coach

coal

coast

coat

cock

cocoa

coffee

coin

coincidence

coke

cold

coldly

coldness

cold-blooded

collapse

collar

colleague

collect

collection

collective

college

collide

collision

comb

combine

come

comedy

comfort

comfortable

comfortably

command

commander

comment

commerce

commercial

commit

commitment

committee

common

communicate

communication

communism

communist

community

companion

company

comparable

comparative

compare

compass

compensate

compete

competence

competition

competitor

complain

complaint

complete

completely

complex

complicated

component

compose

composition

comprehension

compromise

compulsory

compute

computer

comrade

concentrate

concentration

concept

concern

concerning

conclude

conclusion

concrete

condemn

condition

conduct

conductor

conference

confidence

confident

confidential

confirm

conflict

confuse

confusion

congratulate

congratulation

connect

connection

connected

connection

connective

conquer

conscience

conscious

consciousness

consensus

consequence

conservative

consider

considerable

considerate

consideration

consist

consistent

constantly

constitution

construct

construction

consult

consulate

consume

consumer

contact

contain

container

contemporary

content

contentment

contest

continent

continue

continuous

contract

contradict

contradictory

contrary

contrast

contribute

contribution

control

controversial

convenience

convenient

conventional

convey

convince

cook

cooker

cookie

cooperate

copier

copy

cordless

cord

corn

corner

corporation

correct

correction

correspond

corrupt

cost

costly

cosy

cottage

cotton

cough

could

count

countable

counter

countless

country

countryside

couple

courage

course

court

courtyard

cousin

cover

cow

coward

craft

crane

crash

crawl

crayon

crazy

cream

create

creation

creative

creature

credit

crew

crime

criminal

crisp

criterion

critic

critical

criticism

criticize

crop

cross

crossing

crossroad

crowd

cruel

cruelly

crush

cry

cube

cubic

cuisine

cultivate

cultural

culture

cup

cupboard

cure

curiosity

curious

curiously

currency

curriculum

curse

curtain

cushion

custom

customer

cut

cycle

cyclist

D

dad

daily

dam

damage

damn

damp

dance

dancer

danger

dangerous

dangerously

dare

dark

darkness

darling

dash

database

date

daughter

dawn

day

daylight

daytime

dead

deadline

deadly

deaf

deafen

deal

dear

death

debate

debt

decade

decide

decision

decisive

declare

decline

decorate

decoration

decrease

deed

deep

deepen

deer

defeat

defense

defence

defend

define

definition

definite

definitely

degree

delay

delete

deliberate

deliberately

delicate

delicious

delight

delighted

delightful

deliver

demand

demonstrate

dentist

deny

department

departure

depend

dependence

dependent

deposit

depress

depth

describe

description

desert

deserve

design

designer

desire

desk

despair

desperate

dessert

destination

destroy

destruction

detail

detect

detective

determination

determine

determined

develop

development

devote

devotion

diagram

dial

dialogue

diamond

diary

dictation

dictionary

die

diet

differ

difference

different

difficult

differently

difficulty

dig

digest

digital

digital

dignity

dilemma

diligence

diligent

diligently

dim

dimension

dine

dinner

dinosaur

dioxide

dip

diploma

direct

direction

directly

director

directory

dirt

dirty

disability

disabled

disadvantage

disagree

disagreement

disappear

disappearance

disappoint

disappointed

disappointing

disappointment

disaster

discharge

discount

discourage

discouraged

discouraging

discover

discoverer

discovery

discrimination

discuss

discussion

disease

disgusting

dish

disk

dislike

dismiss

disobey

disorder

display

distance

distant

distinct

distinguish

district

disturbing

dive

diverse

divide

division

divorce

dizzy

do

doctor

document

dog

dollar

domestic

donate

donation

donkey

door

doorbell

doorway

dormitory

dot

double

doubt

down

downhill

download

downstairs

downtown

downward

dozen

draft

drag

drama

dramatic

draw

drawback

drawer

drawing

dream

dreamer

dress

drill

drink

drinker

drive

driver

drop

drug

drum

drunk

dry

duck

due

dumb

dump

dumpling

duration

during

dusk

dust

dustbin

dusty

duty

dye

dying

dynamic

dynasty

E

each

eager

eagerly

eagerness

eagle

ear

early

earn

earnest

earnings

earth

earthquake

ease

easily

east

Easter

eastern

easy

easygoing

eat

echo

ecology

economy

edge

edit

edition

editor

editorial

educate

education

educational

educator

effect

effort

egg

eggplant

either

elder

elect

electric

electrical

electricity

electronic

elegant

elephant

else

elsewhere

e-mail

embarrass

embassy

emergency

emperor

emphasis

emphasize

employ

employee

employer

employment

empty

encourage

encouragement

end

ending

endless

enemy

energetic

energetic

energetically

energy

engage

engagement

engineer

English

Englishman

enjoy

enjoyable

enjoyably

enjoyment

enlarge

enough

enquiry

enter

entertain

entertainment

enthusiastic

entire

entirely

entirety

entrance

entry

envelope

environment

envy

equal

equally

equality

equip

equipment

era

eraser

error

erupt

escape

especially

essay

establish

establishment

Europe

European

evaluate

eve

even

evening

event

eventual

eventually

ever

every

everybody

everyday

everything

everywhere

evidence

evident

evidently

evil

evolution

exact

exactly

examination

examine

example

excellent

excellently

except

exception

exchange

excite

excitement

excited

exciting

excuse

exercise

exhibit

exhibition

exist

existence

exit

expand

expect

expectation

expedition

expense

expensive

experience

experienced

experiment

experimental

expert

explain

explanation

explicit

explode

explore

explorer

explosion

explosive

export

expose

exposure

express

expression

extension

extra

extraordinary

extreme

extremely

eye

eyesight

F

face

facial

fact

factory

fade

fail

failure

fair

fairly

fairness

faith

faithful

fall

false

familiar

family

famous

fan

fancy

fantastic

fantasy

fare

farm

farmer

farming

farmland

farther

farthest

fascinate

fascinating

fashion

fashionable

fast

fasten

fat

father

fault

favor

favorable

favorite

fax

fear

fearful

fearless

feather

feature

federal

federation

deed

feel

feeling

fellow

female

fence

ferry

festival

fetch

fever

few

fiber

fiction

field

fierce

fiercely

fight

fighter

figure

file

fill

final

finance

financial

find

finding

fine

finger

fingernail

finish

fire

firefighter

fireplace

firewood

firework

firm

firmly

first

fish

fisherman

fist

fisted

fit

fitting

fixture

flag

flame

flaming

flash

flashlight

flat

flea

flee

flesh

flexible

flight

float

flood

floor

flour

floury

flow

flower

flu

fluency

fluent

fly

focus

fog

foggy

fold

folk

follow

following

fond

fool

foolish

foolishly

foot

football

for

forbid

force

forecast

forehead

foreign

foreigner

foresee

forest

forget

forgetful

forgive

fork

form

formal

format

formation

former

formerly

fortnight

fortunate

fortunately

fortune

forward

found

fountain

fox

fragile

fragrant

framework

franc

free

freedom

freely

freeway

freeze

freezing

frequent

frequently

fresh

freshly

friction

fridge

friend

friendly

friendship

frighten

frightened

frog

from

front

frontier

frost

fruit

fry

fuel

full

fully

fun

fundamental

funeral

funny

fur

furnished

furniture

furthermore

furthest

future

G

gain

gallery

gallon

game

garage

garbage

garden

gardener

gardening

garlic

garment

gas

gate

gather

gay

general

generally

generation

generous

gentle

gentleman

gently

geography

geometry

gesture

get

giant

gift

gifted

giraffe

girl

girlfriend

give

given

glad

glare

glass

global

globe

glorious

glory

glove

glow

glue

go

goal

god

gold

golden

golf

good

goodness

goods

goose

govern

government

gradual

gradually

graduation

grain

gram

grammar

grammatical

grand

grandchild

granddaughter

grandpa

grandma

grandparent

grandson

granny

grant

grape

graph

grasp

grass

grassland

grateful

gravity

great

greatly

greedy

green

greengrocer

greet

greeting

grey

gray

grill

grocer

grocery

ground

group

grow

guarantee

guard

guess

guest

guide

guilty

guitar

gun

guy

gym

gymnast

gymnastics

H

habit

hair

haircut

half

hall

ham

hamburger

hammer

hand

handbag

handful

handkerchief

handle

handshake

handsome

handstand

handwriting

handy

hang

happen

happening

happiness

happy

happily

hard

harden

hardness

hardly

hardship

hardworking

harm

harmful

harmless

harmony

harvest

hat

hatch

hateful

hatred

have

he

head

headache

headline

headmaster

headmistress

headquarters

heal

health

healthy

hear

hearing

heart

hearty

heat

heated

heaven

heavy

heavily

heel

height

height

helicopter

hell

hello

helmet

help

helpful

hen

her

herb

here

hero

heroine

heroic

hers

herself

hesitate

hi

hesitation

hibernation

hide

high

highway

hill

hillside

hilly

him

himself

hire

his

history

history

historic

historical

hit

hobby

hold

hole

holiday

holy

home

homeland

homeless

hometown

honest

honestly

honey

hook

hope

hopeful

hopefully

hopeless

hopelessly

hopelessness

horrible

horribly

horror

horse

horseback

hospital

host

hostess

hot

hotness

hotdog

hotel

hour

housework

housing

how

however

howl

hug

huge

hugeness

human

humor

humorous

hunger

hungry

hunt

hunter

hurricane

hurry

husband

hut

hydrogen




I

ice

ice-cream

idea

ideal

identical

identity

identification

idiom

idle

ignore

ill

illegal

illness

image

imagination

imagine

imaginable

immediate

immediately

immigrant

immigration

impact

imply

implication

import

importance

important

impossible

impossibility

impress

impression

impressive

improve

improvement

inch

incident

incidental

include

income

increase

increasingly

indeed

independence

independent

indicate

individual

indoors

industrial

industrially

industrially

industry

infect

infer

inference

influence

influential

inform

information

initial

injury

injured

injure

ink

inland

inn

inner

innocence

innocent

input

insect

insert

inside

insight

insist

insistence

inspect

inspection

inspire

inspiring

instant

instead

institute

institution

instruct

instruction

insurance

insure

intelligence

intelligent

intend

intention

intentional

interest

interested

interesting

internal

international

internet

interpret

interpreter

interpretation

interrupt

interruption

interval

interview

into

introduce

introduction

invent

invention

inventor

invest

investment

investigate

incitation

invite

involve

inwards

iron

irregular

irrigate

irrigation

island

islander

itself

J

jacket

jam

jar

jaw

jazz

jean

jeep

jet

jewel

jeweler

jewelry

job

jogging

join

joke

joking

journal

joy

judge

judgment

journey

journalist

juice

jump

jungle

junior

just

justice

K

kangaroo

keen

keep

keeper

kettle

key

keyboard

kick

kid

kill

kilo

kilogram

kilometer

kind

kindly

kindergarten

kind-heated

kindness

king

kingdom

kiss

kitchen

kite

knee

knife

knock

know

knowledge

koala

L

label

laboratory

lab

labor

lack

ladder

lady

lake

lamb

lame

lamp

land

landscape

landlord

lane

language

lap

large

last

late

lately

later

latest

latter

laugh

laughter

launch

laundry

lavatory

law

lawful

lawn

lawyer

lay

layer

laziness

lazily

lazy

lead

leader

leadership

leading

leaf

league

leak

lean

leap

learn

learner

learned

learning

least

leather

leave

lecture

lecturer

left

leg

legal

lemon

lemonade

lend

length

lengthen

less

lesson

let

letter

level

liberation

liberty

librarian

library

license

lid

lie

life

lifetime

lift

light

lightly

lightening

like

likely

limit

limitable

limitation

limitless

limited

line

link

lion

lioness

lip

liquid

liquor

list

listen

listener

literary

literature

liter

little

live

lively

living

load

loaf

local

locate

location

lock

lonely

long

long-term

look

lookout

loose

lord

lorry

lose

loss

lot

loud

loudly

loudspeaker

lounge

love

lovely

low

lower

luck

luckily

lucky

luggage

lunch

lung

M

machine

machinery

mad

madly

madam

magazine

magic

magnificent

maid

mail

mailbox

main

mainland

mainly

maintain

major

majority

make

male

man

manage

management

manager

manageress

mankind

man-made

manner

manual

many

map

maple

marathon

marble

march

marcher

mark

market

marketplace

marriage

married

marry

marvelous

mask

mass

massive

master

mat

match

material

mathematics

matter

mature

maximum

may

maybe

meal

mean

meaning

means

meantime

meanwhile

measure

measurement

meat

mechanic

medial

medal

media

medical

medicine

medium

meet

meeting

melon

member

memory

mend

mental

mentally

mention

menu

merchant

merchant

merciful

mercy

merely

merry

mess

message

messy

metal

method

meter

method

microphone

microscope

microwave

mid-autumn

midday

middle

midnight

might

mild

mile

military

milk

million

millionaire

mind

mine

mineral

minibus

minimum

minister

ministry

minor

minority

minus

minute

mirror

miserable

misfortune

mislead

miss

missing

missile

mist

mistake

mistaken

misunderstand

mix

mixture

mobile

model

modern

modem

modernize

modernization

modest

mom

moment

mommy

money

monitor

monkey

month

monthly

monument

mood

mooncake

mop

moral

morally

more

moreover

morning

Moslem

mosquito

most

mother

motherland

motivation

motive

motor

motorcycle

motto

mount

mountain

mountainous

mourn

mouse

moustache

mouth

move

movement

movie

moving

much

mud

muddy

mug

multiply

murder

murderer

murmur

muscle

museum

mushroom

music

musical

musician

must

mustard

mutton

mutual

myself

mysterious

N

nail

name

namely

narrow

nation

national

nationality

nationwide

native

natural

naturally

nature

naughty

navy

near

nearby

nearly

neat

necessary

necessity

neck

necklace

need

needle

negative

neglect

negotiate

neighbor

neighborhood

neither

nephew

never

nerve

nervous

nervously

nest

net

network

never

nevertheless

new

newspaper

next

nice

nickname

niece

night

noble

nobody

nod

noise

noisily

noisiness

none

nonsmoker

nonstop

non-violent

non-white

noodle

noon

nor

normal

north

northeast

northern

northwest

nose

not

note

notebook

nothing

notice

novel

now

nowadays

nowhere

nuclear

numb

number

numerous

nurse

nursery

nut

nutrition

O

obey

object

objection

objective

observe

observation

observer

obtain

obvious

occasion

occasional

occupation

occupy

occur

occurrence

ocean

Oceania

o¡¯clock

off

offence

offend

offer

office

officer

official

offshore

often

oil

oilfield

old

Olympic

once

one

oneself

onion

only

onto

open

opening

opera

operate

operation

operator

opinion

opportunity

oppose

opposite

optimistic

optional

oral

orally

orange

orbit

order

orderly

ordinary

organ

organic

organism

organization

organize

organizer

origin

original

orphan

other

otherwise

ought

ounce

our

ourselves

out

outcome

outdoor

outdoors

outer

outgoing

outing

outlet

outline

outlook

output

outside

outspoken

outstanding

outwards

oval

oven

over

overall

overcoat

overcome

overhead

overlook

overnight

overpass

oversea

overseas

overtake

overweight

owe

own

owner

ownership

ox

oxygen

P

pace

Pacific

pack

package

packet

paddle

page

pain

painful

paint

painter

painter

painting

pair

palace

pale

pan

pancake

panda

panic

paper

paperwork

paragraph

parallel

parcel

pardon

parent

park

parking

parrot

part

participate

particular

particularly

partly

partner

part-time

party

pass

passage

passenger

passer-by

passive

passport

past

patent

path

patience

patient

pattern

pause

pavement

pay

payment

peace

peaceful

peach

peak

pear

peculiar

pedestrian

pen

pence

pencil

penetrate

penguin

penniless

penny

pension

people

pepper

per

percent

percentage

perfect

perfection

perfectly

perfectly

perform

performance

performer

perfume

perhaps

period

permanent

permission

permit

person

personal

personally

personnel

persuade

persuasive

pest

pet

pester

petrol

phase

phenomenon

philosophy

philosopher

phone

photo

photograph

photographer

photography

phrase

phrasal

physical

physically

physician

physicist

physics

piano

pick

picnic

picture

pie

piece

pierce

pig

pigeon

pile

pill

pillow

pilot

pin

pine

pineapple

ping-pong

pink

pint

pioneer

pipe

pity

place

plain

plan

plane

planet

plant

plantation

plastic

plate

platform

play

player

playground

playmate

pleasant

please

pleased

pleasure

pledge

plentiful

plenty

plot

plough

plug

plus

pocket

poem

poet

point

poison

poisonous

pole

police

policeman

policy

polish

polite

politeness

political

politics

politician

pollute

pollution

pond

pool

poor

poorly

pop

popcorn

popular

popularity

population

pork

porridge

port

portable

porter

position

positive

possess

possession

possible

possibility

possibly

post

postage

postcard

postcode

poster

postman

postpone

pot

potato

potential

pound

pour

powder

power

powerful

practical

practically

practice

praise

pray

prayer

precaution

precious

precise

predict

preface

prefer

preference

pregnant

prejudice

premier

preparation

prepare

prescription

presence

present

presently

preserve

president

press

pressure

pretend

prettily

pretty

prevent

prevention

preview

previous

price

priceless

pride

primary

primitive

principal

principle

print

printer

printing

prior

priority

prison

prisoner

private

privately

privilege

prize

probability

probable

probably

problem

procedure

process

procession

processor

produce

producer

production

profession

professional

professor

profit

progress

progressive

prohibit

project

promise

promising

promote

promotion

pronounce

pronunciation

proof

proper

properly

proportion

proportional

proposal

propose

prospect

prosperity

prospective

prosperous

protect

protection

protest

proud

prove

provide

province

provincial

psychology

psychological

psychologist

pub

public

publicly

publish

publisher

pull

pulse

pump

punctual

punctuation

punish

punishment

pupil

purchase

pure

purely

purple

purpose

purposeful

purposely

purse

push

put

puzzle

puzzling

pyramid

Q

quake

qualification

quality

qualify

quantity

quarter

queen

question

queen

question

questionnaire

queue

quick

quickly

quite

quilt

quit

quite

quiz

quotation

quote

R

rabbit

race

racial

radiation

radio

radioactive

radioactive

radium

rag

rail

railway

rain

rainbow

raincoat

rainfall

rainy

raise

random

range

rank

rapid

rare

rarely

rat

rate

rather

raw

ray

razor

reach

react

reaction

read

reading

ready

real

realistic

reality

realization

realize

really

reason

reasonable

reasonably

rebel

rebuilt

recall

receipt

receive

receiver

recent

recently

reception

receptionist

recipe

recitation

recognize

recognition

recommend

recommendation

record

record

recover

recovery

recreation

rectangle

recycle

red

redirect

redirection

reduce

reduction

reel

refer

referee

reference

reflect

reflection

reform

refresh

refrigerator

refusal

refuse

regard

regardless

region

register

regret

regular

regularly

regulate

regulation

reject

rejection

relate

relation

relationship

relative

relax

relay

relevant

reliable

relief

religion

religious

rely

remain

remark

remember

remind

remote

removal

remove

renew

rent

repair

repay

repeat

repeated

repetition

replace

reply

report

reporter

represent

representation

representative

republic

reputation

require

requirement

rescue

research

researcher

resemble

reservation

reserve

resign

resist

resistance

resource

respect

respond

response

responsibility

responsible

rest

restaurant

restrict

restriction

restrictive

result

resume

retire

return

reuse

reveal

review

reviewer

revision

revolution

revolutionary

reward

rewind

rewrite

rhyme

rice

rich

richly

richness

rid

riddle

ride

rider

ridiculous

right

rightful

right-handed

rigid

ring

ripe

ripen

rise

river

risk

road

roadside

roar

roast

robber

robbery

robot

rock

rocket

role

roll

roller

romance

romantic

roof

room

roomy

rooster

root

rose

rosy

rot

rotten

rough

round

routine

roundabout

row

royal

rub

rubber

rubbish

rude

rudely

rugby

ruin

rule

ruler

run

running

rural

rush

S

sacred

sacrifice

sad

sadly

sadness

safe

safely

safety

sail

sailing

sailor

sake

salad

salary

sale

salesgirl

salesman

saleswoman

salute

same

sand

sandy

sandwich

satellite

satisfaction

satisfactorily

satisfactory

satisfy

sauce

saucer

sausage

save

saving

saw

say

saying

scan

scandal

scar

scarce

scarcely

scare

scarf

scene

scenery

schedule

scheme

scholar

scholarship

school

schoolbag

schoolboy

schoolgirl

schooling

schoolmaster

schoolmate

science

scientific

scientist

scissors

scold

score

scrape

scratch

scream

screen

screw

sculpture

sea

seagull

seal

seaman

seamanship

search

seashell

seaside

season

seat

seaweed

second

second-hand

secondly

secret

secretly

secretary

section

secure

security

see

seed

seek

seem

segment

seize

seizure

seldom

select

selection

self

selfish

selfishly

selfishness

sell

seller

semicircle

semiconductor

seminar

send

senior

sense

senseless

sensible

sensitive

sentence

separate

separately

separation

series

serious

seriousness

servant

service

session

set

setting

settle

settlement

settler

several

severe

sew

sex

sexual

shabby

shade

shadow

shadowy

shady

shake

shall

shallow

shame

shameful

shameless

shape

share

shark

sharp

sharpen

sharpener

shave

shaver

she

shed

sheep

sheet

shelf

shell

shelter

shine

shirt

shine

ship

shock

shop

shoot

shooting

shop

shopkeeper

shopper

shopping

shore

short

shortage

shortcoming

shorten

shortly

shorts

shot

should

shoulder

shout

show

shower

shrink

shut

shuttle

shy

shyly

sick

sickness

side

sideway

sideways

sigh

sight

sightseeing

sign

signal

signature

significance

significant

silence

silently

silk

silky

silly

silver

similar

similarity

similarly

simple

simple-minded

simplify

simply

sincere

sincerely

sincerity

sing

singer

singular

sink

sir

sister

sit

site

situation

size

skate

skateboard

ski

skilful

skill

skilled

skin

skip

skirt

sky

skyscraper

slave

slavery

sleep

sleeve

slender

slice

slide

slight

slightly

slim

slip

slipper

slow

slowly

small

smart

smell

smelly

smile

smog

smoke

smoke-free

smoker

smoking

smooth

smoothly

snake

sneaker

sneeze

snow

snowy

so

soap

sob

soccer

social

socialism

socialist

society

sock

socket

sofa

soft

soften

softly

software

soil

solar

soldier

solid

solution

solve

some

somebody

someone

something

sometimes

somewhat

somewhere

son

song

soon

sorrow

sorrowful

sorry

sort

soul

sound

soup

sour

south

southeast

southern

southerner

southwest

souvenir

sow

space

spacecraft

spaceship

spade

spare

sparrow

speak

speaker

spear

special

specialist

specialize

specific

specifically

speech

speed

spell

spelling

spend

spin

spirit

spiritual

spit

splendid

split

spoil

spoken

spokesman

spokeswoman

sponsor

spoon

spoonful

sport

sportsman

spot

spray

spread

spring

spy

square

squeeze

squirrel

stable

stadium

staff

stage

stain

stainless

stair

stamp

stand

standard

standpoint

stare

start

starvation

starve

state

statement

statesman

stateswoman

station

statistics

status

stay

steady

steadily

steak

steal

steam

steamer

steel

steep

stem

step

steward

stewardess

stick

sticky

stiff

still

stillness

stocking

stomach

stone

stony

stop

storage

store

storey

storm

stormy

story

stout

stove

straight

straighten

straightforward

strait

strange

strategy

straw

strawberry

stream

street

streetcar

strength

strengthen

stress

stretch

strict

strictly

strike

striker

string

strong

strongly

structural

structure

struggle

stubborn

student

studio

study

stupid

stupidly

style

subject

subjective

submit

subscribe

substitute

suburb

subway

success

succeed

successful

successfully

successor

such

suck

sudden

suddenly

suffer

suffering

sugar

suggest

suggestion

suit

suitable

suitcase

suite

sum

summary

summarize

summer

sunglasses

sunlight

sunny

sunrise

sunset

sunshine

super

superb

superior

supermarket

supper

supply

support

supporter

suppose

supreme

sure

surely

surface

surgeon

surplus

surprise

surprisingly

surround

surrounding

survey

survival

suspect

suspension

swallow

swear

sweat

sweater

sweep

sweet

sweetly

swell

swift

swim

swimming

swing

switch

sword

symbol

sympathetic

sympathize

sympathy

symphony

symptom

system

systematic

T

table

tablet

tail

tailor

take

talk

talker

talking

tall

tank

tap

tape

target

task

taste

tasteless

tasty

tax

taxi

taxpayer

tea

teach

teaching

teacher

team

teamwork

teapot

tear

tease

technical

technician

technically

technique

technology

teenager

telegram

telegraph

telephone

telescope

television

tell

teller

temperature

temple

temporary

ten

tend

tendency

tender

tennis

tense

tension

tent

tentative

term

terminal

terrible

terribly

terrify

territory

terror

terrorism

test

text

textbook

than

thank

thankful

thankfully

that

the

theatre

theft

their

theirs

them

themselves

then

theoretical

theory

there

therefore

thermos

these

thick

thicken

thickness

thief

thin

think

thinker

thinking

thirst

thirsty

this

thorough

those

though

thought

thoughtful

thousand

thread

threat

threaten

thrill

thriller

throat

through

throughout

throw

thrower

thunder

thunderstorm

thus

Tibet

Tibetan

tick

ticket

tidy

tie

tiger

tight

tightly

till

timber

time

timetable

tin

tiny

tip

tire

tired

tiresome

tiring

tissue

title

to

toast

tobacco

today

toe

together

toilet

tolerate

tomato

tomb

tomorrow

ton

tone

tongue

tonight

too

tool

tooth

toothache

toothbrush

toothpaste

topic

torch

tortoise

total

totally

tough

touch

toughly

toughen

tour

tourism

tourist

tournament

towards

towel

tower

town

toy

track

tractor

trade

tradition

traditional

traffic

tragedy

train

trainer

tram

transform

translate

translation

translator

transmit

transparent

transport

transportation

trap

travel

traveler

treasure

treat

treatment

tree

tremble

trend

trial

triangle

trick

trip

trolleybus

troop

trouble

troublesome

trouser

truck

true

truly

trunk

trust

trustful

truthful

try

tube

tune

tunnel

turkey

turn

turning

tutor

twice

twin

twist

type

typewriter

typhoon

typical

typist

tire

U

ugly

ultimate

umbrella

unable

unbearable

unbelievable

uncertain

uncertainty

uncle

uncomfortable

unconditional

unconscious

uncover

under

undergo

underground

underline

understand

understandable

understanding

undertake

underwater

underwear

undo

undoubtedly

uneasy

unemployment

unexpected

unfair

unfairly

unfairness

unfit

unfortunate

unfortunately

unhappy

uniform

union

unique

unit

unite

united

unity

universal

universe

university

unknown

unless

unlikely

unlike

unnecessary

unpleasant

unrest

unsold

unsuccessful

until

unusual

unusually

unwilling

up

update

upon

upper

upright

upset

upstairs

up-to-date

upwards

urban

urge

urgent

us

use

used

useful

useless

user

usual

usually

utmost

utter

V

vacant

vacation

vague

vain

valid

valley

valuable

value

valueless

vanish

vapor

variation

variety

various

variously

vary

vase

vast

vegetable

vehicle

venture

verb

version

vertical

very

vessel

vest

veteran

via

vice

victim

victory

victorious

video

videophone

view

viewer

viewpoint

vigorous

vigorously

village

villager

vinegar

violate

violence

violent

violently

violin

violinist

virtue

virus

visa

visible

vision

visit

visitor

visual

vital

vitamin

vivid

vocabulary

vocation

vocational

voice

volcano

volleyball

volume

voluntary

volunteer

vote

voter

voyage

W

wag

wage

wagon

waist

wait

waiter

waiting-room

waitress

wake

waken

walk

wall

wallet

walnut

wander

wanderer

want

war

ward

warehouse

warm

warmly

warmth

warm-blooded

warn

warning

warship

wartime

wash

washing

washroom

waste

watch

water

waterfall

watermelon

waterproof

wave

wax

way

we

weak

weakly

weaken

weakness

wealth

weapon

wear

weather

weatherman

weave

weaver

web

website

wedding

weed

week

weekday

weekend

weekly

weep

weigh

weight

weighty

welcome

welfare

well

well-known

west

western

westerner

westward

wet

whale

what

whatever

wheat

wheel

when

whenever

where

wherever

whether

which

whichever

while

whip

whisper

whistle

white

who

whoever

whole

whom

whose

why

wide

widely

widen

widespread

widow

width

wife

wild

wildlife

will

willing

willingly

willingness

win

wind

window

windy

wine

wing

winner

winter

wipe

wire

wisdom

wise

wisely

wish

wishful

wit

with

withdraw

within

without

witness

wolf

woman

wonder

wonderful

wood

wooden

wool

woolen

word

work

worker

workshop

world

worldwide

worm

wormy

worn

worried

worry

worse

worth

worthless

worthwhile

worthy

would

wound

wrap

wreck

wrestling

wrinkle

wrist

write

writer

writing

wrong

wrongly

X

x-ray

Y

yard

yawn

year

yearly

yell

yellow

yesterday

yes

yet

yield

yoghurt

you

young

your

yours

yourself

yourselves

youth

Z

zebra

zero

zip

zipper

zone

zoo

zoom


